modeller	init: opened records filerecords004.rec
model074	induce summary	slice: 0	diagonal: 24.0789	fud cardinality: 1	model cardinality: 19	fuds per threshold: 1
model074	induce summary	slice: 131076	diagonal: 25.5552	fud cardinality: 2	model cardinality: 39	fuds per threshold: 0.842105
model074	induce summary	slice: 131077	diagonal: 33.0397	fud cardinality: 3	model cardinality: 71	fuds per threshold: 1.14286
model074	induce summary	slice: 131086	diagonal: 30.3324	fud cardinality: 4	model cardinality: 101	fuds per threshold: 0.941176
model074	induce summary	slice: 131096	diagonal: 34.7753	fud cardinality: 5	model cardinality: 134	fuds per threshold: 0.930233
model074	induce summary	slice: 131095	diagonal: 22.8457	fud cardinality: 6	model cardinality: 149	fuds per threshold: 1.06667
model074	induce summary	slice: 131092	diagonal: 36.195	fud cardinality: 7	model cardinality: 171	fuds per threshold: 1.0566
model074	induce summary	slice: 131098	diagonal: 22.6737	fud cardinality: 8	model cardinality: 194	fuds per threshold: 0.888889
model074	induce summary	slice: 131103	diagonal: 34.7937	fud cardinality: 9	model cardinality: 228	fuds per threshold: 0.9
model074	induce summary	slice: 131105	diagonal: 18.8313	fud cardinality: 10	model cardinality: 245	fuds per threshold: 0.941176
model074	induce summary	slice: 131123	diagonal: 30.7404	fud cardinality: 11	model cardinality: 266	fuds per threshold: 0.977778
model074	induce summary	slice: 131108	diagonal: 36.2548	fud cardinality: 12	model cardinality: 292	fuds per threshold: 0.932039
model074	induce summary	slice: 131133	diagonal: 34.0163	fud cardinality: 13	model cardinality: 330	fuds per threshold: 0.896552
model074	induce summary	slice: 131110	diagonal: 27.6248	fud cardinality: 14	model cardinality: 354	fuds per threshold: 0.933333
model074	induce summary	slice: 131121	diagonal: 36.0926	fud cardinality: 15	model cardinality: 370	fuds per threshold: 0.909091
model074	induce summary	slice: 131145	diagonal: 27.6382	fud cardinality: 16	model cardinality: 418	fuds per threshold: 0.948148
model074	induce summary	slice: 131119	diagonal: 27.9997	fud cardinality: 17	model cardinality: 440	fuds per threshold: 0.992701
model074	induce summary	slice: 131135	diagonal: 24.3792	fud cardinality: 18	model cardinality: 456	fuds per threshold: 1.03597
model074	induce summary	slice: 131148	diagonal: 32.0393	fud cardinality: 19	model cardinality: 486	fuds per threshold: 0.938272
model074	induce summary	slice: 131153	diagonal: 33.4478	fud cardinality: 20	model cardinality: 506	fuds per threshold: 0.879121
model074	induce summary	slice: 131151	diagonal: 27.1091	fud cardinality: 21	model cardinality: 544	fuds per threshold: 0.898396
model074	induce summary	slice: 131079	diagonal: 24.9537	fud cardinality: 22	model cardinality: 559	fuds per threshold: 0.916667
model074	induce summary	slice: 131137	diagonal: 25.4502	fud cardinality: 23	model cardinality: 586	fuds per threshold: 0.910891
model074	induce summary	slice: 131158	diagonal: 20.7312	fud cardinality: 24	model cardinality: 605	fuds per threshold: 0.831169
model074	induce summary	slice: 131089	diagonal: 21.0612	fud cardinality: 25	model cardinality: 621	fuds per threshold: 0.865801
model074	induce summary	slice: 131126	diagonal: 25.6282	fud cardinality: 26	model cardinality: 638	fuds per threshold: 0.888889
model074	induce summary	slice: 131177	diagonal: 18.1102	fud cardinality: 27	model cardinality: 652	fuds per threshold: 0.881633
model074	induce summary	slice: 131154	diagonal: 30.0133	fud cardinality: 28	model cardinality: 678	fuds per threshold: 0.848485
model074	induce summary	slice: 131156	diagonal: 21.7022	fud cardinality: 29	model cardinality: 693	fuds per threshold: 0.84058
model074	induce summary	slice: 131188	diagonal: 25.9149	fud cardinality: 30	model cardinality: 713	fuds per threshold: 0.857143
model074	induce summary	slice: 131169	diagonal: 28.0784	fud cardinality: 31	model cardinality: 738	fuds per threshold: 0.882562
model074	induce summary	slice: 131168	diagonal: 33.4162	fud cardinality: 32	model cardinality: 762	fuds per threshold: 0.861953
model074	induce summary	slice: 131162	diagonal: 27.6138	fud cardinality: 33	model cardinality: 789	fuds per threshold: 0.888889
model074	induce summary	slice: 131224	diagonal: 18.7563	fud cardinality: 34	model cardinality: 815	fuds per threshold: 0.89769
model074	induce summary	slice: 131175	diagonal: 26.5903	fud cardinality: 35	model cardinality: 851	fuds per threshold: 0.924092
model074	induce summary	slice: 131193	diagonal: 38.0402	fud cardinality: 36	model cardinality: 875	fuds per threshold: 0.935065
model074	induce summary	slice: 131171	diagonal: 21.0336	fud cardinality: 37	model cardinality: 898	fuds per threshold: 0.933754
model074	induce summary	slice: 131203	diagonal: 13.8694	fud cardinality: 38	model cardinality: 922	fuds per threshold: 0.938272
model074	induce summary	slice: 131074	diagonal: 27.3297	fud cardinality: 39	model cardinality: 938	fuds per threshold: 0.925816
model074	induce summary	slice: 131215	diagonal: 29.3972	fud cardinality: 40	model cardinality: 963	fuds per threshold: 0.911681
model074	induce summary	slice: 131072	diagonal: 31.2673	fud cardinality: 41	model cardinality: 976	fuds per threshold: 0.926554
model074	induce summary	slice: 131082	diagonal: 29.9942	fud cardinality: 42	model cardinality: 1012	fuds per threshold: 0.933333
model074	induce summary	slice: 131181	diagonal: 21.803	fud cardinality: 43	model cardinality: 1054	fuds per threshold: 0.942466
model074	induce summary	slice: 131075	diagonal: 26.0277	fud cardinality: 44	model cardinality: 1077	fuds per threshold: 0.959128
model074	induce summary	slice: 131097	diagonal: 19.9725	fud cardinality: 45	model cardinality: 1095	fuds per threshold: 0.918367
model074	induce summary	slice: 131078	diagonal: 24.6623	fud cardinality: 46	model cardinality: 1119	fuds per threshold: 0.92
model074	induce summary	slice: 131142	diagonal: 19.7755	fud cardinality: 47	model cardinality: 1137	fuds per threshold: 0.890995
model074	induce summary	slice: 131198	diagonal: 33.3612	fud cardinality: 48	model cardinality: 1177	fuds per threshold: 0.897196
model074	induce summary	slice: 131183	diagonal: 31.1517	fud cardinality: 49	model cardinality: 1206	fuds per threshold: 0.867257
model074	induce summary	slice: 131196	diagonal: 22.4315	fud cardinality: 50	model cardinality: 1221	fuds per threshold: 0.869565
model074	induce summary	slice: 131221	diagonal: 30.2051	fud cardinality: 51	model cardinality: 1246	fuds per threshold: 0.858947
model074	induce summary	slice: 131270	diagonal: 27.1811	fud cardinality: 52	model cardinality: 1263	fuds per threshold: 0.872117
model074	induce summary	slice: 131262	diagonal: 27.2191	fud cardinality: 53	model cardinality: 1286	fuds per threshold: 0.877847
model074	induce summary	slice: 131281	diagonal: 24.1477	fud cardinality: 54	model cardinality: 1300	fuds per threshold: 0.876268
model074	induce summary	slice: 131338	diagonal: 25.2593	fud cardinality: 55	model cardinality: 1322	fuds per threshold: 0.890688
model074	induce summary	slice: 131117	diagonal: 29.8607	fud cardinality: 56	model cardinality: 1337	fuds per threshold: 0.896
model074	induce summary	slice: 131390	diagonal: 12.4444	fud cardinality: 57	model cardinality: 1382	fuds per threshold: 0.901186
model074	induce summary	slice: 131371	diagonal: 27.3798	fud cardinality: 58	model cardinality: 1399	fuds per threshold: 0.916996
model074	induce summary	slice: 131234	diagonal: 28.6741	fud cardinality: 59	model cardinality: 1426	fuds per threshold: 0.920078
model074	induce summary	slice: 131164	diagonal: 20.2233	fud cardinality: 60	model cardinality: 1443	fuds per threshold: 0.930233
model074	induce summary	slice: 131204	diagonal: 21.4318	fud cardinality: 61	model cardinality: 1474	fuds per threshold: 0.94027
model074	induce summary	slice: 131300	diagonal: 21.1419	fud cardinality: 62	model cardinality: 1493	fuds per threshold: 0.950192
model074	induce summary	slice: 131392	diagonal: 29.738	fud cardinality: 63	model cardinality: 1532	fuds per threshold: 0.926471
model074	induce summary	slice: 131267	diagonal: 28.1998	fud cardinality: 64	model cardinality: 1552	fuds per threshold: 0.93945
model074	induce summary	slice: 131329	diagonal: 12.7431	fud cardinality: 65	model cardinality: 1581	fuds per threshold: 0.952381
model074	induce summary	slice: 131083	diagonal: 22.0155	fud cardinality: 66	model cardinality: 1599	fuds per threshold: 0.961749
model074	induce summary	slice: 131298	diagonal: 25.4905	fud cardinality: 67	model cardinality: 1614	fuds per threshold: 0.958855
model074	induce summary	slice: 131244	diagonal: 30.1315	fud cardinality: 68	model cardinality: 1641	fuds per threshold: 0.962832
model074	induce summary	slice: 131308	diagonal: 20.1493	fud cardinality: 69	model cardinality: 1654	fuds per threshold: 0.975265
model074	induce summary	slice: 131424	diagonal: 21.1049	fud cardinality: 70	model cardinality: 1672	fuds per threshold: 0.97561
model074	induce summary	slice: 131266	diagonal: 30.3305	fud cardinality: 71	model cardinality: 1691	fuds per threshold: 0.969283
model074	induce summary	slice: 131104	diagonal: 27.3569	fud cardinality: 72	model cardinality: 1713	fuds per threshold: 0.964824
model074	induce summary	slice: 131331	diagonal: 20.8515	fud cardinality: 73	model cardinality: 1724	fuds per threshold: 0.966887
model074	induce summary	slice: 131222	diagonal: 30.6935	fud cardinality: 74	model cardinality: 1746	fuds per threshold: 0.939683
model074	induce summary	slice: 131290	diagonal: 27.1188	fud cardinality: 75	model cardinality: 1767	fuds per threshold: 0.890208
model074	induce summary	slice: 131206	diagonal: 32.7431	fud cardinality: 76	model cardinality: 1799	fuds per threshold: 0.896755
model074	induce summary	slice: 131332	diagonal: 23.0514	fud cardinality: 77	model cardinality: 1818	fuds per threshold: 0.891462
model074	induce summary	slice: 131303	diagonal: 21.7218	fud cardinality: 78	model cardinality: 1847	fuds per threshold: 0.866667
model074	induce summary	slice: 131495	diagonal: 25.2955	fud cardinality: 79	model cardinality: 1870	fuds per threshold: 0.877778
model074	induce summary	slice: 131463	diagonal: 23.2185	fud cardinality: 80	model cardinality: 1894	fuds per threshold: 0.883978
model074	induce summary	slice: 131355	diagonal: 27.5847	fud cardinality: 81	model cardinality: 1910	fuds per threshold: 0.882834
model074	induce summary	slice: 131471	diagonal: 25.7193	fud cardinality: 82	model cardinality: 1934	fuds per threshold: 0.893733
model074	induce summary	slice: 131364	diagonal: 29.059	fud cardinality: 83	model cardinality: 1965	fuds per threshold: 0.898512
model074	induce summary	slice: 131437	diagonal: 31.1789	fud cardinality: 84	model cardinality: 1982	fuds per threshold: 0.88189
model074	induce summary	slice: 131485	diagonal: 28.9912	fud cardinality: 85	model cardinality: 2022	fuds per threshold: 0.885417
model074	induce summary	slice: 131073	diagonal: 26.0212	fud cardinality: 86	model cardinality: 2046	fuds per threshold: 0.895833
model074	induce summary	slice: 131354	diagonal: 22.4136	fud cardinality: 87	model cardinality: 2063	fuds per threshold: 0.898065
model074	induce summary	slice: 131376	diagonal: 32.5598	fud cardinality: 88	model cardinality: 2088	fuds per threshold: 0.897959
model074	induce summary	slice: 131241	diagonal: 19.577	fud cardinality: 89	model cardinality: 2109	fuds per threshold: 0.892231
model074	induce summary	slice: 131324	diagonal: 31.3864	fud cardinality: 90	model cardinality: 2136	fuds per threshold: 0.8867
model074	induce summary	slice: 131557	diagonal: 17.012	fud cardinality: 91	model cardinality: 2153	fuds per threshold: 0.888889
model074	induce summary	slice: 131288	diagonal: 27.059	fud cardinality: 92	model cardinality: 2180	fuds per threshold: 0.871006
model074	induce summary	slice: 131696	diagonal: 18.4075	fud cardinality: 93	model cardinality: 2223	fuds per threshold: 0.856157
model074	induce summary	slice: 131511	diagonal: 31.2833	fud cardinality: 94	model cardinality: 2250	fuds per threshold: 0.864368
model074	induce summary	slice: 131311	diagonal: 37.9501	fud cardinality: 95	model cardinality: 2291	fuds per threshold: 0.862656
model074	induce summary	slice: 131415	diagonal: 28.1	fud cardinality: 96	model cardinality: 2329	fuds per threshold: 0.869762
model074	induce summary	slice: 131638	diagonal: 32.4894	fud cardinality: 97	model cardinality: 2347	fuds per threshold: 0.864143
model074	induce summary	slice: 131088	diagonal: 28.9918	fud cardinality: 98	model cardinality: 2382	fuds per threshold: 0.870144
model074	induce summary	slice: 131259	diagonal: 34.7686	fud cardinality: 99	model cardinality: 2396	fuds per threshold: 0.877076
model074	induce summary	slice: 131368	diagonal: 35.3483	fud cardinality: 100	model cardinality: 2425	fuds per threshold: 0.863931
model074	induce summary	slice: 131255	diagonal: 24.9709	fud cardinality: 101	model cardinality: 2443	fuds per threshold: 0.837306
model074	induce summary	slice: 131622	diagonal: 23.8311	fud cardinality: 102	model cardinality: 2462	fuds per threshold: 0.839506
model074	induce summary	slice: 131094	diagonal: 34.2528	fud cardinality: 103	model cardinality: 2490	fuds per threshold: 0.834853
model074	induce summary	slice: 131451	diagonal: 28.4897	fud cardinality: 104	model cardinality: 2525	fuds per threshold: 0.840404
model074	induce summary	slice: 131633	diagonal: 30.3175	fud cardinality: 105	model cardinality: 2544	fuds per threshold: 0.842528
modeller	event id: 25000	time 0.0008632s
model074	induce summary	slice: 131412	diagonal: 25.0385	fud cardinality: 106	model cardinality: 2558	fuds per threshold: 0.847153
model074	induce summary	slice: 131642	diagonal: 31.6778	fud cardinality: 107	model cardinality: 2582	fuds per threshold: 0.84252
model074	induce summary	slice: 131336	diagonal: 33.0262	fud cardinality: 108	model cardinality: 2620	fuds per threshold: 0.842927
model074	induce summary	slice: 131141	diagonal: 31.0622	fud cardinality: 109	model cardinality: 2664	fuds per threshold: 0.83605
model074	induce summary	slice: 131672	diagonal: 21.848	fud cardinality: 110	model cardinality: 2683	fuds per threshold: 0.840497
model074	induce summary	slice: 131775	diagonal: 32.7303	fud cardinality: 111	model cardinality: 2697	fuds per threshold: 0.845714
model074	induce summary	slice: 131574	diagonal: 19.6792	fud cardinality: 112	model cardinality: 2714	fuds per threshold: 0.835821
model074	induce summary	slice: 131418	diagonal: 22.1554	fud cardinality: 113	model cardinality: 2731	fuds per threshold: 0.842498
model074	induce summary	slice: 131750	diagonal: 22.5661	fud cardinality: 114	model cardinality: 2747	fuds per threshold: 0.826836
model074	induce summary	slice: 131455	diagonal: 26.5185	fud cardinality: 115	model cardinality: 2777	fuds per threshold: 0.822163
model074	induce summary	slice: 131384	diagonal: 18.8073	fud cardinality: 116	model cardinality: 2796	fuds per threshold: 0.819788
model074	induce summary	slice: 131609	diagonal: 28.9153	fud cardinality: 117	model cardinality: 2816	fuds per threshold: 0.823219
model074	induce summary	slice: 131650	diagonal: 23.8839	fud cardinality: 118	model cardinality: 2839	fuds per threshold: 0.815199
model074	induce summary	slice: 131113	diagonal: 24.3229	fud cardinality: 119	model cardinality: 2863	fuds per threshold: 0.81298
model074	induce summary	slice: 131481	diagonal: 19.6976	fud cardinality: 120	model cardinality: 2880	fuds per threshold: 0.808762
model074	induce summary	slice: 131400	diagonal: 31.7436	fud cardinality: 121	model cardinality: 2907	fuds per threshold: 0.807339
model074	induce summary	slice: 131581	diagonal: 20.0591	fud cardinality: 122	model cardinality: 2946	fuds per threshold: 0.809959
model074	induce summary	slice: 131772	diagonal: 16.8707	fud cardinality: 123	model cardinality: 2966	fuds per threshold: 0.810544
model074	induce summary	slice: 131473	diagonal: 23.2794	fud cardinality: 124	model cardinality: 2986	fuds per threshold: 0.809796
model074	induce summary	slice: 131378	diagonal: 22.5707	fud cardinality: 125	model cardinality: 3006	fuds per threshold: 0.812348
model074	induce summary	slice: 131592	diagonal: 23.3687	fud cardinality: 126	model cardinality: 3024	fuds per threshold: 0.817518
model074	induce summary	slice: 131733	diagonal: 20.6072	fud cardinality: 127	model cardinality: 3041	fuds per threshold: 0.798742
model074	induce summary	slice: 131663	diagonal: 36.0849	fud cardinality: 128	model cardinality: 3069	fuds per threshold: 0.79257
model074	induce summary	slice: 131090	diagonal: 26.8681	fud cardinality: 129	model cardinality: 3103	fuds per threshold: 0.796911
model074	induce summary	slice: 131680	diagonal: 29.4597	fud cardinality: 130	model cardinality: 3141	fuds per threshold: 0.802469
model074	induce summary	slice: 131764	diagonal: 23.7254	fud cardinality: 131	model cardinality: 3161	fuds per threshold: 0.78797
model074	induce summary	slice: 131442	diagonal: 23.9261	fud cardinality: 132	model cardinality: 3174	fuds per threshold: 0.790419
model074	induce summary	slice: 131708	diagonal: 20.7092	fud cardinality: 133	model cardinality: 3207	fuds per threshold: 0.787565
model074	induce summary	slice: 131655	diagonal: 26.638	fud cardinality: 134	model cardinality: 3232	fuds per threshold: 0.787656
model074	induce summary	slice: 131091	diagonal: 19.6911	fud cardinality: 135	model cardinality: 3255	fuds per threshold: 0.77642
model074	induce summary	slice: 131433	diagonal: 33.765	fud cardinality: 136	model cardinality: 3293	fuds per threshold: 0.766737
model074	induce summary	slice: 131698	diagonal: 25.262	fud cardinality: 137	model cardinality: 3307	fuds per threshold: 0.76217
model074	induce summary	slice: 131863	diagonal: 18.2863	fud cardinality: 138	model cardinality: 3324	fuds per threshold: 0.759807
model074	induce summary	slice: 131834	diagonal: 21.8273	fud cardinality: 139	model cardinality: 3343	fuds per threshold: 0.763736
model074	induce summary	slice: 131600	diagonal: 17.3164	fud cardinality: 140	model cardinality: 3363	fuds per threshold: 0.767649
model074	induce summary	slice: 131522	diagonal: 26.9867	fud cardinality: 141	model cardinality: 3384	fuds per threshold: 0.770492
model074	induce summary	slice: 131279	diagonal: 25.0637	fud cardinality: 142	model cardinality: 3404	fuds per threshold: 0.774369
model074	induce summary	slice: 131755	diagonal: 30.1647	fud cardinality: 143	model cardinality: 3431	fuds per threshold: 0.777702
model074	induce summary	slice: 131853	diagonal: 15.3416	fud cardinality: 144	model cardinality: 3449	fuds per threshold: 0.778378
model074	induce summary	slice: 131859	diagonal: 19.5716	fud cardinality: 145	model cardinality: 3466	fuds per threshold: 0.778523
model074	induce summary	slice: 131913	diagonal: 18.4527	fud cardinality: 146	model cardinality: 3483	fuds per threshold: 0.774023
model074	induce summary	slice: 131571	diagonal: 22.284	fud cardinality: 147	model cardinality: 3514	fuds per threshold: 0.777778
model074	induce summary	slice: 131316	diagonal: 29.5819	fud cardinality: 148	model cardinality: 3540	fuds per threshold: 0.778947
model074	induce summary	slice: 131613	diagonal: 35.4006	fud cardinality: 149	model cardinality: 3568	fuds per threshold: 0.781127
model074	induce summary	slice: 131745	diagonal: 16.6938	fud cardinality: 150	model cardinality: 3587	fuds per threshold: 0.78534
model074	induce summary	slice: 131738	diagonal: 18.3481	fud cardinality: 151	model cardinality: 3606	fuds per threshold: 0.782383
model074	induce summary	slice: 131790	diagonal: 31.1168	fud cardinality: 152	model cardinality: 3630	fuds per threshold: 0.765261
model074	induce summary	slice: 131676	diagonal: 35.3519	fud cardinality: 153	model cardinality: 3668	fuds per threshold: 0.76788
model074	induce summary	slice: 131759	diagonal: 24.6131	fud cardinality: 154	model cardinality: 3685	fuds per threshold: 0.766646
model074	induce summary	slice: 131777	diagonal: 24.625	fud cardinality: 155	model cardinality: 3701	fuds per threshold: 0.770186
model074	induce summary	slice: 131567	diagonal: 23.9397	fud cardinality: 156	model cardinality: 3725	fuds per threshold: 0.77037
model074	induce summary	slice: 131757	diagonal: 33.5701	fud cardinality: 157	model cardinality: 3761	fuds per threshold: 0.767726
model074	induce summary	slice: 131080	diagonal: 19.9909	fud cardinality: 158	model cardinality: 3780	fuds per threshold: 0.770262
model074	induce summary	slice: 131084	diagonal: 16.7074	fud cardinality: 159	model cardinality: 3796	fuds per threshold: 0.768116
model074	induce summary	slice: 131470	diagonal: 31.5698	fud cardinality: 160	model cardinality: 3839	fuds per threshold: 0.760547
model074	induce summary	slice: 131828	diagonal: 27.8328	fud cardinality: 161	model cardinality: 3865	fuds per threshold: 0.762581
model074	induce summary	slice: 131118	diagonal: 27.2714	fud cardinality: 162	model cardinality: 3887	fuds per threshold: 0.764602
model074	induce summary	slice: 132122	diagonal: 13.7018	fud cardinality: 163	model cardinality: 3902	fuds per threshold: 0.76751
model074	induce summary	slice: 132039	diagonal: 13.1846	fud cardinality: 164	model cardinality: 3921	fuds per threshold: 0.766355
model074	induce summary	slice: 131855	diagonal: 22.5427	fud cardinality: 165	model cardinality: 3937	fuds per threshold: 0.768783
model074	induce summary	slice: 131822	diagonal: 30.961	fud cardinality: 166	model cardinality: 3957	fuds per threshold: 0.771196
model074	induce summary	slice: 131569	diagonal: 21.243	fud cardinality: 167	model cardinality: 3983	fuds per threshold: 0.775392
model074	induce summary	slice: 131435	diagonal: 23.0783	fud cardinality: 168	model cardinality: 4004	fuds per threshold: 0.77913
model074	induce summary	slice: 132053	diagonal: 12.1681	fud cardinality: 169	model cardinality: 4041	fuds per threshold: 0.773898
model074	induce summary	slice: 131125	diagonal: 35.4214	fud cardinality: 170	model cardinality: 4068	fuds per threshold: 0.772288
model074	induce summary	slice: 131120	diagonal: 29.4772	fud cardinality: 171	model cardinality: 4094	fuds per threshold: 0.77639
model074	induce summary	slice: 131081	diagonal: 17.8067	fud cardinality: 172	model cardinality: 4111	fuds per threshold: 0.753973
model074	induce summary	slice: 131085	diagonal: 27.583	fud cardinality: 173	model cardinality: 4143	fuds per threshold: 0.757526
model074	induce summary	slice: 131967	diagonal: 23.6284	fud cardinality: 174	model cardinality: 4163	fuds per threshold: 0.756111
model074	induce summary	slice: 131398	diagonal: 31.3695	fud cardinality: 175	model cardinality: 4190	fuds per threshold: 0.759631
model074	induce summary	slice: 131465	diagonal: 24.0263	fud cardinality: 176	model cardinality: 4212	fuds per threshold: 0.763972
model074	induce summary	slice: 131491	diagonal: 30.2741	fud cardinality: 177	model cardinality: 4245	fuds per threshold: 0.766234
model074	induce summary	slice: 131541	diagonal: 21.8829	fud cardinality: 178	model cardinality: 4273	fuds per threshold: 0.770146
model074	induce summary	slice: 131617	diagonal: 35.9878	fud cardinality: 179	model cardinality: 4301	fuds per threshold: 0.772384
model074	induce summary	slice: 132103	diagonal: 15.2364	fud cardinality: 180	model cardinality: 4319	fuds per threshold: 0.773778
model074	induce summary	slice: 131953	diagonal: 15.1772	fud cardinality: 181	model cardinality: 4336	fuds per threshold: 0.761704
model074	induce summary	slice: 131801	diagonal: 35.7051	fud cardinality: 182	model cardinality: 4372	fuds per threshold: 0.759124
model074	induce summary	slice: 132113	diagonal: 29.4171	fud cardinality: 183	model cardinality: 4399	fuds per threshold: 0.758549
model074	induce summary	slice: 131152	diagonal: 22.3979	fud cardinality: 184	model cardinality: 4421	fuds per threshold: 0.748348
model074	induce summary	slice: 131459	diagonal: 23.733	fud cardinality: 185	model cardinality: 4447	fuds per threshold: 0.752415
model074	induce summary	slice: 132213	diagonal: 25.3749	fud cardinality: 186	model cardinality: 4477	fuds per threshold: 0.754181
model074	induce summary	slice: 131434	diagonal: 32.3216	fud cardinality: 187	model cardinality: 4504	fuds per threshold: 0.754413
model074	induce summary	slice: 131830	diagonal: 19.4943	fud cardinality: 188	model cardinality: 4525	fuds per threshold: 0.758447
model074	induce summary	slice: 132172	diagonal: 22.4398	fud cardinality: 189	model cardinality: 4549	fuds per threshold: 0.761329
model074	induce summary	slice: 131499	diagonal: 25.8538	fud cardinality: 190	model cardinality: 4575	fuds per threshold: 0.762287
modeller	event id: 50000	time 0.0008616s
model074	induce summary	slice: 131846	diagonal: 32.8318	fud cardinality: 191	model cardinality: 4606	fuds per threshold: 0.762475
model074	induce summary	slice: 131933	diagonal: 25.4251	fud cardinality: 192	model cardinality: 4641	fuds per threshold: 0.76304
model074	induce summary	slice: 132101	diagonal: 32.0184	fud cardinality: 193	model cardinality: 4674	fuds per threshold: 0.767014
model074	induce summary	slice: 132015	diagonal: 27.5549	fud cardinality: 194	model cardinality: 4703	fuds per threshold: 0.770223
model074	induce summary	slice: 131524	diagonal: 31.8664	fud cardinality: 195	model cardinality: 4757	fuds per threshold: 0.772277
model074	induce summary	slice: 132289	diagonal: 23.0496	fud cardinality: 196	model cardinality: 4776	fuds per threshold: 0.775087
model074	induce summary	slice: 131915	diagonal: 28.5802	fud cardinality: 197	model cardinality: 4797	fuds per threshold: 0.776355
model074	induce summary	slice: 131880	diagonal: 23.3892	fud cardinality: 198	model cardinality: 4843	fuds per threshold: 0.77609
model074	induce summary	slice: 131163	diagonal: 29.9774	fud cardinality: 199	model cardinality: 4860	fuds per threshold: 0.774696
model074	induce summary	slice: 131742	diagonal: 27.1998	fud cardinality: 200	model cardinality: 4898	fuds per threshold: 0.776699
model074	induce summary	slice: 131116	diagonal: 19.3547	fud cardinality: 201	model cardinality: 4914	fuds per threshold: 0.779447
model074	induce summary	slice: 131917	diagonal: 17.3976	fud cardinality: 202	model cardinality: 4926	fuds per threshold: 0.773946
model074	induce summary	slice: 131134	diagonal: 32.8146	fud cardinality: 203	model cardinality: 4956	fuds per threshold: 0.773702
model074	induce summary	slice: 132083	diagonal: 23.7892	fud cardinality: 204	model cardinality: 4982	fuds per threshold: 0.777143
model074	induce summary	slice: 131651	diagonal: 19.917	fud cardinality: 205	model cardinality: 5000	fuds per threshold: 0.779097
model074	induce summary	slice: 131176	diagonal: 17.703	fud cardinality: 206	model cardinality: 5025	fuds per threshold: 0.772621
model074	induce summary	slice: 132198	diagonal: 23.1081	fud cardinality: 207	model cardinality: 5047	fuds per threshold: 0.773832
model074	induce summary	slice: 132235	diagonal: 22.1371	fud cardinality: 208	model cardinality: 5068	fuds per threshold: 0.769658
model074	induce summary	slice: 131973	diagonal: 19.8344	fud cardinality: 209	model cardinality: 5087	fuds per threshold: 0.763122
model074	induce summary	slice: 131896	diagonal: 29.694	fud cardinality: 210	model cardinality: 5128	fuds per threshold: 0.765725
model074	induce summary	slice: 132173	diagonal: 28.473	fud cardinality: 211	model cardinality: 5167	fuds per threshold: 0.765186
model074	induce summary	slice: 131986	diagonal: 18.3249	fud cardinality: 212	model cardinality: 5187	fuds per threshold: 0.76638
model074	induce summary	slice: 132464	diagonal: 19.3164	fud cardinality: 213	model cardinality: 5206	fuds per threshold: 0.766187
model074	induce summary	slice: 132120	diagonal: 24.8177	fud cardinality: 214	model cardinality: 5231	fuds per threshold: 0.767713
model074	induce summary	slice: 131849	diagonal: 25.002	fud cardinality: 215	model cardinality: 5258	fuds per threshold: 0.768887
model074	induce summary	slice: 131716	diagonal: 25.313	fud cardinality: 216	model cardinality: 5292	fuds per threshold: 0.77074
model074	induce summary	slice: 132296	diagonal: 29.3172	fud cardinality: 217	model cardinality: 5324	fuds per threshold: 0.773619
model074	induce summary	slice: 131793	diagonal: 25.7632	fud cardinality: 218	model cardinality: 5353	fuds per threshold: 0.773736
model074	induce summary	slice: 132403	diagonal: 23.6665	fud cardinality: 219	model cardinality: 5378	fuds per threshold: 0.775908
model074	induce summary	slice: 131380	diagonal: 24.4183	fud cardinality: 220	model cardinality: 5398	fuds per threshold: 0.774307
model074	induce summary	slice: 131779	diagonal: 17.6263	fud cardinality: 221	model cardinality: 5411	fuds per threshold: 0.777485
model074	induce summary	slice: 131109	diagonal: 31.6284	fud cardinality: 222	model cardinality: 5432	fuds per threshold: 0.780659
model074	induce summary	slice: 132434	diagonal: 25.1933	fud cardinality: 223	model cardinality: 5463	fuds per threshold: 0.78177
model074	induce summary	slice: 132375	diagonal: 20.5418	fud cardinality: 224	model cardinality: 5486	fuds per threshold: 0.783559
model074	induce summary	slice: 131903	diagonal: 15.0381	fud cardinality: 225	model cardinality: 5502	fuds per threshold: 0.776867
model074	induce summary	slice: 132547	diagonal: 15.8862	fud cardinality: 226	model cardinality: 5518	fuds per threshold: 0.779983
model074	induce summary	slice: 131768	diagonal: 25.9962	fud cardinality: 227	model cardinality: 5534	fuds per threshold: 0.781748
model074	induce summary	slice: 132243	diagonal: 21.2018	fud cardinality: 228	model cardinality: 5561	fuds per threshold: 0.784179
model074	induce summary	slice: 132043	diagonal: 21.2879	fud cardinality: 229	model cardinality: 5596	fuds per threshold: 0.784247
model074	induce summary	slice: 131985	diagonal: 15.1109	fud cardinality: 230	model cardinality: 5619	fuds per threshold: 0.785653
model074	induce summary	slice: 131124	diagonal: 24.3787	fud cardinality: 231	model cardinality: 5633	fuds per threshold: 0.786718
model074	induce summary	slice: 131147	diagonal: 21.8559	fud cardinality: 232	model cardinality: 5653	fuds per threshold: 0.783784
model074	induce summary	slice: 131886	diagonal: 30.0633	fud cardinality: 233	model cardinality: 5684	fuds per threshold: 0.780897
model074	induce summary	slice: 132264	diagonal: 17.7981	fud cardinality: 234	model cardinality: 5703	fuds per threshold: 0.782936
model074	induce summary	slice: 132180	diagonal: 21.7385	fud cardinality: 235	model cardinality: 5719	fuds per threshold: 0.782681
model074	induce summary	slice: 131112	diagonal: 23.4883	fud cardinality: 236	model cardinality: 5737	fuds per threshold: 0.780488
model074	induce summary	slice: 131929	diagonal: 15.4987	fud cardinality: 237	model cardinality: 5752	fuds per threshold: 0.781533
model074	induce summary	slice: 131100	diagonal: 24.5951	fud cardinality: 238	model cardinality: 5778	fuds per threshold: 0.783862
model074	induce summary	slice: 132416	diagonal: 27.4719	fud cardinality: 239	model cardinality: 5810	fuds per threshold: 0.786184
model074	induce summary	slice: 131230	diagonal: 33.5432	fud cardinality: 240	model cardinality: 5845	fuds per threshold: 0.784955
model074	induce summary	slice: 131836	diagonal: 12.9022	fud cardinality: 241	model cardinality: 5864	fuds per threshold: 0.786939
model074	induce summary	slice: 131555	diagonal: 31.6962	fud cardinality: 242	model cardinality: 5891	fuds per threshold: 0.788595
model074	induce summary	slice: 131529	diagonal: 20.6753	fud cardinality: 243	model cardinality: 5904	fuds per threshold: 0.791853
model074	induce summary	slice: 131548	diagonal: 27.9275	fud cardinality: 244	model cardinality: 5932	fuds per threshold: 0.795112
model074	induce summary	slice: 131430	diagonal: 18.4102	fud cardinality: 245	model cardinality: 5950	fuds per threshold: 0.797072
model074	induce summary	slice: 131632	diagonal: 17.7426	fud cardinality: 246	model cardinality: 5970	fuds per threshold: 0.800325
model074	induce summary	slice: 131127	diagonal: 20.1118	fud cardinality: 247	model cardinality: 5984	fuds per threshold: 0.79903
model074	induce summary	slice: 132279	diagonal: 16.2159	fud cardinality: 248	model cardinality: 6004	fuds per threshold: 0.801616
model074	induce summary	slice: 131217	diagonal: 19.6239	fud cardinality: 249	model cardinality: 6028	fuds per threshold: 0.793625
model074	induce summary	slice: 131114	diagonal: 24.8599	fud cardinality: 250	model cardinality: 6050	fuds per threshold: 0.795229
model074	induce summary	slice: 131146	diagonal: 24.187	fud cardinality: 251	model cardinality: 6083	fuds per threshold: 0.795878
model074	induce summary	slice: 131131	diagonal: 26.669	fud cardinality: 252	model cardinality: 6106	fuds per threshold: 0.797468
model074	induce summary	slice: 131678	diagonal: 35.2719	fud cardinality: 253	model cardinality: 6132	fuds per threshold: 0.798737
model074	induce summary	slice: 131182	diagonal: 27.8354	fud cardinality: 254	model cardinality: 6170	fuds per threshold: 0.799371
model074	induce summary	slice: 131144	diagonal: 17.8621	fud cardinality: 255	model cardinality: 6192	fuds per threshold: 0.799686
model074	induce summary	slice: 132109	diagonal: 31.0916	fud cardinality: 256	model cardinality: 6221	fuds per threshold: 0.798129
model074	induce summary	slice: 132148	diagonal: 24.5169	fud cardinality: 257	model cardinality: 6258	fuds per threshold: 0.797517
model074	induce summary	slice: 131920	diagonal: 12.7312	fud cardinality: 258	model cardinality: 6278	fuds per threshold: 0.8
model074	induce summary	slice: 132662	diagonal: 27.5814	fud cardinality: 259	model cardinality: 6297	fuds per threshold: 0.799074
model074	induce summary	slice: 131173	diagonal: 29.1789	fud cardinality: 260	model cardinality: 6323	fuds per threshold: 0.801541
model074	induce summary	slice: 131788	diagonal: 20.0416	fud cardinality: 261	model cardinality: 6335	fuds per threshold: 0.800307
model074	induce summary	slice: 132233	diagonal: 28.5378	fud cardinality: 262	model cardinality: 6363	fuds per threshold: 0.795446
model074	induce summary	slice: 132475	diagonal: 24.4578	fud cardinality: 263	model cardinality: 6379	fuds per threshold: 0.796366
model074	induce summary	slice: 132485	diagonal: 33.2036	fud cardinality: 264	model cardinality: 6410	fuds per threshold: 0.79668
model074	induce summary	slice: 132571	diagonal: 29.7486	fud cardinality: 265	model cardinality: 6451	fuds per threshold: 0.797892
model074	induce summary	slice: 132492	diagonal: 27.5839	fud cardinality: 266	model cardinality: 6481	fuds per threshold: 0.79403
model074	induce summary	slice: 132005	diagonal: 13.6044	fud cardinality: 267	model cardinality: 6500	fuds per threshold: 0.796124
model074	induce summary	slice: 131143	diagonal: 30.3384	fud cardinality: 268	model cardinality: 6523	fuds per threshold: 0.781341
model074	induce summary	slice: 132941	diagonal: 17.6966	fud cardinality: 269	model cardinality: 6545	fuds per threshold: 0.783971
model074	induce summary	slice: 132332	diagonal: 28.4345	fud cardinality: 270	model cardinality: 6587	fuds per threshold: 0.78346
model074	induce summary	slice: 131842	diagonal: 20.8662	fud cardinality: 271	model cardinality: 6606	fuds per threshold: 0.779576
model074	induce summary	slice: 132876	diagonal: 16.3614	fud cardinality: 272	model cardinality: 6624	fuds per threshold: 0.78189
model074	induce summary	slice: 132448	diagonal: 22.9252	fud cardinality: 273	model cardinality: 6659	fuds per threshold: 0.782235
model074	induce summary	slice: 132831	diagonal: 20.0081	fud cardinality: 274	model cardinality: 6676	fuds per threshold: 0.7851
model074	induce summary	slice: 132765	diagonal: 25.1566	fud cardinality: 275	model cardinality: 6716	fuds per threshold: 0.778485
model074	induce summary	slice: 131977	diagonal: 20.0484	fud cardinality: 276	model cardinality: 6739	fuds per threshold: 0.780764
model074	induce summary	slice: 132118	diagonal: 28.1403	fud cardinality: 277	model cardinality: 6776	fuds per threshold: 0.781658
model074	induce summary	slice: 132568	diagonal: 26.2035	fud cardinality: 278	model cardinality: 6816	fuds per threshold: 0.780077
model074	induce summary	slice: 132241	diagonal: 24.3235	fud cardinality: 279	model cardinality: 6831	fuds per threshold: 0.778786
model074	induce summary	slice: 131909	diagonal: 28.0679	fud cardinality: 280	model cardinality: 6848	fuds per threshold: 0.777508
model074	induce summary	slice: 131752	diagonal: 28.6331	fud cardinality: 281	model cardinality: 6859	fuds per threshold: 0.775975
model074	induce summary	slice: 131149	diagonal: 27.3162	fud cardinality: 282	model cardinality: 6893	fuds per threshold: 0.777127
model074	induce summary	slice: 131216	diagonal: 31.9274	fud cardinality: 283	model cardinality: 6930	fuds per threshold: 0.779883
model074	induce summary	slice: 131155	diagonal: 31.8342	fud cardinality: 284	model cardinality: 6944	fuds per threshold: 0.78022
model074	induce summary	slice: 132335	diagonal: 26.7021	fud cardinality: 285	model cardinality: 6989	fuds per threshold: 0.778423
model074	induce summary	slice: 132196	diagonal: 27.7263	fud cardinality: 286	model cardinality: 7021	fuds per threshold: 0.775068
model074	induce summary	slice: 131536	diagonal: 24.7305	fud cardinality: 287	model cardinality: 7039	fuds per threshold: 0.773324
modeller	init: opened records filerecords004.rec
model074	induce summary	slice: 0	diagonal: 24.713	fud cardinality: 1	model cardinality: 36	fuds per threshold: 1
model074	induce summary	slice: 131085	diagonal: 25.5715	fud cardinality: 2	model cardinality: 60	fuds per threshold: 0.632911
model074	induce summary	slice: 131072	diagonal: 22.5208	fud cardinality: 3	model cardinality: 80	fuds per threshold: 0.848656
modeller	event id: 25000	time 0.0002616s
model074	induce summary	slice: 131090	diagonal: 22.9161	fud cardinality: 4	model cardinality: 100	fuds per threshold: 0.608365
model074	induce summary	slice: 131088	diagonal: 35.6773	fud cardinality: 5	model cardinality: 131	fuds per threshold: 0.693001
model074	induce summary	slice: 131080	diagonal: 24.7289	fud cardinality: 6	model cardinality: 155	fuds per threshold: 0.810263
model074	induce summary	slice: 131108	diagonal: 24.6299	fud cardinality: 7	model cardinality: 175	fuds per threshold: 0.846433
model074	induce summary	slice: 131103	diagonal: 22.8706	fud cardinality: 8	model cardinality: 195	fuds per threshold: 0.946746
modeller	event id: 50000	time 0.0002869s
model074	induce summary	slice: 131117	diagonal: 22.7244	fud cardinality: 9	model cardinality: 217	fuds per threshold: 0.879765
model074	induce summary	slice: 131142	diagonal: 13.9924	fud cardinality: 10	model cardinality: 228	fuds per threshold: 0.877963
model074	induce summary	slice: 131191	diagonal: 26.3212	fud cardinality: 11	model cardinality: 274	fuds per threshold: 0.850077
model074	induce summary	slice: 131156	diagonal: 14.9496	fud cardinality: 12	model cardinality: 294	fuds per threshold: 0.896526
model074	induce summary	slice: 131160	diagonal: 26.7606	fud cardinality: 13	model cardinality: 323	fuds per threshold: 0.96332
modeller	event id: 75000	time 0.0007378s
modeller	dumping
model074	dump	file name: model074.ac	time 0.700617s
modeller	dump	file name: model074.rep	time 0.0023113s
modeller	event id: 75000
modeller	status: finished
modeller	init: opened records filerecords004.rec
model074	induce summary	slice: 0	diagonal: 24.713	fud cardinality: 1	model cardinality: 36	fuds per threshold: 1
model074	induce summary	slice: 131085	diagonal: 25.5715	fud cardinality: 2	model cardinality: 60	fuds per threshold: 0.632911
model074	induce summary	slice: 131072	diagonal: 22.5208	fud cardinality: 3	model cardinality: 80	fuds per threshold: 0.848656
modeller	event id: 25000	time 0.0002503s
model074	induce summary	slice: 131090	diagonal: 22.9161	fud cardinality: 4	model cardinality: 100	fuds per threshold: 0.608365
model074	induce summary	slice: 131088	diagonal: 35.6773	fud cardinality: 5	model cardinality: 131	fuds per threshold: 0.693001
model074	induce summary	slice: 131080	diagonal: 24.7289	fud cardinality: 6	model cardinality: 155	fuds per threshold: 0.810263
model074	induce summary	slice: 131108	diagonal: 24.6299	fud cardinality: 7	model cardinality: 175	fuds per threshold: 0.846433
model074	induce summary	slice: 131103	diagonal: 22.8706	fud cardinality: 8	model cardinality: 195	fuds per threshold: 0.946746
modeller	event id: 50000	time 0.000235s
model074	induce summary	slice: 131117	diagonal: 22.7244	fud cardinality: 9	model cardinality: 217	fuds per threshold: 0.879765
model074	induce summary	slice: 131142	diagonal: 13.9924	fud cardinality: 10	model cardinality: 228	fuds per threshold: 0.877963
model074	induce summary	slice: 131191	diagonal: 26.3212	fud cardinality: 11	model cardinality: 274	fuds per threshold: 0.850077
model074	induce summary	slice: 131156	diagonal: 14.9496	fud cardinality: 12	model cardinality: 294	fuds per threshold: 0.896526
model074	induce summary	slice: 131160	diagonal: 26.7606	fud cardinality: 13	model cardinality: 323	fuds per threshold: 0.96332
modeller	event id: 75000	time 0.0003298s
modeller	dumping
model074	dump	file name: model074.ac	time 0.13905s
modeller	dump	file name: model074.rep	time 0.0024598s
modeller	event id: 75000
modeller	status: finished
