actor	status: started
application.exec(): actor	event id: 1000	time 0.0018686s
model014	induce summary	slice: 0	diagonal: 22.7753	fud cardinality: 1	model cardinality: 20	fuds per threshold: 0.838926
actor	event id: 2000	time 0.0009613s
model014	induce summary	slice: 131087	diagonal: 27.7376	fud cardinality: 2	model cardinality: 40	fuds per threshold: 0.805153
actor	event id: 3000	time 0.0007144s
model014	induce summary	slice: 131072	diagonal: 23.6209	fud cardinality: 3	model cardinality: 60	fuds per threshold: 0.979112
model014	induce summary	slice: 131088	diagonal: 27.9857	fud cardinality: 4	model cardinality: 80	fuds per threshold: 1.02564
actor	event id: 4000	time 0.0016886s
actor	event id: 5000	time 0.0010089s
actor	event id: 6000	time 0.0011855s
model014	induce summary	slice: 131114	diagonal: 29.0783	fud cardinality: 5	model cardinality: 99	fuds per threshold: 0.828363
actor	event id: 7000	time 0.0010219s
model014	induce summary	slice: 131097	diagonal: 17.6701	fud cardinality: 6	model cardinality: 119	fuds per threshold: 0.751503
actor	event id: 8000	time 0.0006686s
model014	induce summary	slice: 131115	diagonal: 25.0834	fud cardinality: 7	model cardinality: 138	fuds per threshold: 0.793651
actor	event id: 9000	time 0.0007318s
model014	induce summary	slice: 131130	diagonal: 25.8686	fud cardinality: 8	model cardinality: 160	fuds per threshold: 0.873362
actor	event id: 10000	time 0.0009318s
actor	event id: 11000	time 0.000972s
model014	induce summary	slice: 131099	diagonal: 21.7751	fud cardinality: 9	model cardinality: 180	fuds per threshold: 0.775595
model014	induce summary	slice: 131131	diagonal: 23.0303	fud cardinality: 10	model cardinality: 200	fuds per threshold: 0.839772
actor	event id: 12000	time 0.0007837s
actor	event id: 13000	time 0.0015508s
actor	event id: 14000	time 0.0010356s
actor	event id: 15000	time 0.0013657s
actor	event id: 16000	time 0.0011774s
actor	event id: 17000	time 0.00092s
model014	induce summary	slice: 131144	diagonal: 21.9532	fud cardinality: 11	model cardinality: 219	fuds per threshold: 0.637607
model014	induce summary	slice: 131192	diagonal: 23.2842	fud cardinality: 12	model cardinality: 239	fuds per threshold: 0.683527
actor	event id: 18000	time 0.0010315s
model014	induce summary	slice: 131084	diagonal: 29.6741	fud cardinality: 13	model cardinality: 269	fuds per threshold: 0.711004
model014	induce summary	slice: 131146	diagonal: 23.1276	fud cardinality: 14	model cardinality: 289	fuds per threshold: 0.747703
actor	event id: 19000	time 0.0012336s
model014	induce summary	slice: 131075	diagonal: 24.4257	fud cardinality: 15	model cardinality: 307	fuds per threshold: 0.784683
model014	induce summary	slice: 131162	diagonal: 25.4912	fud cardinality: 16	model cardinality: 336	fuds per threshold: 0.824402
actor	event id: 20000	time 0.0009638s
actor	event id: 21000	time 0.0007692s
model014	induce summary	slice: 131175	diagonal: 16.9798	fud cardinality: 17	model cardinality: 356	fuds per threshold: 0.804163
model014	induce summary	slice: 131161	diagonal: 29.3997	fud cardinality: 18	model cardinality: 386	fuds per threshold: 0.819672
actor	event id: 22000	time 0.001388s
actor	event id: 23000	time 0.0009118s
actor	event id: 24000	time 0.0011839s
model014	induce summary	slice: 131177	diagonal: 31.6337	fud cardinality: 19	model cardinality: 420	fuds per threshold: 0.762195
actor	event id: 25000	time 0.0012691s
actor	event id: 26000	time 0.0014515s
actor	event id: 27000	time 0.0008093s
actor	event id: 28000	time 0.0011338s
actor	event id: 29000	time 0.0010923s
actor	event id: 30000	time 0.0007873s
model014	induce summary	slice: 131207	diagonal: 19.2273	fud cardinality: 20	model cardinality: 440	fuds per threshold: 0.665956
actor	event id: 31000	time 0.0017376s
model014	induce summary	slice: 131270	diagonal: 24.6319	fud cardinality: 21	model cardinality: 465	fuds per threshold: 0.668279
actor	event id: 32000	time 0.0010305s
actor	event id: 33000	time 0.0009459s
actor	event id: 34000	time 0.0010882s
actor	event id: 35000	time 0.0009691s
model014	induce summary	slice: 131193	diagonal: 24.3246	fud cardinality: 22	model cardinality: 485	fuds per threshold: 0.616316
actor	event id: 36000	time 0.0010899s
model014	induce summary	slice: 131300	diagonal: 27.3557	fud cardinality: 23	model cardinality: 505	fuds per threshold: 0.632842
actor	event id: 37000	time 0.0024232s
actor	event id: 38000	time 0.0014063s
actor	event id: 39000	time 0.0013009s
actor	event id: 40000	time 0.0007696s
actor	event id: 41000	time 0.0011837s
model014	induce summary	slice: 131209	diagonal: 21.7467	fud cardinality: 24	model cardinality: 525	fuds per threshold: 0.578146
actor	event id: 42000	time 0.000871s
model014	induce summary	slice: 131315	diagonal: 24.0404	fud cardinality: 25	model cardinality: 557	fuds per threshold: 0.584003
actor	event id: 43000	time 0.0012464s
model014	induce summary	slice: 131241	diagonal: 25.4118	fud cardinality: 26	model cardinality: 581	fuds per threshold: 0.595293
actor	event id: 44000	time 0.0011387s
actor	event id: 45000	time 0.0012651s
model014	induce summary	slice: 131256	diagonal: 24.5842	fud cardinality: 27	model cardinality: 601	fuds per threshold: 0.594347
actor	event id: 46000	time 0.001522s
model014	induce summary	slice: 131223	diagonal: 23.2756	fud cardinality: 28	model cardinality: 625	fuds per threshold: 0.597219
actor	event id: 47000	time 0.0014465s
actor	event id: 48000	time 0.0010499s
actor	event id: 49000	time 0.0014596s
model014	induce summary	slice: 131236	diagonal: 28.4487	fud cardinality: 29	model cardinality: 653	fuds per threshold: 0.582516
actor	event id: 50000	time 0.0012807s
model014	induce summary	slice: 131225	diagonal: 23.0208	fud cardinality: 30	model cardinality: 672	fuds per threshold: 0.59223
model014	induce summary	slice: 131257	diagonal: 20.2871	fud cardinality: 31	model cardinality: 692	fuds per threshold: 0.608942
actor	event id: 51000	time 0.0008679s
actor	event id: 52000	time 0.0010174s
model014	induce summary	slice: 131287	diagonal: 21.7425	fud cardinality: 32	model cardinality: 711	fuds per threshold: 0.605923
actor	event id: 53000	time 0.0011509s
actor	event id: 54000	time 0.001071s
model014	induce summary	slice: 131288	diagonal: 23.5271	fud cardinality: 33	model cardinality: 730	fuds per threshold: 0.6036
model014	induce summary	slice: 131272	diagonal: 17.5161	fud cardinality: 34	model cardinality: 763	fuds per threshold: 0.618362
actor	event id: 55000	time 0.0026531s
actor	event id: 56000	time 0.0010368s
actor	event id: 57000	time 0.0010275s
actor	event id: 58000	time 0.0007116s
actor	event id: 59000	time 0.001854s
model014	induce summary	slice: 131107	diagonal: 24.894	fud cardinality: 35	model cardinality: 784	fuds per threshold: 0.587801
actor	event id: 60000	time 0.0008802s
actor	event id: 61000	time 0.0008669s
actor	event id: 62000	time 0.0012333s
model014	induce summary	slice: 131219	diagonal: 20.421	fud cardinality: 36	model cardinality: 804	fuds per threshold: 0.580159
actor	event id: 63000	time 0.0009092s
model014	induce summary	slice: 131302	diagonal: 19.6699	fud cardinality: 37	model cardinality: 823	fuds per threshold: 0.583965
actor	event id: 64000	time 0.0015657s
model014	induce summary	slice: 131388	diagonal: 24.0036	fud cardinality: 38	model cardinality: 843	fuds per threshold: 0.588199
actor	event id: 65000	time 0.0013394s
actor	event id: 66000	time 0.0009763s
actor	event id: 67000	time 0.0013238s
model014	induce summary	slice: 131344	diagonal: 25.2318	fud cardinality: 39	model cardinality: 862	fuds per threshold: 0.574509
actor	event id: 68000	time 0.0010021s
actor	event id: 69000	time 0.0011411s
model014	induce summary	slice: 131080	diagonal: 31.2777	fud cardinality: 40	model cardinality: 889	fuds per threshold: 0.578068
actor	event id: 70000	time 0.0008761s
actor	event id: 71000	time 0.001223s
model014	induce summary	slice: 131076	diagonal: 21.8796	fud cardinality: 41	model cardinality: 908	fuds per threshold: 0.5774
actor	event id: 72000	time 0.0009354s
actor	event id: 73000	time 0.0020367s
model014	induce summary	slice: 131325	diagonal: 17.7911	fud cardinality: 42	model cardinality: 928	fuds per threshold: 0.571087
model014	induce summary	slice: 131332	diagonal: 26.2583	fud cardinality: 43	model cardinality: 948	fuds per threshold: 0.58253
actor	event id: 74000	time 0.0019619s
model014	induce summary	slice: 131083	diagonal: 28.2179	fud cardinality: 44	model cardinality: 971	fuds per threshold: 0.592704
model014	induce summary	slice: 131079	diagonal: 31.3275	fud cardinality: 45	model cardinality: 1011	fuds per threshold: 0.602571
actor	event id: 75000	time 0.0018169s
model014	induce summary	slice: 131346	diagonal: 20.6252	fud cardinality: 46	model cardinality: 1031	fuds per threshold: 0.613301
model014	induce summary	slice: 131085	diagonal: 19.8835	fud cardinality: 47	model cardinality: 1051	fuds per threshold: 0.623805
model014	induce summary	slice: 131459	diagonal: 26.3333	fud cardinality: 48	model cardinality: 1076	fuds per threshold: 0.634283
actor	event id: 76000	time 0.0021356s
actor	event id: 77000	time 0.0011387s
model014	induce summary	slice: 131372	diagonal: 21.8552	fud cardinality: 49	model cardinality: 1102	fuds per threshold: 0.634781
actor	event id: 78000	time 0.0010358s
model014	induce summary	slice: 131154	diagonal: 27.2923	fud cardinality: 50	model cardinality: 1125	fuds per threshold: 0.634905
actor	event id: 79000	time 0.0016551s
model014	induce summary	slice: 131074	diagonal: 25.7276	fud cardinality: 51	model cardinality: 1147	fuds per threshold: 0.641251
actor	event id: 80000	time 0.00131s
actor	event id: 81000	time 0.0012848s
model014	induce summary	slice: 131086	diagonal: 20.864	fud cardinality: 52	model cardinality: 1167	fuds per threshold: 0.638413
actor	event id: 82000	time 0.0016086s
model014	induce summary	slice: 131357	diagonal: 20.581	fud cardinality: 53	model cardinality: 1187	fuds per threshold: 0.643454
model014	induce summary	slice: 131073	diagonal: 25.7998	fud cardinality: 54	model cardinality: 1207	fuds per threshold: 0.650853
actor	event id: 83000	time 0.00189s
model014	induce summary	slice: 131417	diagonal: 15.0449	fud cardinality: 55	model cardinality: 1227	fuds per threshold: 0.660296
actor	event id: 84000	time 0.0012724s
model014	induce summary	slice: 131373	diagonal: 19.4426	fud cardinality: 56	model cardinality: 1247	fuds per threshold: 0.666445
model014	induce summary	slice: 131389	diagonal: 24.277	fud cardinality: 57	model cardinality: 1264	fuds per threshold: 0.671283
actor	event id: 85000	time 0.0015163s
model014	induce summary	slice: 131354	diagonal: 16.924	fud cardinality: 58	model cardinality: 1284	fuds per threshold: 0.67618
actor	event id: 86000	time 0.0021218s
model014	induce summary	slice: 131403	diagonal: 20.1006	fud cardinality: 59	model cardinality: 1304	fuds per threshold: 0.685154
actor	event id: 87000	time 0.0020255s
model014	induce summary	slice: 131505	diagonal: 29.3129	fud cardinality: 60	model cardinality: 1335	fuds per threshold: 0.688895
actor	event id: 88000	time 0.0017894s
actor	event id: 89000	time 0.0009267s
actor	event id: 90000	time 0.0016772s
actor	event id: 91000	time 0.0012569s
actor	event id: 92000	time 0.0007834s
actor	event id: 93000	time 0.0015764s
model014	induce summary	slice: 131113	diagonal: 25.5389	fud cardinality: 61	model cardinality: 1355	fuds per threshold: 0.649793
actor	event id: 94000	time 0.001084s
actor	event id: 95000	time 0.0009955s
model014	induce summary	slice: 131324	diagonal: 22.0904	fud cardinality: 62	model cardinality: 1374	fuds per threshold: 0.649922
model014	induce summary	slice: 131108	diagonal: 26.732	fud cardinality: 63	model cardinality: 1395	fuds per threshold: 0.658996
actor	event id: 96000	time 0.0011173s
actor	event id: 97000	time 0.0012504s
model014	induce summary	slice: 131405	diagonal: 24.1177	fud cardinality: 64	model cardinality: 1415	fuds per threshold: 0.658924
actor	event id: 98000	time 0.0011633s
model014	induce summary	slice: 131239	diagonal: 25.7622	fud cardinality: 65	model cardinality: 1436	fuds per threshold: 0.662778
actor	event id: 99000	time 0.0014176s
actor	event id: 100000	time 0.001826s
actor	event id: 101000	time 0.0010975s
model014	induce summary	slice: 131336	diagonal: 27.1119	fud cardinality: 66	model cardinality: 1453	fuds per threshold: 0.647846
actor	event id: 102000	time 0.000741s
model014	induce summary	slice: 131475	diagonal: 24.7165	fud cardinality: 67	model cardinality: 1472	fuds per threshold: 0.656399
actor	event id: 103000	time 0.0010723s
actor	event id: 104000	time 0.0017309s
model014	induce summary	slice: 131419	diagonal: 24.4303	fud cardinality: 68	model cardinality: 1492	fuds per threshold: 0.652191
actor	event id: 105000	time 0.0020394s
model014	induce summary	slice: 131333	diagonal: 33.4364	fud cardinality: 69	model cardinality: 1528	fuds per threshold: 0.652421
actor	event id: 106000	time 0.0015668s
actor	event id: 107000	time 0.0009729s
model014	induce summary	slice: 131578	diagonal: 21.4674	fud cardinality: 70	model cardinality: 1547	fuds per threshold: 0.64911
actor	event id: 108000	time 0.0013277s
actor	event id: 109000	time 0.0007771s
actor	event id: 110000	time 0.0008835s
actor	event id: 111000	time 0.0009589s
actor	event id: 112000	time 0.0013915s
actor	event id: 113000	time 0.0014936s
actor	event id: 114000	time 0.0009907s
actor	event id: 115000	time 0.0009416s
actor	event id: 116000	time 0.0007709s
model014	induce summary	slice: 131092	diagonal: 27.4128	fud cardinality: 71	model cardinality: 1570	fuds per threshold: 0.608585
actor	event id: 117000	time 0.001664s
actor	event id: 118000	time 0.0010482s
model014	induce summary	slice: 131165	diagonal: 20.0524	fud cardinality: 72	model cardinality: 1589	fuds per threshold: 0.605999
actor	event id: 119000	time 0.0019439s
model014	induce summary	slice: 131433	diagonal: 24.4733	fud cardinality: 73	model cardinality: 1609	fuds per threshold: 0.609451
actor	event id: 120000	time 0.0008095s
model014	induce summary	slice: 131110	diagonal: 21.5198	fud cardinality: 74	model cardinality: 1629	fuds per threshold: 0.616297
actor	event id: 121000	time 0.0016733s
actor	event id: 122000	time 0.0013309s
model014	induce summary	slice: 131094	diagonal: 22.731	fud cardinality: 75	model cardinality: 1648	fuds per threshold: 0.612245
actor	event id: 123000	time 0.0013345s
actor	event id: 124000	time 0.001155s
model014	induce summary	slice: 131096	diagonal: 38.9852	fud cardinality: 76	model cardinality: 1675	fuds per threshold: 0.609874
actor	event id: 125000	time 0.0019716s
actor	event id: 126000	time 0.0008058s
model014	induce summary	slice: 131196	diagonal: 24.3499	fud cardinality: 77	model cardinality: 1697	fuds per threshold: 0.610143
actor	event id: 127000	time 0.0008744s
model014	induce summary	slice: 131792	diagonal: 25.3373	fud cardinality: 78	model cardinality: 1715	fuds per threshold: 0.612206
actor	event id: 128000	time 0.0023859s
actor	event id: 129000	time 0.0012496s
model014	induce summary	slice: 131461	diagonal: 23.1512	fud cardinality: 79	model cardinality: 1737	fuds per threshold: 0.612005
model014	induce summary	slice: 131516	diagonal: 26.3567	fud cardinality: 80	model cardinality: 1757	fuds per threshold: 0.616846
actor	event id: 130000	time 0.0026174s
actor	event id: 131000	time 0.0007486s
model014	induce summary	slice: 131608	diagonal: 23.7577	fud cardinality: 81	model cardinality: 1779	fuds per threshold: 0.617453
actor	event id: 132000	time 0.0017193s
actor	event id: 133000	time 0.0012537s
model014	induce summary	slice: 131078	diagonal: 31.0376	fud cardinality: 82	model cardinality: 1820	fuds per threshold: 0.616504
actor	event id: 134000	time 0.0015658s
model014	induce summary	slice: 131537	diagonal: 26.8546	fud cardinality: 83	model cardinality: 1849	fuds per threshold: 0.616569
actor	event id: 135000	time 0.0009073s
actor	event id: 136000	time 0.0013188s
model014	induce summary	slice: 131535	diagonal: 21.438	fud cardinality: 84	model cardinality: 1868	fuds per threshold: 0.616939
actor	event id: 137000	time 0.0007893s
actor	event id: 138000	time 0.0009086s
actor	event id: 139000	time 0.0019259s
model014	induce summary	slice: 131591	diagonal: 25.6528	fud cardinality: 85	model cardinality: 1888	fuds per threshold: 0.61137
model014	induce summary	slice: 131448	diagonal: 21.5562	fud cardinality: 86	model cardinality: 1911	fuds per threshold: 0.616912
actor	event id: 140000	time 0.0009773s
model014	induce summary	slice: 131480	diagonal: 21.7131	fud cardinality: 87	model cardinality: 1931	fuds per threshold: 0.619058
model014	induce summary	slice: 131550	diagonal: 22.4774	fud cardinality: 88	model cardinality: 1950	fuds per threshold: 0.624592
actor	event id: 141000	time 0.0020577s
model014	induce summary	slice: 131807	diagonal: 24.4452	fud cardinality: 89	model cardinality: 1969	fuds per threshold: 0.63008
model014	induce summary	slice: 131355	diagonal: 18.7523	fud cardinality: 90	model cardinality: 1989	fuds per threshold: 0.634715
actor	event id: 142000	time 0.0009244s
model014	induce summary	slice: 131081	diagonal: 23.1455	fud cardinality: 91	model cardinality: 2009	fuds per threshold: 0.638095
actor	event id: 143000	time 0.0011491s
actor	event id: 144000	time 0.0010069s
actor	event id: 145000	time 0.001462s
actor	event id: 146000	time 0.0011128s
actor	event id: 147000	time 0.0013574s
model014	induce summary	slice: 131477	diagonal: 22.4675	fud cardinality: 92	model cardinality: 2029	fuds per threshold: 0.624677
actor	event id: 148000	time 0.0016347s
actor	event id: 149000	time 0.0018095s
model014	induce summary	slice: 131435	diagonal: 21.9744	fud cardinality: 93	model cardinality: 2048	fuds per threshold: 0.621525
actor	event id: 150000	time 0.0007756s
model014	induce summary	slice: 131730	diagonal: 24.9369	fud cardinality: 94	model cardinality: 2070	fuds per threshold: 0.623541
actor	event id: 151000	time 0.0007305s
model014	induce summary	slice: 131679	diagonal: 24.8978	fud cardinality: 95	model cardinality: 2092	fuds per threshold: 0.628207
actor	event id: 152000	time 0.0017295s
actor	event id: 153000	time 0.0015853s
model014	induce summary	slice: 131518	diagonal: 24.8708	fud cardinality: 96	model cardinality: 2121	fuds per threshold: 0.625277
model014	induce summary	slice: 131492	diagonal: 17.8696	fud cardinality: 97	model cardinality: 2141	fuds per threshold: 0.630591
actor	event id: 154000	time 0.0013696s
model014	induce summary	slice: 131212	diagonal: 26.5787	fud cardinality: 98	model cardinality: 2174	fuds per threshold: 0.635819
model014	induce summary	slice: 131490	diagonal: 23.0762	fud cardinality: 99	model cardinality: 2194	fuds per threshold: 0.640943
actor	event id: 155000	time 0.000785s
model014	induce summary	slice: 131640	diagonal: 23.3541	fud cardinality: 100	model cardinality: 2217	fuds per threshold: 0.644263
actor	event id: 156000	time 0.0019324s
actor	event id: 157000	time 0.0012278s
model014	induce summary	slice: 131762	diagonal: 23.7763	fud cardinality: 101	model cardinality: 2237	fuds per threshold: 0.642772
actor	event id: 158000	time 0.0014971s
actor	event id: 159000	time 0.0011585s
actor	event id: 160000	time 0.0011611s
actor	event id: 161000	time 0.0015523s
model014	induce summary	slice: 131565	diagonal: 21.1965	fud cardinality: 102	model cardinality: 2257	fuds per threshold: 0.632754
actor	event id: 162000	time 0.001233s
actor	event id: 163000	time 0.0010522s
actor	event id: 164000	time 0.0017943s
model014	induce summary	slice: 131090	diagonal: 18.1991	fud cardinality: 103	model cardinality: 2275	fuds per threshold: 0.62681
model014	induce summary	slice: 131625	diagonal: 21.9253	fud cardinality: 104	model cardinality: 2293	fuds per threshold: 0.631436
actor	event id: 165000	time 0.0009358s
model014	induce summary	slice: 131438	diagonal: 20.9994	fud cardinality: 105	model cardinality: 2313	fuds per threshold: 0.633125
actor	event id: 166000	time 0.0021531s
actor	event id: 167000	time 0.0017025s
actor	event id: 168000	time 0.0014479s
model014	induce summary	slice: 131681	diagonal: 21.5833	fud cardinality: 106	model cardinality: 2333	fuds per threshold: 0.627977
actor	event id: 169000	time 0.0007561s
actor	event id: 170000	time 0.0008801s
actor	event id: 171000	time 0.0011796s
actor	event id: 172000	time 0.0019651s
actor	event id: 173000	time 0.0019855s
model014	induce summary	slice: 131507	diagonal: 27.3017	fud cardinality: 107	model cardinality: 2358	fuds per threshold: 0.617198
actor	event id: 174000	time 0.0015785s
actor	event id: 175000	time 0.0013299s
actor	event id: 176000	time 0.0011588s
model014	induce summary	slice: 131838	diagonal: 22.6519	fud cardinality: 108	model cardinality: 2377	fuds per threshold: 0.613163
model014	induce summary	slice: 131446	diagonal: 19.7792	fud cardinality: 109	model cardinality: 2396	fuds per threshold: 0.618124
actor	event id: 177000	time 0.0014812s
actor	event id: 178000	time 0.0015621s
model014	induce summary	slice: 131521	diagonal: 23.6605	fud cardinality: 110	model cardinality: 2418	fuds per threshold: 0.61491
actor	event id: 179000	time 0.0007628s
model014	induce summary	slice: 131153	diagonal: 25.4884	fud cardinality: 111	model cardinality: 2439	fuds per threshold: 0.619724
actor	event id: 180000	time 0.0012007s
model014	induce summary	slice: 131660	diagonal: 29.3189	fud cardinality: 112	model cardinality: 2464	fuds per threshold: 0.622153
model014	induce summary	slice: 131822	diagonal: 24.7003	fud cardinality: 113	model cardinality: 2486	fuds per threshold: 0.625997
actor	event id: 181000	time 0.0009242s
actor	event id: 182000	time 0.0011419s
actor	event id: 183000	time 0.0026701s
model014	induce summary	slice: 131946	diagonal: 29.5237	fud cardinality: 114	model cardinality: 2513	fuds per threshold: 0.620942
actor	event id: 184000	time 0.0013821s
actor	event id: 185000	time 0.0007739s
model014	induce summary	slice: 131317	diagonal: 17.9735	fud cardinality: 115	model cardinality: 2533	fuds per threshold: 0.621581
actor	event id: 186000	time 0.0007615s
model014	induce summary	slice: 131697	diagonal: 24.9891	fud cardinality: 116	model cardinality: 2555	fuds per threshold: 0.623307
actor	event id: 187000	time 0.0009521s
actor	event id: 188000	time 0.0017198s
actor	event id: 189000	time 0.0012119s
actor	event id: 190000	time 0.0009754s
actor	event id: 191000	time 0.0018145s
actor	event id: 192000	time 0.001163s
model014	induce summary	slice: 131098	diagonal: 19.9644	fud cardinality: 117	model cardinality: 2575	fuds per threshold: 0.609286
model014	induce summary	slice: 131716	diagonal: 21.3543	fud cardinality: 118	model cardinality: 2602	fuds per threshold: 0.613153
actor	event id: 193000	time 0.0018298s
actor	event id: 194000	time 0.0015237s
model014	induce summary	slice: 131593	diagonal: 25.2689	fud cardinality: 119	model cardinality: 2629	fuds per threshold: 0.612367
model014	induce summary	slice: 131868	diagonal: 27.9445	fud cardinality: 120	model cardinality: 2651	fuds per threshold: 0.616865
model014	induce summary	slice: 131711	diagonal: 25.7143	fud cardinality: 121	model cardinality: 2676	fuds per threshold: 0.62138
model014	induce summary	slice: 131120	diagonal: 23.673	fud cardinality: 122	model cardinality: 2696	fuds per threshold: 0.625859
actor	event id: 195000	time 0.0008594s
model014	induce summary	slice: 131220	diagonal: 24.0787	fud cardinality: 123	model cardinality: 2717	fuds per threshold: 0.630149
actor	event id: 196000	time 0.0012906s
actor	event id: 197000	time 0.0012654s
actor	event id: 198000	time 0.0007441s
model014	induce summary	slice: 131654	diagonal: 23.9122	fud cardinality: 124	model cardinality: 2738	fuds per threshold: 0.625883
actor	event id: 199000	time 0.0013978s
actor	event id: 200000	time 0.0012501s
model014	induce summary	slice: 132089	diagonal: 24.3089	fud cardinality: 125	model cardinality: 2758	fuds per threshold: 0.62485
actor	event id: 201000	time 0.0020943s
actor	event id: 202000	time 0.0019455s
actor	event id: 203000	time 0.0017599s
actor	event id: 204000	time 0.0008588s
actor	event id: 205000	time 0.0014465s
actor	event id: 206000	time 0.0008096s
model014	induce summary	slice: 131854	diagonal: 23.7425	fud cardinality: 126	model cardinality: 2778	fuds per threshold: 0.611105
actor	event id: 207000	time 0.0011884s
model014	induce summary	slice: 131992	diagonal: 22.7096	fud cardinality: 127	model cardinality: 2797	fuds per threshold: 0.613325
model014	induce summary	slice: 131746	diagonal: 17.3233	fud cardinality: 128	model cardinality: 2817	fuds per threshold: 0.616084
actor	event id: 208000	time 0.0007995s
model014	induce summary	slice: 131977	diagonal: 23.4633	fud cardinality: 129	model cardinality: 2837	fuds per threshold: 0.619323
actor	event id: 209000	time 0.0023596s
model014	induce summary	slice: 131125	diagonal: 25.7787	fud cardinality: 130	model cardinality: 2857	fuds per threshold: 0.62075
actor	event id: 210000	time 0.0012001s
model014	induce summary	slice: 131761	diagonal: 26.4495	fud cardinality: 131	model cardinality: 2877	fuds per threshold: 0.62103
actor	event id: 211000	time 0.0008778s
model014	induce summary	slice: 131662	diagonal: 18.29	fud cardinality: 132	model cardinality: 2897	fuds per threshold: 0.624397
actor	event id: 212000	time 0.0018087s
actor	event id: 213000	time 0.0019993s
model014	induce summary	slice: 131552	diagonal: 23.8143	fud cardinality: 133	model cardinality: 2918	fuds per threshold: 0.62336
model014	induce summary	slice: 131961	diagonal: 21.7943	fud cardinality: 134	model cardinality: 2937	fuds per threshold: 0.626906
actor	event id: 214000	time 0.0016233s
model014	induce summary	slice: 131723	diagonal: 21.3103	fud cardinality: 135	model cardinality: 2956	fuds per threshold: 0.62903
actor	event id: 215000	time 0.0015413s
actor	event id: 216000	time 0.0017673s
model014	induce summary	slice: 131575	diagonal: 22.6074	fud cardinality: 136	model cardinality: 2975	fuds per threshold: 0.628466
actor	event id: 217000	time 0.001599s
actor	event id: 218000	time 0.0009449s
model014	induce summary	slice: 132195	diagonal: 21.9508	fud cardinality: 137	model cardinality: 2999	fuds per threshold: 0.625857
actor	event id: 219000	time 0.0015137s
model014	induce summary	slice: 131103	diagonal: 23.5609	fud cardinality: 138	model cardinality: 3018	fuds per threshold: 0.62908
model014	induce summary	slice: 131914	diagonal: 24.2965	fud cardinality: 139	model cardinality: 3045	fuds per threshold: 0.631864
actor	event id: 220000	time 0.0039038s
actor	event id: 221000	time 0.0022727s
model014	induce summary	slice: 132007	diagonal: 23.8369	fud cardinality: 140	model cardinality: 3065	fuds per threshold: 0.631872
model014	induce summary	slice: 131948	diagonal: 24.7863	fud cardinality: 141	model cardinality: 3087	fuds per threshold: 0.635788
actor	event id: 222000	time 0.0019432s
actor	event id: 223000	time 0.0013409s
actor	event id: 224000	time 0.0013861s
actor	event id: 225000	time 0.0016848s
model014	induce summary	slice: 132183	diagonal: 25.9349	fud cardinality: 142	model cardinality: 3107	fuds per threshold: 0.628942
actor	event id: 226000	time 0.0017919s
actor	event id: 227000	time 0.002477s
actor	event id: 228000	time 0.0017486s
actor	event id: 229000	time 0.0010149s
model014	induce summary	slice: 131870	diagonal: 16.427	fud cardinality: 143	model cardinality: 3126	fuds per threshold: 0.62266
actor	event id: 230000	time 0.0012661s
model014	induce summary	slice: 132106	diagonal: 27.6622	fud cardinality: 144	model cardinality: 3149	fuds per threshold: 0.625728
actor	event id: 231000	time 0.0018594s
actor	event id: 232000	time 0.0011806s
model014	induce summary	slice: 131774	diagonal: 24.7636	fud cardinality: 145	model cardinality: 3167	fuds per threshold: 0.624935
model014	induce summary	slice: 132083	diagonal: 31.2008	fud cardinality: 146	model cardinality: 3186	fuds per threshold: 0.628097
actor	event id: 233000	time 0.0010262s
model014	induce summary	slice: 131134	diagonal: 22.1151	fud cardinality: 147	model cardinality: 3206	fuds per threshold: 0.630101
model014	induce summary	slice: 132243	diagonal: 24.5913	fud cardinality: 148	model cardinality: 3226	fuds per threshold: 0.633855
actor	event id: 234000	time 0.0015772s
actor	event id: 235000	time 0.0032227s
actor	event id: 236000	time 0.0012409s
model014	induce summary	slice: 132052	diagonal: 21.3588	fud cardinality: 149	model cardinality: 3246	fuds per threshold: 0.628915
actor	event id: 237000	time 0.00073s
model014	induce summary	slice: 132211	diagonal: 23.1729	fud cardinality: 150	model cardinality: 3265	fuds per threshold: 0.63258
actor	event id: 238000	time 0.0017698s
model014	induce summary	slice: 131976	diagonal: 22.4412	fud cardinality: 151	model cardinality: 3285	fuds per threshold: 0.632042
actor	event id: 239000	time 0.0016476s
model014	induce summary	slice: 131853	diagonal: 18.4231	fud cardinality: 152	model cardinality: 3305	fuds per threshold: 0.633967
actor	event id: 240000	time 0.0014064s
model014	induce summary	slice: 132269	diagonal: 23.467	fud cardinality: 153	model cardinality: 3323	fuds per threshold: 0.636164
actor	event id: 241000	time 0.0015499s
model014	induce summary	slice: 131619	diagonal: 23.5431	fud cardinality: 154	model cardinality: 3343	fuds per threshold: 0.637428
actor	event id: 242000	time 0.0008297s
actor	event id: 243000	time 0.0031619s
actor	event id: 244000	time 0.0008693s
model014	induce summary	slice: 131886	diagonal: 19.6872	fud cardinality: 155	model cardinality: 3360	fuds per threshold: 0.634996
actor	event id: 245000	time 0.0015193s
model014	induce summary	slice: 132067	diagonal: 30.6138	fud cardinality: 156	model cardinality: 3392	fuds per threshold: 0.635966
model014	induce summary	slice: 132149	diagonal: 25.5716	fud cardinality: 157	model cardinality: 3418	fuds per threshold: 0.639449
actor	event id: 246000	time 0.0013368s
model014	induce summary	slice: 131900	diagonal: 27.666	fud cardinality: 158	model cardinality: 3441	fuds per threshold: 0.642088
model014	induce summary	slice: 131609	diagonal: 26.9774	fud cardinality: 159	model cardinality: 3468	fuds per threshold: 0.645345
model014	induce summary	slice: 131932	diagonal: 25.2415	fud cardinality: 160	model cardinality: 3494	fuds per threshold: 0.648235
actor	event id: 247000	time 0.0021578s
actor	event id: 248000	time 0.0014073s
actor	event id: 249000	time 0.0013776s
model014	induce summary	slice: 131836	diagonal: 27.2499	fud cardinality: 161	model cardinality: 3516	fuds per threshold: 0.644856
actor	event id: 250000	time 0.0013004s
model014	induce summary	slice: 131100	diagonal: 22.6778	fud cardinality: 162	model cardinality: 3546	fuds per threshold: 0.647782
actor	event id: 251000	time 0.0013232s
actor	event id: 252000	time 0.002654s
model014	induce summary	slice: 131666	diagonal: 22.7676	fud cardinality: 163	model cardinality: 3566	fuds per threshold: 0.644534
actor	event id: 253000	time 0.0013543s
model014	induce summary	slice: 131644	diagonal: 26.6622	fud cardinality: 164	model cardinality: 3587	fuds per threshold: 0.64679
actor	event id: 254000	time 0.0016049s
model014	induce summary	slice: 131728	diagonal: 24.2669	fud cardinality: 165	model cardinality: 3606	fuds per threshold: 0.647374
actor	event id: 255000	time 0.0014634s
model014	induce summary	slice: 131720	diagonal: 23.6936	fud cardinality: 166	model cardinality: 3635	fuds per threshold: 0.64864
actor	event id: 256000	time 0.0016337s
model014	induce summary	slice: 132005	diagonal: 26.5081	fud cardinality: 167	model cardinality: 3655	fuds per threshold: 0.649927
actor	event id: 257000	time 0.0017012s
actor	event id: 258000	time 0.0010791s
actor	event id: 259000	time 0.0009394s
actor	event id: 260000	time 0.002219s
actor	event id: 261000	time 0.0008205s
actor	event id: 262000	time 0.0010566s
actor	event id: 263000	time 0.0017347s
actor	event id: 264000	time 0.0011771s
model014	induce summary	slice: 132345	diagonal: 22.7327	fud cardinality: 168	model cardinality: 3675	fuds per threshold: 0.634681
actor	event id: 265000	time 0.000803s
actor	event id: 266000	time 0.0017255s
model014	induce summary	slice: 131744	diagonal: 20.71	fud cardinality: 169	model cardinality: 3695	fuds per threshold: 0.63368
actor	event id: 267000	time 0.0008341s
model014	induce summary	slice: 131820	diagonal: 23.258	fud cardinality: 170	model cardinality: 3717	fuds per threshold: 0.635058
actor	event id: 268000	time 0.001134s
actor	event id: 269000	time 0.001157s
model014	induce summary	slice: 131713	diagonal: 24.3247	fud cardinality: 171	model cardinality: 3738	fuds per threshold: 0.634141
actor	event id: 270000	time 0.0012427s
model014	induce summary	slice: 132022	diagonal: 28.3291	fud cardinality: 172	model cardinality: 3760	fuds per threshold: 0.635935
model014	induce summary	slice: 132037	diagonal: 28.5519	fud cardinality: 173	model cardinality: 3784	fuds per threshold: 0.639093
model014	induce summary	slice: 131789	diagonal: 24.8271	fud cardinality: 174	model cardinality: 3816	fuds per threshold: 0.642228
actor	event id: 271000	time 0.0031026s
model014	induce summary	slice: 132314	diagonal: 22.0131	fud cardinality: 175	model cardinality: 3838	fuds per threshold: 0.643913
actor	event id: 272000	time 0.000938s
actor	event id: 273000	time 0.0051571s
model014	induce summary	slice: 132091	diagonal: 22.611	fud cardinality: 176	model cardinality: 3858	fuds per threshold: 0.643576
actor	event id: 274000	time 0.0012163s
model014	induce summary	slice: 131118	diagonal: 19.8204	fud cardinality: 177	model cardinality: 3878	fuds per threshold: 0.644715
actor	event id: 275000	time 0.0012615s
model014	induce summary	slice: 132065	diagonal: 26.4393	fud cardinality: 178	model cardinality: 3914	fuds per threshold: 0.647094
model014	induce summary	slice: 132182	diagonal: 19.4533	fud cardinality: 179	model cardinality: 3934	fuds per threshold: 0.649473
model014	induce summary	slice: 131570	diagonal: 18.4691	fud cardinality: 180	model cardinality: 3954	fuds per threshold: 0.652571
actor	event id: 276000	time 0.0017806s
model014	induce summary	slice: 132081	diagonal: 30.2031	fud cardinality: 181	model cardinality: 3989	fuds per threshold: 0.655275
actor	event id: 277000	time 0.0017615s
model014	induce summary	slice: 131696	diagonal: 24.5822	fud cardinality: 182	model cardinality: 4011	fuds per threshold: 0.655308
actor	event id: 278000	time 0.0013327s
actor	event id: 279000	time 0.0014413s
model014	induce summary	slice: 131562	diagonal: 24.3203	fud cardinality: 183	model cardinality: 4031	fuds per threshold: 0.655782
actor	event id: 280000	time 0.0013936s
model014	induce summary	slice: 131572	diagonal: 23.4275	fud cardinality: 184	model cardinality: 4053	fuds per threshold: 0.655159
actor	event id: 281000	time 0.001618s
model014	induce summary	slice: 132227	diagonal: 24.9275	fud cardinality: 185	model cardinality: 4072	fuds per threshold: 0.657483
model014	induce summary	slice: 131623	diagonal: 22.5355	fud cardinality: 186	model cardinality: 4092	fuds per threshold: 0.660577
actor	event id: 282000	time 0.0016675s
model014	induce summary	slice: 131902	diagonal: 39.5796	fud cardinality: 187	model cardinality: 4153	fuds per threshold: 0.662735
model014	induce summary	slice: 132166	diagonal: 23.0676	fud cardinality: 188	model cardinality: 4176	fuds per threshold: 0.664414
actor	event id: 283000	time 0.0022702s
model014	induce summary	slice: 131776	diagonal: 20.2428	fud cardinality: 189	model cardinality: 4196	fuds per threshold: 0.666469
actor	event id: 284000	time 0.0015023s
model014	induce summary	slice: 131990	diagonal: 22.3564	fud cardinality: 190	model cardinality: 4210	fuds per threshold: 0.668101
actor	event id: 285000	time 0.0014978s
model014	induce summary	slice: 131931	diagonal: 19.9278	fud cardinality: 191	model cardinality: 4231	fuds per threshold: 0.670063
actor	event id: 286000	time 0.0019152s
model014	induce summary	slice: 131788	diagonal: 36.4122	fud cardinality: 192	model cardinality: 4273	fuds per threshold: 0.669587
actor	event id: 287000	time 0.0013918s
model014	induce summary	slice: 131127	diagonal: 24.6251	fud cardinality: 193	model cardinality: 4295	fuds per threshold: 0.671931
actor	event id: 288000	time 0.0021895s
actor	event id: 289000	time 0.0023665s
actor	event id: 290000	time 0.0014666s
model014	induce summary	slice: 132180	diagonal: 27.3418	fud cardinality: 194	model cardinality: 4322	fuds per threshold: 0.668348
actor	event id: 291000	time 0.0011547s
model014	induce summary	slice: 132241	diagonal: 23.4648	fud cardinality: 195	model cardinality: 4341	fuds per threshold: 0.668945
actor	event id: 292000	time 0.001105s
model014	induce summary	slice: 131656	diagonal: 17.774	fud cardinality: 196	model cardinality: 4361	fuds per threshold: 0.670718
model014	induce summary	slice: 132362	diagonal: 22.6442	fud cardinality: 197	model cardinality: 4381	fuds per threshold: 0.673652
actor	event id: 293000	time 0.0017222s
model014	induce summary	slice: 131916	diagonal: 27.5288	fud cardinality: 198	model cardinality: 4415	fuds per threshold: 0.675445
actor	event id: 294000	time 0.002664s
actor	event id: 295000	time 0.0014382s
model014	induce summary	slice: 131805	diagonal: 23.0665	fud cardinality: 199	model cardinality: 4435	fuds per threshold: 0.673371
model014	induce summary	slice: 131292	diagonal: 25.9278	fud cardinality: 200	model cardinality: 4455	fuds per threshold: 0.676297
actor	event id: 296000	time 0.0169124s
model014	induce summary	slice: 132393	diagonal: 24.0204	fud cardinality: 201	model cardinality: 4477	fuds per threshold: 0.678541
actor	event id: 297000	time 0.0008681s
actor	event id: 298000	time 0.0023721s
actor	event id: 299000	time 0.0007641s
model014	induce summary	slice: 131158	diagonal: 23.684	fud cardinality: 202	model cardinality: 4499	fuds per threshold: 0.675206
actor	event id: 300000	time 0.0021312s
actor	event id: 301000	time 0.0014943s
actor	event id: 302000	time 0.0013785s
actor	event id: 303000	time 0.0015442s
actor	event id: 304000	time 0.0011801s
actor	event id: 305000	time 0.000858s
actor	event id: 306000	time 0.0021943s
actor	event id: 307000	time 0.0010506s
model014	induce summary	slice: 132118	diagonal: 26.3952	fud cardinality: 203	model cardinality: 4518	fuds per threshold: 0.659854
actor	event id: 308000	time 0.0015359s
actor	event id: 309000	time 0.0012012s
model014	induce summary	slice: 131195	diagonal: 23.5892	fud cardinality: 204	model cardinality: 4552	fuds per threshold: 0.659818
actor	event id: 310000	time 0.0011133s
model014	induce summary	slice: 132531	diagonal: 23.7586	fud cardinality: 205	model cardinality: 4570	fuds per threshold: 0.659945
model014	induce summary	slice: 132197	diagonal: 20.1409	fud cardinality: 206	model cardinality: 4589	fuds per threshold: 0.662644
actor	event id: 311000	time 0.0013932s
model014	induce summary	slice: 132133	diagonal: 23.1814	fud cardinality: 207	model cardinality: 4609	fuds per threshold: 0.663615
actor	event id: 312000	time 0.0021464s
model014	induce summary	slice: 132104	diagonal: 16.854	fud cardinality: 208	model cardinality: 4628	fuds per threshold: 0.665455
actor	event id: 313000	time 0.0015645s
actor	event id: 314000	time 0.0011583s
model014	induce summary	slice: 132209	diagonal: 24.7765	fud cardinality: 209	model cardinality: 4651	fuds per threshold: 0.664894
model014	induce summary	slice: 131141	diagonal: 24.8678	fud cardinality: 210	model cardinality: 4672	fuds per threshold: 0.667574
model014	induce summary	slice: 131885	diagonal: 26.4022	fud cardinality: 211	model cardinality: 4688	fuds per threshold: 0.67019
actor	event id: 315000	time 0.0015154s
model014	induce summary	slice: 132039	diagonal: 23.642	fud cardinality: 212	model cardinality: 4708	fuds per threshold: 0.672043
actor	event id: 316000	time 0.0011841s
actor	event id: 317000	time 0.0009587s
actor	event id: 318000	time 0.0009852s
model014	induce summary	slice: 131200	diagonal: 22.2655	fud cardinality: 213	model cardinality: 4728	fuds per threshold: 0.668877
actor	event id: 319000	time 0.0019664s
model014	induce summary	slice: 132574	diagonal: 21.9869	fud cardinality: 214	model cardinality: 4749	fuds per threshold: 0.668859
actor	event id: 320000	time 0.0009632s
model014	induce summary	slice: 131149	diagonal: 27.3557	fud cardinality: 215	model cardinality: 4769	fuds per threshold: 0.670659
actor	event id: 321000	time 0.0014586s
actor	event id: 322000	time 0.0018503s
actor	event id: 323000	time 0.0019764s
actor	event id: 324000	time 0.0009854s
model014	induce summary	slice: 131189	diagonal: 19.0261	fud cardinality: 216	model cardinality: 4788	fuds per threshold: 0.666099
actor	event id: 325000	time 0.0015008s
actor	event id: 326000	time 0.0012607s
model014	induce summary	slice: 132770	diagonal: 24.9807	fud cardinality: 217	model cardinality: 4810	fuds per threshold: 0.665522
actor	event id: 327000	time 0.001484s
actor	event id: 328000	time 0.0010877s
model014	induce summary	slice: 131718	diagonal: 16.9347	fud cardinality: 218	model cardinality: 4830	fuds per threshold: 0.663728
model014	induce summary	slice: 132167	diagonal: 26.9092	fud cardinality: 219	model cardinality: 4849	fuds per threshold: 0.666383
model014	induce summary	slice: 131275	diagonal: 25.3495	fud cardinality: 220	model cardinality: 4869	fuds per threshold: 0.669035
actor	event id: 329000	time 0.0013614s
actor	event id: 330000	time 0.0009562s
actor	event id: 331000	time 0.0015958s
actor	event id: 332000	time 0.0013955s
actor	event id: 333000	time 0.0012482s
actor	event id: 334000	time 0.0023976s
actor	event id: 335000	time 0.00083s
model014	induce summary	slice: 131957	diagonal: 32.2199	fud cardinality: 221	model cardinality: 4919	fuds per threshold: 0.659536
model014	induce summary	slice: 131641	diagonal: 29.3399	fud cardinality: 222	model cardinality: 4939	fuds per threshold: 0.662141
actor	event id: 336000	time 0.0013047s
actor	event id: 337000	time 0.0008176s
actor	event id: 338000	time 0.0015639s
actor	event id: 339000	time 0.0013058s
actor	event id: 340000	time 0.0016385s
model014	induce summary	slice: 131443	diagonal: 29.7249	fud cardinality: 223	model cardinality: 4963	fuds per threshold: 0.654527
actor	event id: 341000	time 0.0007786s
model014	induce summary	slice: 132050	diagonal: 27.6569	fud cardinality: 224	model cardinality: 4989	fuds per threshold: 0.655707
actor	event id: 342000	time 0.0011809s
actor	event id: 343000	time 0.0012373s
actor	event id: 344000	time 0.0013444s
model014	induce summary	slice: 132297	diagonal: 30.4974	fud cardinality: 225	model cardinality: 5018	fuds per threshold: 0.652499
actor	event id: 345000	time 0.0019645s
model014	induce summary	slice: 132547	diagonal: 22.5359	fud cardinality: 226	model cardinality: 5038	fuds per threshold: 0.653255
actor	event id: 346000	time 0.0015349s
actor	event id: 347000	time 0.0011295s
model014	induce summary	slice: 132695	diagonal: 21.4652	fud cardinality: 227	model cardinality: 5057	fuds per threshold: 0.652711
actor	event id: 348000	time 0.0009866s
model014	induce summary	slice: 132151	diagonal: 26.2723	fud cardinality: 228	model cardinality: 5096	fuds per threshold: 0.654353
actor	event id: 349000	time 0.0014163s
actor	event id: 350000	time 0.0012561s
actor	event id: 351000	time 0.0008044s
model014	induce summary	slice: 132650	diagonal: 25.7135	fud cardinality: 229	model cardinality: 5117	fuds per threshold: 0.652355
actor	event id: 352000	time 0.001699s
model014	induce summary	slice: 132023	diagonal: 26.4022	fud cardinality: 230	model cardinality: 5134	fuds per threshold: 0.652482
actor	event id: 353000	time 0.0008065s
model014	induce summary	slice: 132392	diagonal: 25.4895	fud cardinality: 231	model cardinality: 5153	fuds per threshold: 0.654235
actor	event id: 354000	time 0.0008426s
model014	induce summary	slice: 131959	diagonal: 28.4109	fud cardinality: 232	model cardinality: 5185	fuds per threshold: 0.655256
actor	event id: 355000	time 0.0022987s
actor	event id: 356000	time 0.0019023s
actor	event id: 357000	time 0.0014988s
actor	event id: 358000	time 0.0012691s
model014	induce summary	slice: 131116	diagonal: 22.9029	fud cardinality: 233	model cardinality: 5205	fuds per threshold: 0.649148
actor	event id: 359000	time 0.0008256s
model014	induce summary	slice: 132347	diagonal: 25.6163	fud cardinality: 234	model cardinality: 5227	fuds per threshold: 0.651477
actor	event id: 360000	time 0.0014013s
model014	induce summary	slice: 131228	diagonal: 26.478	fud cardinality: 235	model cardinality: 5247	fuds per threshold: 0.651945
actor	event id: 361000	time 0.0014078s
model014	induce summary	slice: 132726	diagonal: 26.0351	fud cardinality: 236	model cardinality: 5267	fuds per threshold: 0.652792
model014	induce summary	slice: 131091	diagonal: 30.7222	fud cardinality: 237	model cardinality: 5295	fuds per threshold: 0.654986
actor	event id: 362000	time 0.0010883s
model014	induce summary	slice: 132135	diagonal: 25.1344	fud cardinality: 238	model cardinality: 5317	fuds per threshold: 0.655691
actor	event id: 363000	time 0.0010376s
actor	event id: 364000	time 0.0017242s
actor	event id: 365000	time 0.0014375s
model014	induce summary	slice: 132423	diagonal: 30.1283	fud cardinality: 239	model cardinality: 5344	fuds per threshold: 0.653913
model014	induce summary	slice: 132438	diagonal: 22.2021	fud cardinality: 240	model cardinality: 5367	fuds per threshold: 0.655852
actor	event id: 366000	time 0.0017947s
actor	event id: 367000	time 0.0015294s
model014	induce summary	slice: 132299	diagonal: 25.8186	fud cardinality: 241	model cardinality: 5388	fuds per threshold: 0.655583
actor	event id: 368000	time 0.0011936s
model014	induce summary	slice: 132185	diagonal: 26.0283	fud cardinality: 242	model cardinality: 5414	fuds per threshold: 0.657037
model014	induce summary	slice: 132329	diagonal: 31.6774	fud cardinality: 243	model cardinality: 5454	fuds per threshold: 0.658922
actor	event id: 369000	time 0.0016236s
actor	event id: 370000	time 0.0009853s
model014	induce summary	slice: 132360	diagonal: 32.3976	fud cardinality: 244	model cardinality: 5486	fuds per threshold: 0.658612
model014	induce summary	slice: 132284	diagonal: 26.2079	fud cardinality: 245	model cardinality: 5505	fuds per threshold: 0.660427
actor	event id: 371000	time 0.0014492s
actor	event id: 372000	time 0.0013642s
model014	induce summary	slice: 131190	diagonal: 22.2399	fud cardinality: 246	model cardinality: 5524	fuds per threshold: 0.661084
model014	induce summary	slice: 132847	diagonal: 21.2822	fud cardinality: 247	model cardinality: 5543	fuds per threshold: 0.663215
actor	event id: 373000	time 0.0010293s
actor	event id: 374000	time 0.0011777s
model014	induce summary	slice: 131210	diagonal: 22.8464	fud cardinality: 248	model cardinality: 5565	fuds per threshold: 0.662683
actor	event id: 375000	time 0.0011845s
actor	event id: 376000	time 0.0007968s
model014	induce summary	slice: 131780	diagonal: 26.2263	fud cardinality: 249	model cardinality: 5587	fuds per threshold: 0.66184
actor	event id: 377000	time 0.0012402s
model014	induce summary	slice: 131111	diagonal: 27.1375	fud cardinality: 250	model cardinality: 5607	fuds per threshold: 0.662743
actor	event id: 378000	time 0.0014123s
actor	event id: 379000	time 0.0021597s
model014	induce summary	slice: 131105	diagonal: 15.6567	fud cardinality: 251	model cardinality: 5627	fuds per threshold: 0.661104
actor	event id: 380000	time 0.0015754s
model014	induce summary	slice: 132454	diagonal: 24.3556	fud cardinality: 252	model cardinality: 5647	fuds per threshold: 0.662168
actor	event id: 381000	time 0.0015223s
model014	induce summary	slice: 132452	diagonal: 22.76	fud cardinality: 253	model cardinality: 5671	fuds per threshold: 0.663144
actor	event id: 382000	time 0.0015583s
actor	event id: 383000	time 0.001814s
actor	event id: 384000	time 0.0016451s
actor	event id: 385000	time 0.0008655s
model014	induce summary	slice: 132225	diagonal: 33.6005	fud cardinality: 254	model cardinality: 5704	fuds per threshold: 0.658167
actor	event id: 386000	time 0.0013161s
model014	induce summary	slice: 132515	diagonal: 27.3298	fud cardinality: 255	model cardinality: 5732	fuds per threshold: 0.660307
model014	induce summary	slice: 132907	diagonal: 24.7949	fud cardinality: 256	model cardinality: 5752	fuds per threshold: 0.661916
actor	event id: 387000	time 0.0015123s
actor	event id: 388000	time 0.0025263s
model014	induce summary	slice: 132440	diagonal: 22.9014	fud cardinality: 257	model cardinality: 5771	fuds per threshold: 0.660859
actor	event id: 389000	time 0.0007357s
actor	event id: 390000	time 0.0020034s
actor	event id: 391000	time 0.0011657s
actor	event id: 392000	time 0.0020123s
actor	event id: 393000	time 0.0011311s
actor	event id: 394000	time 0.0011907s
model014	induce summary	slice: 132266	diagonal: 25.5213	fud cardinality: 258	model cardinality: 5791	fuds per threshold: 0.65457
model014	induce summary	slice: 132832	diagonal: 24.1005	fud cardinality: 259	model cardinality: 5811	fuds per threshold: 0.656447
actor	event id: 395000	time 0.0016628s
model014	induce summary	slice: 131139	diagonal: 19.4574	fud cardinality: 260	model cardinality: 5831	fuds per threshold: 0.657037
actor	event id: 396000	time 0.0010745s
model014	induce summary	slice: 132375	diagonal: 28.8585	fud cardinality: 261	model cardinality: 5869	fuds per threshold: 0.657994
actor	event id: 397000	time 0.0011757s
actor	event id: 398000	time 0.001324s
model014	induce summary	slice: 131117	diagonal: 25.6827	fud cardinality: 262	model cardinality: 5889	fuds per threshold: 0.657327
model014	induce summary	slice: 132120	diagonal: 25.7229	fud cardinality: 263	model cardinality: 5908	fuds per threshold: 0.659293
actor	event id: 399000	time 0.0012344s
actor	event id: 400000	time 0.0011674s
model014	induce summary	slice: 133079	diagonal: 20.8602	fud cardinality: 264	model cardinality: 5929	fuds per threshold: 0.658933
actor	event id: 401000	time 0.001471s
actor	event id: 402000	time 0.0011077s
actor	event id: 403000	time 0.0013566s
actor	event id: 404000	time 0.0013691s
actor	event id: 405000	time 0.0013594s
model014	induce summary	slice: 132282	diagonal: 30.3797	fud cardinality: 265	model cardinality: 5971	fuds per threshold: 0.653875
model014	induce summary	slice: 132652	diagonal: 18.705	fud cardinality: 266	model cardinality: 5991	fuds per threshold: 0.656
actor	event id: 406000	time 0.0010451s
actor	event id: 407000	time 0.0015923s
actor	event id: 408000	time 0.0011659s
model014	induce summary	slice: 131430	diagonal: 21.5943	fud cardinality: 267	model cardinality: 6011	fuds per threshold: 0.653937
actor	event id: 409000	time 0.0016906s
model014	induce summary	slice: 132315	diagonal: 30.8939	fud cardinality: 268	model cardinality: 6044	fuds per threshold: 0.653939
actor	event id: 410000	time 0.0012963s
model014	induce summary	slice: 131157	diagonal: 24.0723	fud cardinality: 269	model cardinality: 6064	fuds per threshold: 0.656066
actor	event id: 411000	time 0.0007705s
model014	induce summary	slice: 131126	diagonal: 31.65	fud cardinality: 270	model cardinality: 6092	fuds per threshold: 0.656864
actor	event id: 412000	time 0.0015233s
model014	induce summary	slice: 131122	diagonal: 34.2966	fud cardinality: 271	model cardinality: 6129	fuds per threshold: 0.656931
actor	event id: 413000	time 0.0014001s
actor	event id: 414000	time 0.0006611s
model014	induce summary	slice: 132259	diagonal: 26.0701	fud cardinality: 272	model cardinality: 6149	fuds per threshold: 0.655668
actor	event id: 415000	time 0.0009195s
model014	induce summary	slice: 132635	diagonal: 24.706	fud cardinality: 273	model cardinality: 6168	fuds per threshold: 0.657673
actor	event id: 416000	time 0.001238s
model014	induce summary	slice: 133896	diagonal: 22.2175	fud cardinality: 274	model cardinality: 6187	fuds per threshold: 0.658027
model014	induce summary	slice: 131123	diagonal: 22.8696	fud cardinality: 275	model cardinality: 6206	fuds per threshold: 0.659719
actor	event id: 417000	time 0.0018522s
model014	induce summary	slice: 132498	diagonal: 31.6274	fud cardinality: 276	model cardinality: 6237	fuds per threshold: 0.660825
actor	event id: 418000	time 0.0013724s
model014	induce summary	slice: 133081	diagonal: 21.3455	fud cardinality: 277	model cardinality: 6257	fuds per threshold: 0.661843
actor	event id: 419000	time 0.0008674s
model014	induce summary	slice: 131906	diagonal: 25.0201	fud cardinality: 278	model cardinality: 6276	fuds per threshold: 0.663206
model014	induce summary	slice: 131364	diagonal: 25.6993	fud cardinality: 279	model cardinality: 6298	fuds per threshold: 0.665027
actor	event id: 420000	time 0.0024195s
actor	event id: 421000	time 0.0016734s
model014	induce summary	slice: 132473	diagonal: 16.3692	fud cardinality: 280	model cardinality: 6319	fuds per threshold: 0.664137
actor	event id: 422000	time 0.0011262s
actor	event id: 423000	time 0.0016021s
actor	event id: 424000	time 0.002383s
actor	event id: 425000	time 0.0011125s
actor	event id: 426000	time 0.0011552s
actor	event id: 427000	time 0.0013648s
model014	induce summary	slice: 131119	diagonal: 26.0074	fud cardinality: 281	model cardinality: 6340	fuds per threshold: 0.657808
model014	induce summary	slice: 132708	diagonal: 27.5908	fud cardinality: 282	model cardinality: 6373	fuds per threshold: 0.659359
model014	induce summary	slice: 131128	diagonal: 24.9363	fud cardinality: 283	model cardinality: 6392	fuds per threshold: 0.661376
actor	event id: 428000	time 0.0010125s
model014	induce summary	slice: 131109	diagonal: 24.9954	fud cardinality: 284	model cardinality: 6412	fuds per threshold: 0.663031
model014	induce summary	slice: 132409	diagonal: 20.7393	fud cardinality: 285	model cardinality: 6432	fuds per threshold: 0.664869
model014	induce summary	slice: 132923	diagonal: 25.9711	fud cardinality: 286	model cardinality: 6452	fuds per threshold: 0.666716
actor	event id: 429000	time 0.0012807s
model014	induce summary	slice: 131129	diagonal: 24.0193	fud cardinality: 287	model cardinality: 6472	fuds per threshold: 0.668574
model014	induce summary	slice: 133157	diagonal: 24.7124	fud cardinality: 288	model cardinality: 6494	fuds per threshold: 0.670404
actor	event id: 430000	time 0.0012296s
model014	induce summary	slice: 131171	diagonal: 25.2102	fud cardinality: 289	model cardinality: 6515	fuds per threshold: 0.671612
actor	event id: 431000	time 0.0011993s
model014	induce summary	slice: 132529	diagonal: 25.0927	fud cardinality: 290	model cardinality: 6538	fuds per threshold: 0.671788
actor	event id: 432000	time 0.0018544s
actor	event id: 433000	time 0.0014544s
actor	event id: 434000	time 0.0018156s
model014	induce summary	slice: 131133	diagonal: 26.8582	fud cardinality: 291	model cardinality: 6572	fuds per threshold: 0.669113
actor	event id: 435000	time 0.0008796s
model014	induce summary	slice: 132604	diagonal: 22.4693	fud cardinality: 292	model cardinality: 6593	fuds per threshold: 0.671098
model014	induce summary	slice: 131163	diagonal: 15.6273	fud cardinality: 293	model cardinality: 6613	fuds per threshold: 0.672969
model014	induce summary	slice: 132425	diagonal: 23.3305	fud cardinality: 294	model cardinality: 6633	fuds per threshold: 0.674621
actor	event id: 436000	time 0.0015832s
model014	induce summary	slice: 132636	diagonal: 29.4326	fud cardinality: 295	model cardinality: 6664	fuds per threshold: 0.675855
model014	induce summary	slice: 131567	diagonal: 23.704	fud cardinality: 296	model cardinality: 6682	fuds per threshold: 0.677451
actor	event id: 437000	time 0.0020118s
model014	induce summary	slice: 131540	diagonal: 29.0685	fud cardinality: 297	model cardinality: 6706	fuds per threshold: 0.679199
actor	event id: 438000	time 0.0015403s
actor	event id: 439000	time 0.0010722s
actor	event id: 440000	time 0.0015262s
model014	induce summary	slice: 131164	diagonal: 15.266	fud cardinality: 298	model cardinality: 6726	fuds per threshold: 0.676074
actor	event id: 441000	time 0.0013143s
model014	induce summary	slice: 133652	diagonal: 24.3877	fud cardinality: 299	model cardinality: 6755	fuds per threshold: 0.677961
model014	induce summary	slice: 132468	diagonal: 18.4181	fud cardinality: 300	model cardinality: 6775	fuds per threshold: 0.679539
actor	event id: 442000	time 0.0021427s
model014	induce summary	slice: 133020	diagonal: 24.4325	fud cardinality: 301	model cardinality: 6800	fuds per threshold: 0.680848
actor	event id: 443000	time 0.0014538s
actor	event id: 444000	time 0.0013599s
model014	induce summary	slice: 131185	diagonal: 23.3669	fud cardinality: 302	model cardinality: 6835	fuds per threshold: 0.680052
actor	event id: 445000	time 0.001109s
model014	induce summary	slice: 131168	diagonal: 17.9621	fud cardinality: 303	model cardinality: 6850	fuds per threshold: 0.680165
actor	event id: 446000	time 0.001281s
actor	event id: 447000	time 0.001722s
actor	event id: 448000	time 0.0008986s
actor	event id: 449000	time 0.0012167s
model014	induce summary	slice: 132407	diagonal: 25.4808	fud cardinality: 304	model cardinality: 6869	fuds per threshold: 0.676765
actor	event id: 450000	time 0.0015257s
model014	induce summary	slice: 132576	diagonal: 27.0348	fud cardinality: 305	model cardinality: 6893	fuds per threshold: 0.676701
actor	event id: 451000	time 0.0013644s
actor	event id: 452000	time 0.0013532s
model014	induce summary	slice: 132500	diagonal: 22.6698	fud cardinality: 306	model cardinality: 6914	fuds per threshold: 0.676847
model014	induce summary	slice: 132034	diagonal: 28.1942	fud cardinality: 307	model cardinality: 6933	fuds per threshold: 0.678405
model014	induce summary	slice: 131112	diagonal: 23.6412	fud cardinality: 308	model cardinality: 6953	fuds per threshold: 0.680086
actor	event id: 453000	time 0.0015438s
model014	induce summary	slice: 131136	diagonal: 31.5605	fud cardinality: 309	model cardinality: 6997	fuds per threshold: 0.68159
model014	induce summary	slice: 133220	diagonal: 25.6817	fud cardinality: 310	model cardinality: 7017	fuds per threshold: 0.683277
actor	event id: 454000	time 0.0010841s
actor	event id: 455000	time 0.0009412s
actor	event id: 456000	time 0.0023754s
actor	event id: 457000	time 0.0012533s
model014	induce summary	slice: 133423	diagonal: 23.1901	fud cardinality: 311	model cardinality: 7040	fuds per threshold: 0.679686
actor	event id: 458000	time 0.0017563s
model014	induce summary	slice: 132620	diagonal: 24.5022	fud cardinality: 312	model cardinality: 7060	fuds per threshold: 0.680391
actor	event id: 459000	time 0.0008989s
model014	induce summary	slice: 132738	diagonal: 25.6495	fud cardinality: 313	model cardinality: 7083	fuds per threshold: 0.680719
actor	event id: 460000	time 0.0013707s
model014	induce summary	slice: 132046	diagonal: 22.8999	fud cardinality: 314	model cardinality: 7101	fuds per threshold: 0.682265
actor	event id: 461000	time 0.0012314s
model014	induce summary	slice: 133284	diagonal: 29.653	fud cardinality: 315	model cardinality: 7124	fuds per threshold: 0.683108
actor	event id: 462000	time 0.0010189s
model014	induce summary	slice: 132618	diagonal: 26.6157	fud cardinality: 316	model cardinality: 7149	fuds per threshold: 0.683042
model014	induce summary	slice: 133204	diagonal: 25.2042	fud cardinality: 317	model cardinality: 7169	fuds per threshold: 0.684736
actor	event id: 463000	time 0.002214s
model014	induce summary	slice: 132562	diagonal: 35.8152	fud cardinality: 318	model cardinality: 7203	fuds per threshold: 0.686232
actor	event id: 464000	time 0.0014628s
model014	induce summary	slice: 133003	diagonal: 21.9246	fud cardinality: 319	model cardinality: 7223	fuds per threshold: 0.687352
actor	event id: 465000	time 0.0018888s
actor	event id: 466000	time 0.001545s
model014	induce summary	slice: 132484	diagonal: 26.6048	fud cardinality: 320	model cardinality: 7243	fuds per threshold: 0.686471
actor	event id: 467000	time 0.0019011s
model014	induce summary	slice: 132925	diagonal: 24.6133	fud cardinality: 321	model cardinality: 7263	fuds per threshold: 0.686796
actor	event id: 468000	time 0.001593s
actor	event id: 469000	time 0.0012464s
model014	induce summary	slice: 133667	diagonal: 24.1687	fud cardinality: 322	model cardinality: 7274	fuds per threshold: 0.685486
actor	event id: 470000	time 0.0011808s
actor	event id: 471000	time 0.0016968s
actor	event id: 472000	time 0.0008453s
model014	induce summary	slice: 132863	diagonal: 20.0924	fud cardinality: 323	model cardinality: 7294	fuds per threshold: 0.683083
actor	event id: 473000	time 0.0011597s
actor	event id: 474000	time 0.0016122s
model014	induce summary	slice: 131095	diagonal: 23.2909	fud cardinality: 324	model cardinality: 7314	fuds per threshold: 0.682951
actor	event id: 475000	time 0.0008755s
actor	event id: 476000	time 0.0012793s
actor	event id: 477000	time 0.0014454s
actor	event id: 478000	time 0.0021076s
actor	event id: 479000	time 0.0013144s
model014	induce summary	slice: 131571	diagonal: 19.9186	fud cardinality: 325	model cardinality: 7334	fuds per threshold: 0.678378
model014	induce summary	slice: 131140	diagonal: 26.6467	fud cardinality: 326	model cardinality: 7371	fuds per threshold: 0.679314
actor	event id: 480000	time 0.0012114s
model014	induce summary	slice: 132563	diagonal: 23.8384	fud cardinality: 327	model cardinality: 7392	fuds per threshold: 0.680218
actor	event id: 481000	time 0.0030965s
actor	event id: 482000	time 0.0009071s
model014	induce summary	slice: 132972	diagonal: 27.468	fud cardinality: 328	model cardinality: 7428	fuds per threshold: 0.680216
actor	event id: 483000	time 0.0020759s
actor	event id: 484000	time 0.00118s
actor	event id: 485000	time 0.0007954s
model014	induce summary	slice: 132667	diagonal: 24.8179	fud cardinality: 329	model cardinality: 7448	fuds per threshold: 0.678149
actor	event id: 486000	time 0.0009903s
actor	event id: 487000	time 0.00161s
actor	event id: 488000	time 0.0018692s
model014	induce summary	slice: 133110	diagonal: 26.6521	fud cardinality: 330	model cardinality: 7469	fuds per threshold: 0.67504
actor	event id: 489000	time 0.0012345s
model014	induce summary	slice: 132834	diagonal: 31.8369	fud cardinality: 331	model cardinality: 7499	fuds per threshold: 0.676737
model014	induce summary	slice: 132546	diagonal: 27.3114	fud cardinality: 332	model cardinality: 7530	fuds per threshold: 0.678066
actor	event id: 490000	time 0.0009617s
actor	event id: 491000	time 0.0010281s
model014	induce summary	slice: 132257	diagonal: 25.2411	fud cardinality: 333	model cardinality: 7550	fuds per threshold: 0.677783
actor	event id: 492000	time 0.0017554s
actor	event id: 493000	time 0.0012327s
model014	induce summary	slice: 131928	diagonal: 23.8674	fud cardinality: 334	model cardinality: 7573	fuds per threshold: 0.677144
actor	event id: 494000	time 0.001802s
model014	induce summary	slice: 132955	diagonal: 24.2152	fud cardinality: 335	model cardinality: 7603	fuds per threshold: 0.677348
actor	event id: 495000	time 0.0019506s
actor	event id: 496000	time 0.0016383s
actor	event id: 497000	time 0.0023801s
actor	event id: 498000	time 0.0008519s
model014	induce summary	slice: 131576	diagonal: 21.1228	fud cardinality: 336	model cardinality: 7623	fuds per threshold: 0.674471
model014	induce summary	slice: 133233	diagonal: 25.689	fud cardinality: 337	model cardinality: 7643	fuds per threshold: 0.676218
actor	event id: 499000	time 0.0008691s
actor	event id: 500000	time 0.0008307s
model014	induce summary	slice: 133551	diagonal: 21.5141	fud cardinality: 338	model cardinality: 7665	fuds per threshold: 0.674678
actor	event id: 501000	time 0.0027064s
actor	event id: 502000	time 0.0022231s
actor	event id: 503000	time 0.0016137s
actor	event id: 504000	time 0.0012926s
actor	event id: 505000	time 0.0007937s
model014	induce summary	slice: 133892	diagonal: 35.0829	fud cardinality: 339	model cardinality: 7673	fuds per threshold: 0.670512
actor	event id: 506000	time 0.00131s
actor	event id: 507000	time 0.0016651s
actor	event id: 508000	time 0.0014941s
actor	event id: 509000	time 0.0013249s
model014	induce summary	slice: 133489	diagonal: 26.2648	fud cardinality: 340	model cardinality: 7692	fuds per threshold: 0.667321
actor	event id: 510000	time 0.0017767s
model014	induce summary	slice: 132956	diagonal: 24.3064	fud cardinality: 341	model cardinality: 7716	fuds per threshold: 0.667988
actor	event id: 511000	time 0.0010788s
actor	event id: 512000	time 0.0008608s
model014	induce summary	slice: 132818	diagonal: 26.9257	fud cardinality: 342	model cardinality: 7735	fuds per threshold: 0.667807
model014	induce summary	slice: 132741	diagonal: 26.9114	fud cardinality: 343	model cardinality: 7761	fuds per threshold: 0.668673
actor	event id: 513000	time 0.0013711s
model014	induce summary	slice: 132665	diagonal: 20.861	fud cardinality: 344	model cardinality: 7782	fuds per threshold: 0.670341
model014	induce summary	slice: 132788	diagonal: 23.9026	fud cardinality: 345	model cardinality: 7802	fuds per threshold: 0.671776
actor	event id: 514000	time 0.0012952s
actor	event id: 515000	time 0.0011518s
actor	event id: 516000	time 0.0014658s
model014	induce summary	slice: 132988	diagonal: 25.5784	fud cardinality: 346	model cardinality: 7822	fuds per threshold: 0.670408
actor	event id: 517000	time 0.0014222s
model014	induce summary	slice: 132267	diagonal: 28.0052	fud cardinality: 347	model cardinality: 7853	fuds per threshold: 0.67035
actor	event id: 518000	time 0.0010663s
actor	event id: 519000	time 0.0013555s
actor	event id: 520000	time 0.0017462s
actor	event id: 521000	time 0.0007475s
model014	induce summary	slice: 131132	diagonal: 28.1024	fud cardinality: 348	model cardinality: 7878	fuds per threshold: 0.667941
model014	induce summary	slice: 133329	diagonal: 26.4056	fud cardinality: 349	model cardinality: 7913	fuds per threshold: 0.669475
model014	induce summary	slice: 133250	diagonal: 22.2928	fud cardinality: 350	model cardinality: 7940	fuds per threshold: 0.670868
actor	event id: 522000	time 0.0013753s
model014	induce summary	slice: 133439	diagonal: 24.2921	fud cardinality: 351	model cardinality: 7960	fuds per threshold: 0.672249
model014	induce summary	slice: 132482	diagonal: 19.8804	fud cardinality: 352	model cardinality: 7980	fuds per threshold: 0.673303
actor	event id: 523000	time 0.0013532s
model014	induce summary	slice: 132377	diagonal: 24.0919	fud cardinality: 353	model cardinality: 8002	fuds per threshold: 0.67389
actor	event id: 524000	time 0.0017338s
actor	event id: 525000	time 0.0007638s
model014	induce summary	slice: 133174	diagonal: 24.1667	fud cardinality: 354	model cardinality: 8022	fuds per threshold: 0.67427
model014	induce summary	slice: 132786	diagonal: 26.4856	fud cardinality: 355	model cardinality: 8047	fuds per threshold: 0.674946
actor	event id: 526000	time 0.0012879s
model014	induce summary	slice: 133488	diagonal: 26.4469	fud cardinality: 356	model cardinality: 8066	fuds per threshold: 0.67586
actor	event id: 527000	time 0.0017509s
model014	induce summary	slice: 132510	diagonal: 21.9063	fud cardinality: 357	model cardinality: 8086	fuds per threshold: 0.676316
actor	event id: 528000	time 0.0017418s
model014	induce summary	slice: 131227	diagonal: 25.0225	fud cardinality: 358	model cardinality: 8108	fuds per threshold: 0.677548
model014	induce summary	slice: 133282	diagonal: 27.1732	fud cardinality: 359	model cardinality: 8128	fuds per threshold: 0.678762
actor	event id: 529000	time 0.0011761s
model014	induce summary	slice: 133345	diagonal: 24.9443	fud cardinality: 360	model cardinality: 8154	fuds per threshold: 0.68018
actor	event id: 530000	time 0.0020136s
actor	event id: 531000	time 0.0014755s
model014	induce summary	slice: 131232	diagonal: 18.4095	fud cardinality: 361	model cardinality: 8174	fuds per threshold: 0.679292
actor	event id: 532000	time 0.0012616s
actor	event id: 533000	time 0.0010041s
actor	event id: 534000	time 0.0008809s
model014	induce summary	slice: 132804	diagonal: 21.4101	fud cardinality: 362	model cardinality: 8194	fuds per threshold: 0.677649
actor	event id: 535000	time 0.00155s
actor	event id: 536000	time 0.001863s
actor	event id: 537000	time 0.0013309s
model014	induce summary	slice: 133639	diagonal: 27.0854	fud cardinality: 363	model cardinality: 8222	fuds per threshold: 0.675922
model014	induce summary	slice: 133866	diagonal: 19.7665	fud cardinality: 364	model cardinality: 8243	fuds per threshold: 0.677542
actor	event id: 538000	time 0.0017916s
actor	event id: 539000	time 0.0021441s
actor	event id: 540001	time 0.0012602s
model014	induce summary	slice: 134220	diagonal: 23.7503	fud cardinality: 365	model cardinality: 8263	fuds per threshold: 0.675286
actor	event id: 541001	time 0.0016542s
model014	induce summary	slice: 133549	diagonal: 25.8638	fud cardinality: 366	model cardinality: 8282	fuds per threshold: 0.676045
actor	event id: 542001	time 0.0031456s
actor	event id: 543001	time 0.0016079s
actor	event id: 544001	time 0.0019574s
actor	event id: 545001	time 0.0014565s
actor	event id: 546001	time 0.001165s
actor	event id: 547001	time 0.0014092s
actor	event id: 548001	time 0.0013251s
actor	event id: 549001	time 0.0008549s
model014	induce summary	slice: 131532	diagonal: 24.0382	fud cardinality: 367	model cardinality: 8302	fuds per threshold: 0.667438
actor	event id: 550001	time 0.0008676s
model014	induce summary	slice: 133612	diagonal: 31.7113	fud cardinality: 368	model cardinality: 8338	fuds per threshold: 0.668819
model014	induce summary	slice: 134036	diagonal: 23.8244	fud cardinality: 369	model cardinality: 8359	fuds per threshold: 0.670344
model014	induce summary	slice: 133395	diagonal: 23.8185	fud cardinality: 370	model cardinality: 8379	fuds per threshold: 0.671906
actor	event id: 551001	time 0.0020393s
model014	induce summary	slice: 133128	diagonal: 21.6726	fud cardinality: 371	model cardinality: 8399	fuds per threshold: 0.672623
model014	induce summary	slice: 132590	diagonal: 14.2695	fud cardinality: 372	model cardinality: 8419	fuds per threshold: 0.674118
actor	event id: 552001	time 0.0012771s
model014	induce summary	slice: 132682	diagonal: 17.6931	fud cardinality: 373	model cardinality: 8440	fuds per threshold: 0.67463
actor	event id: 553001	time 0.0009937s
actor	event id: 554001	time 0.0008557s
model014	induce summary	slice: 133097	diagonal: 18.4871	fud cardinality: 374	model cardinality: 8460	fuds per threshold: 0.67509
actor	event id: 555001	time 0.001618s
model014	induce summary	slice: 131180	diagonal: 22.8544	fud cardinality: 375	model cardinality: 8480	fuds per threshold: 0.674737
actor	event id: 556001	time 0.0013595s
actor	event id: 557001	time 0.0020573s
model014	induce summary	slice: 133251	diagonal: 20.4867	fud cardinality: 376	model cardinality: 8500	fuds per threshold: 0.674793
model014	induce summary	slice: 133019	diagonal: 21.5733	fud cardinality: 377	model cardinality: 8519	fuds per threshold: 0.67634
actor	event id: 558001	time 0.0013783s
model014	induce summary	slice: 133785	diagonal: 25.1093	fud cardinality: 378	model cardinality: 8538	fuds per threshold: 0.677322
model014	induce summary	slice: 131365	diagonal: 21.0776	fud cardinality: 379	model cardinality: 8558	fuds per threshold: 0.678288
actor	event id: 559001	time 0.0016103s
model014	induce summary	slice: 131233	diagonal: 15.8492	fud cardinality: 380	model cardinality: 8578	fuds per threshold: 0.679362
actor	event id: 560001	time 0.0012531s
actor	event id: 561001	time 0.0013242s
actor	event id: 562001	time 0.0013583s
model014	induce summary	slice: 132891	diagonal: 21.4512	fud cardinality: 381	model cardinality: 8598	fuds per threshold: 0.677777
model014	induce summary	slice: 133051	diagonal: 27.6997	fud cardinality: 382	model cardinality: 8630	fuds per threshold: 0.67913
model014	induce summary	slice: 133669	diagonal: 24.2497	fud cardinality: 383	model cardinality: 8650	fuds per threshold: 0.680482
actor	event id: 563001	time 0.0020951s
model014	induce summary	slice: 131237	diagonal: 26.237	fud cardinality: 384	model cardinality: 8674	fuds per threshold: 0.681862
model014	induce summary	slice: 132331	diagonal: 23.8694	fud cardinality: 385	model cardinality: 8694	fuds per threshold: 0.682832
actor	event id: 564001	time 0.0014201s
actor	event id: 565001	time 0.0013072s
actor	event id: 566001	time 0.0012026s
actor	event id: 567001	time 0.0017399s
actor	event id: 568001	time 0.0014727s
actor	event id: 569001	time 0.0019138s
model014	induce summary	slice: 131669	diagonal: 25.1032	fud cardinality: 386	model cardinality: 8714	fuds per threshold: 0.677397
actor	event id: 570001	time 0.0022828s
model014	induce summary	slice: 133833	diagonal: 22.8998	fud cardinality: 387	model cardinality: 8734	fuds per threshold: 0.678053
actor	event id: 571001	time 0.001468s
model014	induce summary	slice: 131252	diagonal: 17.2951	fud cardinality: 388	model cardinality: 8754	fuds per threshold: 0.678417
actor	event id: 572001	time 0.0013468s
model014	induce summary	slice: 132728	diagonal: 30.6157	fud cardinality: 389	model cardinality: 8783	fuds per threshold: 0.679851
actor	event id: 573001	time 0.0010131s
actor	event id: 574001	time 0.0012808s
model014	induce summary	slice: 133753	diagonal: 24.5067	fud cardinality: 390	model cardinality: 8803	fuds per threshold: 0.679296
actor	event id: 575001	time 0.0020177s
model014	induce summary	slice: 131147	diagonal: 24.188	fud cardinality: 391	model cardinality: 8821	fuds per threshold: 0.679428
actor	event id: 576001	time 0.000906s
model014	induce summary	slice: 132755	diagonal: 28.06	fud cardinality: 392	model cardinality: 8845	fuds per threshold: 0.680305
model014	induce summary	slice: 133064	diagonal: 24.1013	fud cardinality: 393	model cardinality: 8864	fuds per threshold: 0.681686
actor	event id: 577001	time 0.0014627s
model014	induce summary	slice: 132712	diagonal: 29.3937	fud cardinality: 394	model cardinality: 8903	fuds per threshold: 0.682109
actor	event id: 578001	time 0.0020343s
model014	induce summary	slice: 132849	diagonal: 26.9325	fud cardinality: 395	model cardinality: 8924	fuds per threshold: 0.683334
model014	induce summary	slice: 133190	diagonal: 20.8124	fud cardinality: 396	model cardinality: 8943	fuds per threshold: 0.684666
actor	event id: 579001	time 0.0011496s
actor	event id: 580001	time 0.0018983s
model014	induce summary	slice: 132772	diagonal: 25.5425	fud cardinality: 397	model cardinality: 8963	fuds per threshold: 0.684143
model014	induce summary	slice: 131138	diagonal: 24.3806	fud cardinality: 398	model cardinality: 8987	fuds per threshold: 0.685417
actor	event id: 581001	time 0.0021477s
actor	event id: 582001	time 0.0015076s
model014	induce summary	slice: 132986	diagonal: 29.1061	fud cardinality: 399	model cardinality: 9013	fuds per threshold: 0.684917
actor	event id: 583001	time 0.0013907s
model014	induce summary	slice: 131160	diagonal: 24.5895	fud cardinality: 400	model cardinality: 9031	fuds per threshold: 0.685161
actor	event id: 584001	time 0.0014323s
model014	induce summary	slice: 133343	diagonal: 23.7372	fud cardinality: 401	model cardinality: 9051	fuds per threshold: 0.686493
actor	event id: 585001	time 0.0009084s
model014	induce summary	slice: 132893	diagonal: 22.5097	fud cardinality: 402	model cardinality: 9072	fuds per threshold: 0.687029
model014	induce summary	slice: 133731	diagonal: 21.1304	fud cardinality: 403	model cardinality: 9092	fuds per threshold: 0.687915
actor	event id: 586001	time 0.0015442s
actor	event id: 587001	time 0.0024318s
model014	induce summary	slice: 133913	diagonal: 23.5028	fud cardinality: 404	model cardinality: 9111	fuds per threshold: 0.687145
actor	event id: 588001	time 0.0010593s
actor	event id: 589001	time 0.0011584s
model014	induce summary	slice: 133142	diagonal: 21.8629	fud cardinality: 405	model cardinality: 9131	fuds per threshold: 0.687242
actor	event id: 590001	time 0.0015781s
model014	induce summary	slice: 132757	diagonal: 25.2537	fud cardinality: 406	model cardinality: 9175	fuds per threshold: 0.687613
actor	event id: 591001	time 0.0027873s
actor	event id: 592001	time 0.0015157s
model014	induce summary	slice: 133159	diagonal: 20.9739	fud cardinality: 407	model cardinality: 9195	fuds per threshold: 0.68718
model014	induce summary	slice: 131392	diagonal: 27.1044	fud cardinality: 408	model cardinality: 9217	fuds per threshold: 0.688041
actor	event id: 593001	time 0.001985s
model014	induce summary	slice: 133943	diagonal: 27.1	fud cardinality: 409	model cardinality: 9237	fuds per threshold: 0.6889
actor	event id: 594001	time 0.0013681s
actor	event id: 595001	time 0.0026955s
model014	induce summary	slice: 131596	diagonal: 22.5102	fud cardinality: 410	model cardinality: 9260	fuds per threshold: 0.689039
model014	induce summary	slice: 131204	diagonal: 23.1298	fud cardinality: 411	model cardinality: 9282	fuds per threshold: 0.690102
actor	event id: 596001	time 0.0025079s
model014	induce summary	slice: 132697	diagonal: 21.1124	fud cardinality: 412	model cardinality: 9304	fuds per threshold: 0.691127
actor	event id: 597001	time 0.0018063s
actor	event id: 598001	time 0.0011663s
model014	induce summary	slice: 133314	diagonal: 23.4667	fud cardinality: 413	model cardinality: 9324	fuds per threshold: 0.690497
actor	event id: 599001	time 0.002531s
actor	event id: 600001	time 0.0015649s
actor	event id: 601001	time 0.001768s
actor	event id: 602001	time 0.0019436s
model014	induce summary	slice: 132970	diagonal: 27.889	fud cardinality: 414	model cardinality: 9355	fuds per threshold: 0.686681
actor	event id: 603001	time 0.0013656s
model014	induce summary	slice: 133890	diagonal: 26.2779	fud cardinality: 415	model cardinality: 9375	fuds per threshold: 0.688093
actor	event id: 604001	time 0.0022427s
actor	event id: 605001	time 0.0018002s
actor	event id: 606001	time 0.0008607s
model014	induce summary	slice: 133504	diagonal: 25.9458	fud cardinality: 416	model cardinality: 9395	fuds per threshold: 0.686423
model014	induce summary	slice: 132588	diagonal: 26.4096	fud cardinality: 417	model cardinality: 9414	fuds per threshold: 0.687774
actor	event id: 607001	time 0.001229s
actor	event id: 608001	time 0.0014477s
model014	induce summary	slice: 133801	diagonal: 26.0554	fud cardinality: 418	model cardinality: 9439	fuds per threshold: 0.687278
model014	induce summary	slice: 132703	diagonal: 24.3022	fud cardinality: 419	model cardinality: 9461	fuds per threshold: 0.688696
model014	induce summary	slice: 134006	diagonal: 24.4112	fud cardinality: 420	model cardinality: 9480	fuds per threshold: 0.689664
actor	event id: 609001	time 0.0029984s
actor	event id: 610001	time 0.0017293s
actor	event id: 611001	time 0.0017256s
actor	event id: 612001	time 0.0014241s
model014	induce summary	slice: 133066	diagonal: 22.7415	fud cardinality: 421	model cardinality: 9510	fuds per threshold: 0.687769
actor	event id: 613001	time 0.0017457s
model014	induce summary	slice: 132602	diagonal: 23.3004	fud cardinality: 422	model cardinality: 9531	fuds per threshold: 0.687556
model014	induce summary	slice: 132512	diagonal: 25.5497	fud cardinality: 423	model cardinality: 9551	fuds per threshold: 0.688952
actor	event id: 614001	time 0.0021463s
model014	induce summary	slice: 134332	diagonal: 26.8326	fud cardinality: 424	model cardinality: 9573	fuds per threshold: 0.689507
actor	event id: 615001	time 0.0012119s
model014	induce summary	slice: 133370	diagonal: 31.5148	fud cardinality: 425	model cardinality: 9603	fuds per threshold: 0.690648
actor	event id: 616001	time 0.0014025s
model014	induce summary	slice: 131203	diagonal: 23.4904	fud cardinality: 426	model cardinality: 9623	fuds per threshold: 0.691437
actor	event id: 617001	time 0.0015152s
actor	event id: 618001	time 0.0017214s
actor	event id: 619001	time 0.0017792s
actor	event id: 620001	time 0.0010961s
actor	event id: 621001	time 0.0021555s
actor	event id: 622001	time 0.0018644s
actor	event id: 623001	time 0.0017683s
actor	event id: 624001	time 0.0027083s
actor	event id: 625001	time 0.0009099s
model014	induce summary	slice: 134605	diagonal: 26.1691	fud cardinality: 427	model cardinality: 9643	fuds per threshold: 0.68306
model014	induce summary	slice: 134038	diagonal: 26.1026	fud cardinality: 428	model cardinality: 9663	fuds per threshold: 0.684152
actor	event id: 626001	time 0.0014679s
actor	event id: 627001	time 0.0018963s
actor	event id: 628001	time 0.0026812s
model014	induce summary	slice: 131253	diagonal: 25.254	fud cardinality: 429	model cardinality: 9689	fuds per threshold: 0.682039
actor	event id: 629001	time 0.0023271s
model014	induce summary	slice: 131137	diagonal: 22.0388	fud cardinality: 430	model cardinality: 9709	fuds per threshold: 0.682839
actor	event id: 630001	time 0.002488s
model014	induce summary	slice: 134322	diagonal: 29.4872	fud cardinality: 431	model cardinality: 9740	fuds per threshold: 0.68335
actor	event id: 631001	time 0.0017098s
model014	induce summary	slice: 133299	diagonal: 17.5419	fud cardinality: 432	model cardinality: 9760	fuds per threshold: 0.683934
actor	event id: 632001	time 0.0021358s
actor	event id: 633001	time 0.0008755s
actor	event id: 634001	time 0.0014259s
actor	event id: 635001	time 0.0009568s
model014	induce summary	slice: 131135	diagonal: 21.2192	fud cardinality: 433	model cardinality: 9780	fuds per threshold: 0.681804
actor	event id: 636001	time 0.0027251s
actor	event id: 637001	time 0.0011355s
actor	event id: 638001	time 0.001085s
model014	induce summary	slice: 134710	diagonal: 22.9852	fud cardinality: 434	model cardinality: 9805	fuds per threshold: 0.68014
model014	induce summary	slice: 133814	diagonal: 21.1913	fud cardinality: 435	model cardinality: 9823	fuds per threshold: 0.681139
model014	induce summary	slice: 133297	diagonal: 27.6075	fud cardinality: 436	model cardinality: 9841	fuds per threshold: 0.682474
actor	event id: 639001	time 0.001508s
model014	induce summary	slice: 132938	diagonal: 24.6956	fud cardinality: 437	model cardinality: 9864	fuds per threshold: 0.683329
actor	event id: 640001	time 0.0023899s
actor	event id: 641001	time 0.001515s
actor	event id: 642001	time 0.0015551s
model014	induce summary	slice: 133265	diagonal: 23.65	fud cardinality: 438	model cardinality: 9884	fuds per threshold: 0.681882
actor	event id: 643001	time 0.0013392s
actor	event id: 644001	time 0.001601s
model014	induce summary	slice: 133361	diagonal: 24.8083	fud cardinality: 439	model cardinality: 9906	fuds per threshold: 0.681381
actor	event id: 645001	time 0.0025244s
actor	event id: 646001	time 0.0013514s
actor	event id: 647001	time 0.0015583s
actor	event id: 648001	time 0.0020486s
model014	induce summary	slice: 134432	diagonal: 31.5402	fud cardinality: 440	model cardinality: 9950	fuds per threshold: 0.678585
actor	event id: 649001	time 0.0013793s
actor	event id: 650001	time 0.0008876s
model014	induce summary	slice: 133095	diagonal: 25.6531	fud cardinality: 441	model cardinality: 9973	fuds per threshold: 0.678349
model014	induce summary	slice: 134069	diagonal: 26.5259	fud cardinality: 442	model cardinality: 9999	fuds per threshold: 0.679193
model014	induce summary	slice: 134054	diagonal: 23.9836	fud cardinality: 443	model cardinality: 10020	fuds per threshold: 0.6805
actor	event id: 651001	time 0.0025861s
actor	event id: 652001	time 0.0009063s
model014	induce summary	slice: 133597	diagonal: 24.8093	fud cardinality: 444	model cardinality: 10040	fuds per threshold: 0.680898
model014	induce summary	slice: 133218	diagonal: 25.7583	fud cardinality: 445	model cardinality: 10059	fuds per threshold: 0.682164
model014	induce summary	slice: 132873	diagonal: 30.6832	fud cardinality: 446	model cardinality: 10104	fuds per threshold: 0.683018
actor	event id: 653001	time 0.0029759s
model014	induce summary	slice: 133502	diagonal: 22.978	fud cardinality: 447	model cardinality: 10122	fuds per threshold: 0.683787
actor	event id: 654001	time 0.0018254s
model014	induce summary	slice: 131143	diagonal: 22.235	fud cardinality: 448	model cardinality: 10142	fuds per threshold: 0.685011
model014	induce summary	slice: 132680	diagonal: 27.2066	fud cardinality: 449	model cardinality: 10176	fuds per threshold: 0.686095
model014	induce summary	slice: 133144	diagonal: 22.9974	fud cardinality: 450	model cardinality: 10195	fuds per threshold: 0.687304
actor	event id: 655001	time 0.0026361s
actor	event id: 656001	time 0.0013668s
model014	induce summary	slice: 133315	diagonal: 22.1719	fud cardinality: 451	model cardinality: 10215	fuds per threshold: 0.68675
actor	event id: 657001	time 0.00199s
actor	event id: 658001	time 0.0020854s
actor	event id: 659001	time 0.0012909s
model014	induce summary	slice: 131216	diagonal: 21.9387	fud cardinality: 452	model cardinality: 10239	fuds per threshold: 0.685829
model014	induce summary	slice: 133769	diagonal: 24.1967	fud cardinality: 453	model cardinality: 10260	fuds per threshold: 0.686863
model014	induce summary	slice: 133641	diagonal: 18.0067	fud cardinality: 454	model cardinality: 10280	fuds per threshold: 0.688154
actor	event id: 660001	time 0.0010719s
model014	induce summary	slice: 132470	diagonal: 24.8519	fud cardinality: 455	model cardinality: 10315	fuds per threshold: 0.689093
actor	event id: 661001	time 0.0012931s
actor	event id: 662001	time 0.0013233s
model014	induce summary	slice: 134218	diagonal: 18.4675	fud cardinality: 456	model cardinality: 10335	fuds per threshold: 0.688003
model014	induce summary	slice: 131142	diagonal: 21.04	fud cardinality: 457	model cardinality: 10354	fuds per threshold: 0.689299
actor	event id: 663001	time 0.0033464s
actor	event id: 664001	time 0.0017128s
actor	event id: 665001	time 0.0017256s
actor	event id: 666001	time 0.0030922s
actor	event id: 667001	time 0.0019683s
actor	event id: 668001	time 0.001543s
actor	event id: 669001	time 0.0022571s
actor	event id: 670001	time 0.002743s
model014	induce summary	slice: 133831	diagonal: 22.395	fud cardinality: 458	model cardinality: 10376	fuds per threshold: 0.683268
model014	induce summary	slice: 134188	diagonal: 26.1511	fud cardinality: 459	model cardinality: 10404	fuds per threshold: 0.684356
actor	event id: 671001	time 0.0022621s
actor	event id: 672001	time 0.0020622s
model014	induce summary	slice: 134144	diagonal: 24.6117	fud cardinality: 460	model cardinality: 10424	fuds per threshold: 0.683958
actor	event id: 673001	time 0.0020181s
model014	induce summary	slice: 131194	diagonal: 22.2093	fud cardinality: 461	model cardinality: 10445	fuds per threshold: 0.684456
model014	induce summary	slice: 133783	diagonal: 23.631	fud cardinality: 462	model cardinality: 10465	fuds per threshold: 0.685737
actor	event id: 674001	time 0.0020984s
actor	event id: 675001	time 0.0022588s
actor	event id: 676001	time 0.0015771s
actor	event id: 677001	time 0.002677s
actor	event id: 678001	time 0.001387s
model014	induce summary	slice: 131243	diagonal: 23.8274	fud cardinality: 463	model cardinality: 10484	fuds per threshold: 0.682758
actor	event id: 679001	time 0.0014099s
model014	induce summary	slice: 131293	diagonal: 22.3287	fud cardinality: 464	model cardinality: 10504	fuds per threshold: 0.683306
actor	event id: 680001	time 0.0017165s
actor	event id: 681001	time 0.0010271s
actor	event id: 682001	time 0.0012664s
actor	event id: 683001	time 0.0009532s
model014	induce summary	slice: 132802	diagonal: 37.2467	fud cardinality: 465	model cardinality: 10535	fuds per threshold: 0.68082
model014	induce summary	slice: 135419	diagonal: 18.7569	fud cardinality: 466	model cardinality: 10555	fuds per threshold: 0.681502
model014	induce summary	slice: 133033	diagonal: 24.8515	fud cardinality: 467	model cardinality: 10575	fuds per threshold: 0.682761
actor	event id: 684001	time 0.0021103s
model014	induce summary	slice: 133453	diagonal: 24.0308	fud cardinality: 468	model cardinality: 10595	fuds per threshold: 0.683419
actor	event id: 685001	time 0.0015018s
model014	induce summary	slice: 131244	diagonal: 27.7531	fud cardinality: 469	model cardinality: 10631	fuds per threshold: 0.684372
actor	event id: 686001	time 0.0017393s
model014	induce summary	slice: 133627	diagonal: 24.434	fud cardinality: 470	model cardinality: 10656	fuds per threshold: 0.684556
actor	event id: 687001	time 0.0017515s
model014	induce summary	slice: 133800	diagonal: 22.9531	fud cardinality: 471	model cardinality: 10673	fuds per threshold: 0.684768
actor	event id: 688001	time 0.0017482s
actor	event id: 689001	time 0.0017247s
actor	event id: 690001	time 0.001477s
actor	event id: 691001	time 0.0012007s
model014	induce summary	slice: 135010	diagonal: 21.6158	fud cardinality: 472	model cardinality: 10693	fuds per threshold: 0.682089
actor	event id: 692001	time 0.0036273s
actor	event id: 693001	time 0.0009954s
model014	induce summary	slice: 133715	diagonal: 27.2826	fud cardinality: 473	model cardinality: 10716	fuds per threshold: 0.681639
actor	event id: 694001	time 0.0020894s
actor	event id: 695001	time 0.002416s
model014	induce summary	slice: 133535	diagonal: 20.755	fud cardinality: 474	model cardinality: 10736	fuds per threshold: 0.681481
actor	event id: 696001	time 0.0019743s
model014	induce summary	slice: 132705	diagonal: 28.0849	fud cardinality: 475	model cardinality: 10756	fuds per threshold: 0.682064
actor	event id: 697001	time 0.0011105s
model014	induce summary	slice: 134007	diagonal: 22.0278	fud cardinality: 476	model cardinality: 10776	fuds per threshold: 0.682629
model014	induce summary	slice: 134096	diagonal: 25.4258	fud cardinality: 477	model cardinality: 10796	fuds per threshold: 0.683781
actor	event id: 698001	time 0.0013439s
model014	induce summary	slice: 134111	diagonal: 21.5651	fud cardinality: 478	model cardinality: 10817	fuds per threshold: 0.683963
actor	event id: 699001	time 0.0018704s
model014	induce summary	slice: 132815	diagonal: 22.3217	fud cardinality: 479	model cardinality: 10846	fuds per threshold: 0.68447
actor	event id: 700001	time 0.0017266s
model014	induce summary	slice: 131082	diagonal: 36.4271	fud cardinality: 480	model cardinality: 10875	fuds per threshold: 0.684947
actor	event id: 701001	time 0.0018654s
model014	induce summary	slice: 133382	diagonal: 19.6032	fud cardinality: 481	model cardinality: 10895	fuds per threshold: 0.685822
model014	induce summary	slice: 131360	diagonal: 29.4467	fud cardinality: 482	model cardinality: 10923	fuds per threshold: 0.686661
actor	event id: 702001	time 0.0010694s
model014	induce summary	slice: 134359	diagonal: 25.4013	fud cardinality: 483	model cardinality: 10944	fuds per threshold: 0.687454
model014	induce summary	slice: 135978	diagonal: 22.8401	fud cardinality: 484	model cardinality: 10964	fuds per threshold: 0.68856
actor	event id: 703001	time 0.0015513s
actor	event id: 704001	time 0.0013225s
model014	induce summary	slice: 134697	diagonal: 20.5337	fud cardinality: 485	model cardinality: 10985	fuds per threshold: 0.688232
actor	event id: 705001	time 0.0018762s
actor	event id: 706001	time 0.0014284s
actor	event id: 707001	time 0.0013361s
model014	induce summary	slice: 131077	diagonal: 26.8484	fud cardinality: 486	model cardinality: 11017	fuds per threshold: 0.687244
model014	induce summary	slice: 135115	diagonal: 26.6919	fud cardinality: 487	model cardinality: 11037	fuds per threshold: 0.688199
actor	event id: 708001	time 0.0015691s
actor	event id: 709001	time 0.0018334s
actor	event id: 710001	time 0.0023199s
model014	induce summary	slice: 133175	diagonal: 23.911	fud cardinality: 488	model cardinality: 11057	fuds per threshold: 0.686825
actor	event id: 711001	time 0.0014322s
model014	induce summary	slice: 132865	diagonal: 23.6323	fud cardinality: 489	model cardinality: 11077	fuds per threshold: 0.687485
actor	event id: 712001	time 0.0014467s
model014	induce summary	slice: 133581	diagonal: 24.8459	fud cardinality: 490	model cardinality: 11103	fuds per threshold: 0.688117
model014	induce summary	slice: 134292	diagonal: 24.9184	fud cardinality: 491	model cardinality: 11127	fuds per threshold: 0.688964
actor	event id: 713001	time 0.0012267s
actor	event id: 714001	time 0.001205s
actor	event id: 715001	time 0.0010002s
model014	induce summary	slice: 134082	diagonal: 22.6735	fud cardinality: 492	model cardinality: 11147	fuds per threshold: 0.687904
actor	event id: 716001	time 0.0015882s
actor	event id: 717001	time 0.0017656s
actor	event id: 718001	time 0.0023262s
actor	event id: 719001	time 0.0020781s
actor	event id: 720001	time 0.0014048s
0
model014	dump	file name: model014.ac	time 2.02543s
actor	dump	file name:model014.rep
actor	status: finished
