actor	status: initialised
actor	source	file:videos/My Favorite Brunette 1947 (Comedy) Bob Hope & Dorothy Lamour [0OxS9F_kKoo].webm
actor	next video index: 33
actor	seekable: false	duration: 5255901
actor	position	120173
actor	captured	0.004593s
actor	updated	0.015161s
actor	event id: 1000	time 0.00742697s
actor	event id: 2000	time 0.017692s
actor	event id: 3000	time 0.0133153s
actor	event id: 4000	time 0.0106879s
actor	event id: 5000	time 0.00872185s
actor	event id: 6000	time 0.0109186s
actor	event id: 7000	time 0.0087775s
actor	event id: 8000	time 0.00796532s
actor	event id: 9000	time 0.00953885s
actor	event id: 10000	time 0.0072395s
actor	event id: 11000	time 0.00901239s
actor	event id: 12000	time 0.00988722s
actor	event id: 13000	time 0.009765s
actor	event id: 14000	time 0.0102702s
actor	event id: 15000	time 0.0142541s
actor	event id: 16000	time 0.0119367s
actor	event id: 17000	time 0.00996285s
actor	event id: 18000	time 0.0117838s
actor	event id: 19000	time 0.01298s
actor	event id: 20000	time 0.00759674s
actor	event id: 21000	time 0.0106719s
actor	event id: 22000	time 0.0138538s
actor	event id: 23000	time 0.0282792s
actor	event id: 24000	time 0.0273485s
actor	event id: 25000	time 0.0126928s
actor	event id: 26000	time 0.0132632s
actor	event id: 27000	time 0.0129865s
actor	event id: 28000	time 0.0122183s
actor	event id: 29000	time 0.0137621s
actor	event id: 30000	time 0.0201425s
actor	event id: 31000	time 0.00659014s
actor	event id: 32000	time 0.0074046s
actor	event id: 33000	time 0.00893893s
actor	event id: 34000	time 0.00933121s
actor	event id: 35000	time 0.00846429s
actor	event id: 36000	time 0.0107534s
actor	event id: 37000	time 0.00529979s
actor	event id: 38000	time 0.0124642s
actor	event id: 39000	time 0.0104323s
actor	event id: 40000	time 0.00732615s
actor	event id: 41000	time 0.0122305s
actor	event id: 42000	time 0.00819249s
actor	event id: 43000	time 0.0086168s
actor	event id: 44000	time 0.0120207s
actor	event id: 45000	time 0.00634987s
actor	event id: 46000	time 0.00917427s
actor	event id: 47000	time 0.012119s
actor	event id: 48000	time 0.0176193s
actor	event id: 49000	time 0.0079814s
actor	event id: 50000	time 0.0067854s
actor	event id: 51000	time 0.0238592s
actor	event id: 52000	time 0.0279952s
actor	event id: 53000	time 0.0422055s
actor	event id: 54000	time 0.0121691s
actor	event id: 55000	time 0.00744989s
actor	event id: 56000	time 0.0113708s
actor	event id: 57000	time 0.0145663s
actor	event id: 58000	time 0.0293176s
actor	event id: 59000	time 0.0183498s
actor	event id: 60000	time 0.0089957s
actor	event id: 61000	time 0.00907979s
actor	event id: 62000	time 0.010995s
actor	event id: 63000	time 0.0108804s
actor	event id: 64000	time 0.0143536s
actor	event id: 65000	time 0.0118183s
actor	event id: 66000	time 0.00879114s
actor	event id: 67000	time 0.00745497s
actor	event id: 68000	time 0.0132155s
actor	source	file:videos/Nightmare Alley 1947 Tyrone Power, Joan Blondell & Coleen Gray [DYQIgEP8E90].webm
actor	next video index: 34
actor	seekable: false	duration: 6699861
actor	event id: 69000	time 0.0122475s
actor	event id: 70000	time 0.0210603s
actor	event id: 71000	time 0.0152531s
actor	event id: 72000	time 0.00884996s
actor	event id: 73000	time 0.0085807s
actor	event id: 74000	time 0.0108159s
actor	event id: 75000	time 0.0216131s
actor	event id: 76000	time 0.0131263s
actor	event id: 77000	time 0.0112704s
actor	event id: 78000	time 0.0106082s
actor	event id: 79000	time 0.00888548s
actor	event id: 80000	time 0.0119673s
actor	event id: 81000	time 0.00985619s
actor	event id: 82000	time 0.0115922s
actor	event id: 83000	time 0.0193252s
actor	event id: 84000	time 0.0575161s
actor	event id: 85000	time 0.0347587s
actor	event id: 86000	time 0.0276109s
actor	event id: 87000	time 0.0265985s
actor	event id: 88000	time 0.0158896s
actor	event id: 89000	time 0.0691003s
actor	event id: 90000	time 0.0119487s
actor	event id: 91000	time 0.0136142s
actor	event id: 92000	time 0.0574336s
actor	event id: 93000	time 0.0305132s
actor	event id: 94000	time 0.0112838s
actor	event id: 95000	time 0.0083494s
actor	event id: 96000	time 0.00889913s
actor	event id: 97000	time 0.0112834s
actor	event id: 98000	time 0.00925905s
actor	event id: 99000	time 0.0173283s
actor	event id: 100000	time 0.00953403s
actor	event id: 101000	time 0.0128234s
actor	event id: 102000	time 0.00821547s
actor	event id: 103000	time 0.00910007s
actor	event id: 104000	time 0.0113937s
actor	event id: 105000	time 0.0107101s
actor	event id: 106000	time 0.00834555s
actor	event id: 107000	time 0.0107347s
actor	event id: 108000	time 0.0120691s
actor	event id: 109000	time 0.0110471s
actor	event id: 110000	time 0.0126015s
actor	event id: 111000	time 0.0111165s
actor	event id: 112000	time 0.0126893s
actor	event id: 113000	time 0.0793424s
actor	event id: 114000	time 0.0175735s
actor	event id: 115000	time 0.0125682s
actor	event id: 116000	time 0.00834405s
actor	event id: 117000	time 0.00894269s
actor	event id: 118000	time 0.028315s
actor	event id: 119000	time 0.00661891s
actor	event id: 120000	time 0.00674909s
actor	event id: 121000	time 0.0102029s
actor	event id: 122000	time 0.00751458s
actor	event id: 123000	time 0.0268754s
actor	event id: 124000	time 0.00871188s
actor	event id: 125000	time 0.0165377s
actor	event id: 126000	time 0.0253344s
actor	event id: 127000	time 0.0260465s
actor	event id: 128000	time 0.033629s
actor	event id: 129000	time 0.0170952s
actor	event id: 130000	time 0.00949938s
actor	event id: 131000	time 0.00918246s
actor	event id: 132000	time 0.0092503s
actor	event id: 133000	time 0.0137361s
actor	event id: 134000	time 0.0108861s
actor	event id: 135000	time 0.0528027s
actor	event id: 136000	time 0.0188316s
actor	event id: 137000	time 0.0273686s
actor	event id: 138000	time 0.0287576s
actor	event id: 139000	time 0.0219423s
actor	event id: 140000	time 0.0599259s
actor	event id: 141000	time 0.0186048s
actor	event id: 142000	time 0.0300628s
actor	event id: 143000	time 0.014936s
actor	event id: 144000	time 0.0159867s
actor	event id: 145000	time 0.0166132s
actor	event id: 146000	time 0.0116952s
actor	event id: 147000	time 0.0563731s
actor	event id: 148000	time 0.0614003s
actor	event id: 149000	time 0.0265561s
actor	event id: 150000	time 0.0624148s
actor	event id: 151000	time 0.0101352s
actor	event id: 152000	time 0.00927978s
actor	event id: 153000	time 0.0120625s
actor	event id: 154000	time 0.0185224s
actor	event id: 155000	time 0.0574457s
actor	source	file:videos/Not Wanted 1949 Sally Forrest, Keefe Brasselle & Leo Penn [ffeegS1yn_4].webm
actor	next video index: 35
actor	seekable: false	duration: 5476621
actor	event id: 156000	time 0.00818343s
actor	event id: 157000	time 0.00778842s
actor	event id: 158000	time 0.00629319s
actor	event id: 159000	time 0.0426414s
actor	event id: 160000	time 0.00738205s
actor	event id: 161000	time 0.00939529s
actor	event id: 162000	time 0.0147597s
actor	event id: 163000	time 0.00834074s
actor	event id: 164000	time 0.0108132s
actor	event id: 165000	time 0.014867s
actor	event id: 166000	time 0.00823329s
actor	event id: 167000	time 0.00705526s
actor	event id: 168000	time 0.00767697s
actor	event id: 169000	time 0.0236633s
actor	event id: 170000	time 0.0172757s
actor	event id: 171000	time 0.0702895s
actor	event id: 172000	time 0.00822377s
actor	event id: 173000	time 0.00726643s
actor	event id: 174000	time 0.0183991s
actor	event id: 175000	time 0.0137223s
actor	event id: 176000	time 0.0137478s
actor	event id: 177000	time 0.00678716s
actor	event id: 178000	time 0.00768s
actor	event id: 179000	time 0.0067291s
actor	event id: 180000	time 0.0092632s
actor	event id: 181000	time 0.00719564s
actor	event id: 182000	time 0.0133904s
actor	event id: 183000	time 0.0116073s
actor	event id: 184000	time 0.0100897s
actor	event id: 185000	time 0.0101783s
actor	event id: 186000	time 0.00598298s
actor	event id: 187000	time 0.0108647s
actor	event id: 188000	time 0.0111627s
actor	event id: 189000	time 0.0102371s
actor	event id: 190000	time 0.014273s
actor	event id: 191000	time 0.017363s
actor	event id: 192000	time 0.00697775s
actor	event id: 193000	time 0.00531494s
actor	event id: 194000	time 0.0138672s
actor	event id: 195000	time 0.0101698s
actor	event id: 196000	time 0.0115615s
actor	event id: 197000	time 0.00755023s
actor	event id: 198000	time 0.00785812s
actor	event id: 199000	time 0.00718084s
actor	event id: 200000	time 0.012452s
actor	event id: 201000	time 0.0104673s
actor	event id: 202000	time 0.0107105s
actor	event id: 203000	time 0.00528146s
actor	event id: 204000	time 0.00857686s
actor	event id: 205000	time 0.0107469s
actor	event id: 206000	time 0.00964966s
actor	event id: 207000	time 0.00855211s
actor	event id: 208000	time 0.00820819s
actor	event id: 209000	time 0.0113989s
actor	event id: 210000	time 0.00986919s
actor	event id: 211000	time 0.013187s
actor	event id: 212000	time 0.0150651s
actor	event id: 213000	time 0.0131815s
actor	event id: 214000	time 0.00637835s
actor	event id: 215000	time 0.00613219s
actor	event id: 216000	time 0.00630546s
actor	event id: 217000	time 0.00787125s
actor	event id: 218000	time 0.0118624s
actor	event id: 219000	time 0.0105044s
actor	event id: 220000	time 0.0150883s
actor	event id: 221000	time 0.00839718s
actor	event id: 222000	time 0.0109918s
actor	event id: 223000	time 0.00743846s
actor	event id: 224000	time 0.00793432s
actor	event id: 225000	time 0.0126958s
actor	event id: 226000	time 0.00846327s
actor	source	file:videos/Odd Man Out 1947 James Mason & Robert Newton [HK8ChkZmm74].webm
actor	next video index: 36
actor	seekable: false	duration: 6955061
actor	event id: 227000	time 0.00678492s
actor	event id: 228000	time 0.00707444s
actor	event id: 229000	time 0.00896651s
actor	event id: 230000	time 0.00888029s
actor	event id: 231000	time 0.00740999s
actor	event id: 232000	time 0.00775577s
actor	event id: 233000	time 0.0090115s
actor	event id: 234000	time 0.00723045s
actor	event id: 235000	time 0.00676057s
actor	event id: 236000	time 0.0124293s
actor	event id: 237000	time 0.00843363s
actor	event id: 238000	time 0.012148s
actor	event id: 239000	time 0.00707033s
actor	event id: 240000	time 0.0110214s
actor	event id: 241000	time 0.012118s
actor	event id: 242000	time 0.00682438s
actor	event id: 243000	time 0.00948588s
actor	event id: 244000	time 0.0228353s
actor	event id: 245000	time 0.0130093s
actor	event id: 246000	time 0.0548126s
actor	event id: 247000	time 0.0155619s
actor	event id: 248000	time 0.00994805s
actor	event id: 249000	time 0.00599157s
actor	event id: 250000	time 0.00898566s
actor	event id: 251000	time 0.00806347s
actor	event id: 252000	time 0.0101342s
actor	event id: 253000	time 0.0106386s
actor	event id: 254000	time 0.0177917s
actor	event id: 255000	time 0.0202223s
actor	event id: 256000	time 0.0102601s
actor	event id: 257000	time 0.0160072s
actor	event id: 258000	time 0.0118638s
actor	event id: 259000	time 0.0264755s
actor	event id: 260000	time 0.00733346s
actor	event id: 261000	time 0.00800756s
actor	event id: 262000	time 0.00949677s
actor	event id: 263000	time 0.00767699s
actor	event id: 264000	time 0.00915579s
actor	event id: 265000	time 0.010103s
actor	event id: 266000	time 0.026457s
actor	event id: 267000	time 0.0119027s
actor	event id: 268000	time 0.0129239s
actor	event id: 269000	time 0.0128378s
actor	event id: 270000	time 0.012171s
actor	event id: 271000	time 0.0118264s
actor	event id: 272000	time 0.00963364s
actor	event id: 273000	time 0.0160306s
actor	event id: 274000	time 0.0103827s
actor	event id: 275000	time 0.0131477s
actor	event id: 276000	time 0.0166452s
actor	event id: 277000	time 0.00765593s
actor	event id: 278000	time 0.0114244s
actor	event id: 279000	time 0.00794432s
actor	event id: 280000	time 0.0128795s
actor	event id: 281000	time 0.00729721s
actor	event id: 282000	time 0.00990856s
actor	event id: 283000	time 0.0117387s
actor	event id: 284000	time 0.00635507s
actor	event id: 285000	time 0.00788934s
actor	event id: 286000	time 0.00882762s
actor	event id: 287000	time 0.00750046s
actor	event id: 288000	time 0.00667844s
actor	event id: 289000	time 0.0160112s
actor	event id: 290000	time 0.0105359s
actor	event id: 291000	time 0.00643417s
actor	event id: 292000	time 0.012945s
actor	event id: 293000	time 0.0074489s
actor	event id: 294000	time 0.00714014s
actor	event id: 295000	time 0.00787148s
actor	event id: 296000	time 0.00601449s
actor	event id: 297000	time 0.00705893s
actor	event id: 298000	time 0.00993812s
actor	event id: 299000	time 0.0107504s
actor	event id: 300000	time 0.00777301s
actor	event id: 301000	time 0.011138s
actor	event id: 302000	time 0.0132903s
actor	event id: 303000	time 0.00897211s
actor	event id: 304000	time 0.0158839s
actor	event id: 305000	time 0.0164358s
actor	event id: 306000	time 0.00819885s
actor	event id: 307000	time 0.0183374s
actor	event id: 308000	time 0.00874419s
actor	event id: 309000	time 0.00723687s
actor	event id: 310000	time 0.0112073s
actor	event id: 311000	time 0.00938307s
actor	event id: 312000	time 0.0143926s
actor	event id: 313000	time 0.0583532s
actor	event id: 314000	time 0.0115609s
actor	event id: 315000	time 0.00898858s
actor	event id: 316000	time 0.0374842s
actor	source	file:videos/Reap The Wild Wind 1942 John Wayne, Ray Milland & Paulette Goddard [CsMDzxQ55gE].webm
actor	next video index: 37
actor	seekable: false	duration: 7430581
actor	event id: 317000	time 0.0524938s
actor	event id: 318000	time 0.056957s
actor	event id: 319000	time 0.0435968s
actor	event id: 320000	time 0.0059075s
actor	event id: 321000	time 0.00718329s
actor	event id: 322000	time 0.0301772s
actor	event id: 323000	time 0.0144981s
actor	event id: 324000	time 0.01534s
actor	event id: 325000	time 0.0111672s
actor	event id: 326000	time 0.00973406s
actor	event id: 327000	time 0.0136715s
actor	event id: 328000	time 0.00818041s
actor	event id: 329000	time 0.0551305s
actor	event id: 330000	time 0.0101257s
actor	event id: 331000	time 0.0110146s
actor	event id: 332000	time 0.00805408s
actor	event id: 333000	time 0.00661825s
actor	event id: 334000	time 0.00666542s
actor	event id: 335000	time 0.00936379s
actor	event id: 336000	time 0.00681787s
actor	event id: 337000	time 0.00804475s
actor	event id: 338000	time 0.0113316s
actor	event id: 339000	time 0.00748429s
actor	event id: 340000	time 0.00727478s
actor	event id: 341000	time 0.00683278s
actor	event id: 342000	time 0.0100067s
actor	event id: 343000	time 0.00833308s
actor	event id: 344000	time 0.0188345s
actor	event id: 345000	time 0.00702543s
actor	event id: 346000	time 0.00583509s
actor	event id: 347000	time 0.00865653s
actor	event id: 348000	time 0.007713s
actor	event id: 349000	time 0.00612643s
actor	event id: 350000	time 0.00768163s
actor	event id: 351000	time 0.00716445s
actor	event id: 352000	time 0.0070767s
actor	event id: 353000	time 0.0162619s
actor	event id: 354000	time 0.0127523s
actor	event id: 355000	time 0.00479746s
actor	event id: 356000	time 0.00761593s
actor	event id: 357000	time 0.00861442s
actor	event id: 358000	time 0.010606s
actor	event id: 359000	time 0.00859848s
actor	event id: 360000	time 0.00807301s
actor	event id: 361000	time 0.00818832s
actor	event id: 362000	time 0.0564698s
actor	event id: 363000	time 0.0304387s
actor	event id: 364000	time 0.0123704s
actor	event id: 365000	time 0.023522s
actor	event id: 366000	time 0.0485289s
actor	event id: 367000	time 0.0172746s
actor	event id: 368000	time 0.0532216s
actor	event id: 369000	time 0.0320095s
actor	event id: 370000	time 0.016514s
actor	event id: 371000	time 0.0200809s
actor	event id: 372000	time 0.0141063s
actor	event id: 373000	time 0.0243039s
actor	event id: 374000	time 0.023437s
actor	event id: 375000	time 0.0240853s
actor	event id: 376000	time 0.0317714s
actor	event id: 377000	time 0.0147822s
actor	event id: 378000	time 0.00797595s
actor	event id: 379000	time 0.0100366s
actor	event id: 380000	time 0.0143739s
actor	event id: 381000	time 0.0136212s
actor	event id: 382000	time 0.0506981s
actor	event id: 383000	time 0.0571518s
actor	event id: 384000	time 0.0633923s
actor	event id: 385000	time 0.0148649s
actor	event id: 386000	time 0.057602s
actor	event id: 387000	time 0.0385639s
actor	event id: 388000	time 0.0086585s
actor	event id: 389000	time 0.00653844s
actor	event id: 390000	time 0.0234017s
actor	event id: 391000	time 0.017552s
actor	event id: 392000	time 0.00740514s
actor	event id: 393000	time 0.00793698s
actor	event id: 394000	time 0.00889162s
actor	event id: 395000	time 0.00673097s
actor	event id: 396000	time 0.00878109s
actor	event id: 397000	time 0.00793254s
actor	event id: 398000	time 0.00895385s
actor	event id: 399000	time 0.0108178s
actor	event id: 400000	time 0.00936399s
actor	event id: 401000	time 0.00691546s
actor	event id: 402000	time 0.00860884s
actor	event id: 403000	time 0.00717115s
actor	event id: 404000	time 0.0596096s
actor	event id: 405000	time 0.0588635s
actor	event id: 406000	time 0.0530283s
actor	event id: 407000	time 0.0309901s
actor	event id: 408000	time 0.0640082s
actor	event id: 409000	time 0.0553678s
actor	event id: 410000	time 0.00676342s
actor	event id: 411000	time 0.00888636s
actor	event id: 412000	time 0.00765549s
actor	event id: 413000	time 0.00660166s
actor	source	file:videos/Rebecca 1940 Laurence Olivier & Joan Fontaine [dVC3N_3osjw].webm
actor	next video index: 38
actor	seekable: false	duration: 7840861
actor	event id: 414000	time 0.057596s
actor	event id: 415000	time 0.0547855s
actor	event id: 416000	time 0.00729413s
actor	event id: 417000	time 0.0103558s
actor	event id: 418000	time 0.0113815s
actor	event id: 419000	time 0.00907361s
actor	event id: 420000	time 0.00925782s
actor	event id: 421000	time 0.00987459s
actor	event id: 422000	time 0.00796965s
actor	event id: 423000	time 0.00926692s
actor	event id: 424000	time 0.0451216s
actor	event id: 425000	time 0.00776573s
actor	event id: 426000	time 0.0118166s
actor	event id: 427000	time 0.00739558s
actor	event id: 428000	time 0.0169992s
actor	event id: 429000	time 0.00896452s
actor	event id: 430000	time 0.00841479s
actor	event id: 431000	time 0.0093756s
actor	event id: 432000	time 0.0100757s
actor	event id: 433000	time 0.00932079s
actor	event id: 434000	time 0.00927953s
actor	event id: 435000	time 0.00951532s
actor	event id: 436000	time 0.010894s
actor	event id: 437000	time 0.0132731s
actor	event id: 438000	time 0.00873378s
actor	event id: 439000	time 0.00746809s
actor	event id: 440000	time 0.00793782s
actor	event id: 441000	time 0.00979412s
actor	event id: 442000	time 0.00988527s
actor	event id: 443000	time 0.0141194s
actor	event id: 444000	time 0.0125821s
actor	event id: 445000	time 0.00814703s
actor	event id: 446000	time 0.0082285s
actor	event id: 447000	time 0.00732215s
actor	event id: 448000	time 0.00654269s
actor	event id: 449000	time 0.0123189s
actor	event id: 450000	time 0.0110372s
actor	event id: 451000	time 0.0194841s
actor	event id: 452000	time 0.0125211s
actor	event id: 453000	time 0.0074323s
actor	event id: 454000	time 0.010714s
actor	event id: 455000	time 0.0129743s
actor	event id: 456000	time 0.00876933s
actor	event id: 457000	time 0.00873136s
actor	event id: 458000	time 0.0115966s
actor	event id: 459000	time 0.0127855s
actor	event id: 460000	time 0.0568157s
actor	event id: 461000	time 0.013939s
actor	event id: 462000	time 0.056868s
actor	event id: 463000	time 0.0104686s
actor	event id: 464000	time 0.0129753s
actor	event id: 465000	time 0.0140593s
actor	event id: 466000	time 0.00970597s
actor	event id: 467000	time 0.0102052s
actor	event id: 468000	time 0.0209892s
actor	event id: 469000	time 0.00721912s
actor	event id: 470000	time 0.013816s
actor	event id: 471000	time 0.0555878s
actor	event id: 472000	time 0.0238931s
actor	event id: 473000	time 0.0102435s
actor	event id: 474000	time 0.0105203s
actor	event id: 475000	time 0.0156063s
actor	event id: 476000	time 0.00818311s
actor	event id: 477000	time 0.015067s
actor	event id: 478000	time 0.0263738s
actor	event id: 479000	time 0.0100656s
actor	event id: 480000	time 0.0244125s
actor	event id: 481000	time 0.0450704s
actor	event id: 482000	time 0.0417523s
actor	event id: 483000	time 0.0154107s
actor	event id: 484000	time 0.0297384s
actor	event id: 485000	time 0.0239993s
actor	event id: 486000	time 0.012427s
actor	event id: 487000	time 0.0232074s
actor	event id: 488000	time 0.0372965s
actor	event id: 489000	time 0.00991196s
actor	event id: 490000	time 0.0133261s
actor	event id: 491000	time 0.0206847s
actor	event id: 492000	time 0.0119974s
actor	event id: 493000	time 0.0309487s
actor	event id: 494000	time 0.0548483s
actor	event id: 495000	time 0.0256729s
actor	event id: 496000	time 0.0294562s
actor	event id: 497000	time 0.0127171s
actor	event id: 498000	time 0.0119819s
actor	event id: 499000	time 0.00775266s
actor	event id: 500000	time 0.0104776s
actor	event id: 501000	time 0.0150695s
actor	event id: 502000	time 0.0193677s
actor	event id: 503000	time 0.0215208s
actor	event id: 504000	time 0.0134098s
actor	event id: 505000	time 0.0144363s
actor	event id: 506000	time 0.0107049s
actor	event id: 507000	time 0.0195698s
actor	event id: 508000	time 0.0115132s
actor	event id: 509000	time 0.0153255s
actor	event id: 510000	time 0.0198116s
actor	event id: 511000	time 0.0141343s
actor	event id: 512000	time 0.0232216s
actor	event id: 513000	time 0.0300006s
actor	event id: 514000	time 0.027156s
actor	event id: 515000	time 0.0547525s
actor	event id: 516000	time 0.00860124s
actor	source	file:videos/Road To Rio 1947 (Comedy) Bob Hope & Bing Crosby [qI-J0YnDRXk].webm
actor	next video index: 39
actor	seekable: false	duration: 6083681
actor	event id: 517000	time 0.0106408s
actor	event id: 518000	time 0.0136398s
actor	event id: 519000	time 0.00969753s
actor	event id: 520000	time 0.0152487s
actor	event id: 521000	time 0.00882024s
actor	event id: 522000	time 0.0304902s
actor	event id: 523000	time 0.0173537s
actor	event id: 524000	time 0.0238367s
actor	event id: 525000	time 0.0343104s
actor	event id: 526000	time 0.0134975s
actor	event id: 527000	time 0.0542537s
actor	event id: 528000	time 0.0116725s
actor	event id: 529000	time 0.0114994s
actor	event id: 530000	time 0.0223076s
actor	event id: 531000	time 0.0138346s
actor	event id: 532000	time 0.0124046s
actor	event id: 533000	time 0.0156589s
actor	event id: 534000	time 0.0541201s
actor	event id: 535000	time 0.0128881s
actor	event id: 536000	time 0.0621798s
actor	event id: 537000	time 0.0127779s
actor	event id: 538000	time 0.0236796s
actor	event id: 539000	time 0.0216543s
actor	event id: 540000	time 0.00605388s
actor	event id: 541000	time 0.00776643s
actor	event id: 542000	time 0.0100094s
actor	event id: 543000	time 0.0108106s
actor	event id: 544000	time 0.00985669s
actor	event id: 545000	time 0.00876937s
actor	event id: 546000	time 0.00890765s
actor	event id: 547000	time 0.0109578s
actor	event id: 548000	time 0.00953979s
actor	event id: 549000	time 0.0114387s
actor	event id: 550000	time 0.0130452s
actor	event id: 551000	time 0.0118777s
actor	event id: 552000	time 0.00908614s
actor	event id: 553000	time 0.00901436s
actor	event id: 554000	time 0.0085976s
actor	event id: 555000	time 0.0102347s
actor	event id: 556000	time 0.00889522s
actor	event id: 557000	time 0.0108962s
actor	event id: 558000	time 0.0168141s
actor	event id: 559000	time 0.0133004s
actor	event id: 560000	time 0.0145982s
actor	event id: 561000	time 0.00832178s
actor	event id: 562000	time 0.0111767s
actor	event id: 563000	time 0.00887084s
actor	event id: 564000	time 0.00600301s
actor	event id: 565000	time 0.00820576s
actor	event id: 566000	time 0.00908242s
actor	event id: 567000	time 0.00973012s
actor	event id: 568000	time 0.0105587s
actor	event id: 569000	time 0.00886211s
actor	event id: 570000	time 0.0114881s
actor	event id: 571000	time 0.0127025s
actor	event id: 572000	time 0.0145051s
actor	event id: 573000	time 0.0118398s
actor	event id: 574000	time 0.0330777s
actor	event id: 575000	time 0.0111723s
actor	event id: 576000	time 0.0117541s
actor	event id: 577000	time 0.0162215s
actor	event id: 578000	time 0.0116752s
actor	event id: 579000	time 0.018366s
actor	event id: 580000	time 0.0160607s
actor	event id: 581000	time 0.0170384s
actor	event id: 582000	time 0.0101807s
actor	event id: 583000	time 0.0132254s
actor	event id: 584000	time 0.00652651s
actor	event id: 585000	time 0.00886705s
actor	event id: 586000	time 0.0202873s
actor	event id: 587000	time 0.0135897s
actor	event id: 588000	time 0.00703749s
actor	event id: 589000	time 0.00824676s
actor	event id: 590000	time 0.00615298s
actor	event id: 591000	time 0.00723971s
actor	event id: 592000	time 0.012312s
actor	event id: 593000	time 0.0135348s
actor	event id: 594000	time 0.010142s
actor	event id: 595000	time 0.00731819s
actor	source	file:videos/Sentimental Journey 1946 Maureen O'Hara & John Payne [mJxtvDY3ZuE].webm
actor	next video index: 40
actor	seekable: false	duration: 5669181
actor	event id: 596000	time 0.00646913s
actor	event id: 597000	time 0.00624176s
actor	event id: 598000	time 0.00599798s
actor	event id: 599000	time 0.00962164s
actor	event id: 600000	time 0.0153792s
actor	event id: 601000	time 0.012193s
actor	event id: 602000	time 0.00531317s
actor	event id: 603000	time 0.0157599s
actor	event id: 604000	time 0.00568822s
actor	event id: 605000	time 0.00951829s
actor	event id: 606000	time 0.0113288s
actor	event id: 607000	time 0.00948503s
actor	event id: 608000	time 0.00836305s
actor	event id: 609000	time 0.00793227s
actor	event id: 610000	time 0.00893097s
actor	event id: 611000	time 0.00700985s
actor	event id: 612000	time 0.0311768s
actor	event id: 613000	time 0.00729406s
actor	event id: 614000	time 0.00660854s
actor	event id: 615000	time 0.0118793s
actor	event id: 616000	time 0.00971454s
actor	event id: 617000	time 0.0109255s
actor	event id: 618000	time 0.00919217s
actor	event id: 619000	time 0.00609909s
actor	event id: 620000	time 0.00823994s
actor	event id: 621000	time 0.00790422s
actor	event id: 622000	time 0.00756824s
actor	event id: 623000	time 0.00743679s
actor	event id: 624000	time 0.00867232s
actor	event id: 625000	time 0.0123549s
actor	event id: 626000	time 0.00934098s
actor	event id: 627000	time 0.0116382s
actor	event id: 628000	time 0.0126528s
actor	event id: 629000	time 0.0136033s
actor	event id: 630000	time 0.00802483s
actor	event id: 631000	time 0.0086746s
actor	event id: 632000	time 0.0102119s
actor	event id: 633000	time 0.00627693s
actor	event id: 634000	time 0.00777089s
actor	event id: 635000	time 0.00946993s
actor	event id: 636000	time 0.00840572s
actor	event id: 637000	time 0.0114588s
actor	event id: 638000	time 0.00979941s
actor	event id: 639000	time 0.0119386s
actor	event id: 640000	time 0.0124981s
actor	event id: 641000	time 0.0284695s
actor	event id: 642000	time 0.0109138s
actor	event id: 643000	time 0.0114602s
actor	event id: 644000	time 0.00960953s
actor	event id: 645000	time 0.0113304s
actor	event id: 646000	time 0.0091446s
actor	event id: 647000	time 0.00971128s
actor	event id: 648000	time 0.00757915s
actor	event id: 649000	time 0.00821532s
actor	event id: 650000	time 0.0100177s
actor	event id: 651000	time 0.0111286s
actor	event id: 652000	time 0.00960429s
actor	event id: 653000	time 0.00722943s
actor	event id: 654000	time 0.0073683s
actor	event id: 655000	time 0.00969025s
actor	event id: 656000	time 0.00729883s
actor	event id: 657000	time 0.00851659s
actor	event id: 658000	time 0.00986645s
actor	event id: 659000	time 0.0059763s
actor	event id: 660000	time 0.00936669s
actor	event id: 661000	time 0.00847744s
actor	event id: 662000	time 0.0109165s
actor	event id: 663000	time 0.0111214s
actor	event id: 664000	time 0.00925528s
actor	event id: 665000	time 0.0111984s
actor	event id: 666000	time 0.0145381s
actor	event id: 667000	time 0.0118549s
actor	event id: 668000	time 0.038297s
actor	event id: 669000	time 0.0156481s
actor	source	file:videos/The House On 92nd Street 1945 [xIyN47F8f50].webm
actor	next video index: 41
actor	seekable: false	duration: 5284281
actor	event id: 670000	time 0.0349518s
actor	event id: 671000	time 0.00713091s
actor	event id: 672000	time 0.0158054s
actor	event id: 673000	time 0.0064672s
actor	event id: 674000	time 0.00646573s
actor	event id: 675000	time 0.00868091s
actor	event id: 676000	time 0.0141911s
actor	event id: 677000	time 0.00908851s
actor	event id: 678000	time 0.0148701s
actor	event id: 679000	time 0.007877s
actor	event id: 680000	time 0.00730316s
actor	event id: 681000	time 0.013088s
actor	event id: 682000	time 0.00578854s
actor	event id: 683000	time 0.0113046s
actor	event id: 684000	time 0.00818197s
actor	event id: 685000	time 0.00967514s
actor	event id: 686000	time 0.00981236s
actor	event id: 687000	time 0.0137129s
actor	event id: 688000	time 0.00836412s
actor	event id: 689000	time 0.00891746s
actor	event id: 690000	time 0.0126656s
actor	event id: 691000	time 0.0115085s
actor	event id: 692000	time 0.0137139s
actor	event id: 693000	time 0.01016s
actor	event id: 694000	time 0.0141484s
actor	event id: 695000	time 0.00930218s
actor	event id: 696000	time 0.00970473s
actor	event id: 697000	time 0.0070524s
actor	event id: 698000	time 0.0554812s
actor	event id: 699000	time 0.00690908s
actor	event id: 700000	time 0.0190774s
actor	event id: 701000	time 0.0268215s
actor	event id: 702000	time 0.0108128s
actor	event id: 703000	time 0.0102083s
actor	event id: 704000	time 0.00662638s
actor	event id: 705000	time 0.0170151s
actor	event id: 706000	time 0.00932993s
actor	event id: 707000	time 0.00842142s
actor	event id: 708000	time 0.0125812s
actor	event id: 709000	time 0.0106106s
actor	event id: 710000	time 0.00875219s
actor	event id: 711000	time 0.00763165s
actor	event id: 712000	time 0.0132998s
actor	event id: 713000	time 0.0109709s
actor	event id: 714000	time 0.0168469s
actor	event id: 715000	time 0.012954s
actor	event id: 716000	time 0.0119453s
actor	event id: 717000	time 0.00903361s
actor	event id: 718000	time 0.0131071s
actor	event id: 719000	time 0.0083499s
actor	event id: 720000	time 0.00905258s
actor	event id: 721000	time 0.0196787s
actor	event id: 722000	time 0.008312s
actor	event id: 723000	time 0.0105993s
actor	event id: 724000	time 0.0136235s
actor	event id: 725000	time 0.00699025s
actor	event id: 726000	time 0.00930885s
actor	event id: 727000	time 0.0114223s
actor	event id: 728000	time 0.0620483s
actor	event id: 729000	time 0.00981425s
actor	event id: 730000	time 0.00848068s
actor	event id: 731000	time 0.0158893s
actor	event id: 732000	time 0.0178054s
actor	event id: 733000	time 0.00675165s
actor	event id: 734000	time 0.0394909s
actor	event id: 735000	time 0.0250749s
actor	event id: 736000	time 0.0147544s
actor	event id: 737000	time 0.00721078s
actor	source	file:videos/The Keys Of The Kingdom 1944 Gregory Peck & Thomas Mitchell [sl1txARbi1w].webm
actor	next video index: 42
actor	seekable: false	duration: 8243902
actor	event id: 738000	time 0.0165669s
actor	event id: 739000	time 0.00837408s
actor	event id: 740000	time 0.0235406s
actor	event id: 741000	time 0.0170889s
actor	event id: 742000	time 0.0534678s
actor	event id: 743000	time 0.0575266s
actor	event id: 744000	time 0.027116s
actor	event id: 745000	time 0.0598261s
actor	event id: 746000	time 0.011347s
actor	event id: 747000	time 0.0121268s
actor	event id: 748000	time 0.0175383s
actor	event id: 749000	time 0.0267134s
actor	event id: 750000	time 0.036317s
actor	event id: 751000	time 0.0211283s
actor	event id: 752000	time 0.0164878s
actor	event id: 753000	time 0.0138374s
actor	event id: 754000	time 0.025184s
actor	event id: 755000	time 0.0105996s
actor	event id: 756000	time 0.0226087s
actor	event id: 757000	time 0.00961915s
actor	event id: 758000	time 0.0230597s
actor	event id: 759000	time 0.0201205s
actor	event id: 760000	time 0.0119782s
actor	event id: 761000	time 0.0211099s
actor	event id: 762000	time 0.00617663s
actor	event id: 763000	time 0.0125773s
actor	event id: 764000	time 0.0111386s
actor	event id: 765000	time 0.00741242s
actor	event id: 766000	time 0.0125369s
actor	event id: 767000	time 0.0275961s
actor	event id: 768000	time 0.0229483s
actor	event id: 769000	time 0.0676923s
actor	event id: 770000	time 0.00774307s
actor	event id: 771000	time 0.0204004s
actor	event id: 772000	time 0.0245622s
actor	event id: 773000	time 0.0113271s
actor	event id: 774000	time 0.00936637s
actor	event id: 775000	time 0.0393565s
actor	event id: 776000	time 0.0171422s
actor	event id: 777000	time 0.0177696s
actor	event id: 778000	time 0.0231314s
actor	event id: 779000	time 0.037642s
actor	event id: 780000	time 0.00857073s
actor	event id: 781000	time 0.00856572s
actor	event id: 782000	time 0.0113285s
actor	event id: 783000	time 0.0120907s
actor	event id: 784000	time 0.00860092s
actor	event id: 785000	time 0.0100494s
actor	event id: 786000	time 0.0063578s
actor	event id: 787000	time 0.00683115s
actor	event id: 788000	time 0.0182465s
actor	event id: 789000	time 0.0190193s
actor	event id: 790000	time 0.0109944s
actor	event id: 791000	time 0.0148357s
actor	event id: 792000	time 0.0193096s
actor	event id: 793000	time 0.0263247s
actor	event id: 794000	time 0.00943851s
actor	event id: 795000	time 0.0116445s
actor	event id: 796000	time 0.0165651s
actor	event id: 797000	time 0.00955126s
actor	event id: 798000	time 0.01377s
actor	event id: 799000	time 0.0108299s
actor	event id: 800000	time 0.0591179s
actor	event id: 801000	time 0.0340737s
actor	event id: 802000	time 0.0249251s
actor	event id: 803000	time 0.0134673s
actor	event id: 804000	time 0.0630338s
actor	event id: 805000	time 0.0144638s
actor	event id: 806000	time 0.0112882s
actor	event id: 807000	time 0.0573789s
actor	event id: 808000	time 0.0242059s
actor	event id: 809000	time 0.0120651s
actor	event id: 810000	time 0.0246164s
actor	event id: 811000	time 0.0171447s
actor	event id: 812000	time 0.0433608s
actor	event id: 813000	time 0.0566776s
actor	event id: 814000	time 0.0602992s
actor	event id: 815000	time 0.0124174s
actor	event id: 816000	time 0.0499371s
actor	event id: 817000	time 0.0628819s
actor	event id: 818000	time 0.00969127s
actor	event id: 819000	time 0.0168992s
actor	event id: 820000	time 0.0152604s
actor	event id: 821000	time 0.0149018s
actor	event id: 822000	time 0.0124821s
actor	event id: 823000	time 0.0250245s
actor	event id: 824000	time 0.0231931s
actor	event id: 825000	time 0.00829549s
actor	event id: 826000	time 0.0270534s
actor	event id: 827000	time 0.0398541s
actor	event id: 828000	time 0.00568076s
actor	event id: 829000	time 0.00839506s
actor	event id: 830000	time 0.00768571s
actor	event id: 831000	time 0.00930493s
actor	event id: 832000	time 0.0114217s
actor	event id: 833000	time 0.0115079s
actor	event id: 834000	time 0.0074906s
actor	event id: 835000	time 0.0087727s
actor	event id: 836000	time 0.0156166s
actor	event id: 837000	time 0.00764868s
actor	event id: 838000	time 0.00973431s
actor	event id: 839000	time 0.0135429s
actor	event id: 840000	time 0.00806231s
actor	event id: 841000	time 0.00753786s
actor	event id: 842000	time 0.0072662s
actor	event id: 843000	time 0.0076258s
actor	event id: 844000	time 0.00667733s
actor	event id: 845000	time 0.0599131s
actor	source	file:videos/The Luck Of The Irish 1948 Tyrone Power & Anne Baxter [TIQQKweBRo0].webm
actor	next video index: 43
actor	seekable: false	duration: 5948881
actor	event id: 846000	time 0.0068426s
actor	event id: 847000	time 0.00853024s
actor	event id: 848000	time 0.00669446s
actor	event id: 849000	time 0.00733062s
actor	event id: 850000	time 0.017777s
actor	event id: 851000	time 0.00976458s
actor	event id: 852000	time 0.0063135s
actor	event id: 853000	time 0.00862232s
actor	event id: 854000	time 0.00818521s
actor	event id: 855000	time 0.0117732s
actor	event id: 856000	time 0.0132676s
actor	event id: 857000	time 0.0591693s
actor	event id: 858000	time 0.0586535s
actor	event id: 859000	time 0.0340099s
actor	event id: 860000	time 0.0182724s
actor	event id: 861000	time 0.0135737s
actor	event id: 862000	time 0.00822799s
actor	event id: 863000	time 0.00964471s
actor	event id: 864000	time 0.00717511s
actor	event id: 865000	time 0.00725048s
actor	event id: 866000	time 0.00881473s
actor	event id: 867000	time 0.00750333s
actor	event id: 868000	time 0.00765764s
actor	event id: 869000	time 0.00864992s
actor	event id: 870000	time 0.00820679s
actor	event id: 871000	time 0.00820288s
actor	event id: 872000	time 0.00768019s
actor	event id: 873000	time 0.0104631s
actor	event id: 874000	time 0.0131143s
actor	event id: 875000	time 0.0139194s
actor	event id: 876000	time 0.00850613s
actor	event id: 877000	time 0.00940929s
actor	event id: 878000	time 0.00963539s
actor	event id: 879000	time 0.00809599s
actor	event id: 880000	time 0.00984913s
actor	event id: 881000	time 0.00754439s
actor	event id: 882000	time 0.00853016s
actor	event id: 883000	time 0.00796004s
actor	event id: 884000	time 0.0128238s
actor	event id: 885000	time 0.0157837s
actor	event id: 886000	time 0.0113222s
actor	event id: 887000	time 0.0118203s
actor	event id: 888000	time 0.00748351s
actor	event id: 889000	time 0.00658753s
actor	event id: 890000	time 0.00777811s
actor	event id: 891000	time 0.0297961s
actor	event id: 892000	time 0.0100437s
actor	event id: 893000	time 0.00825707s
actor	event id: 894000	time 0.017651s
actor	event id: 895000	time 0.0120073s
actor	event id: 896000	time 0.00733992s
actor	event id: 897000	time 0.0102336s
actor	event id: 898000	time 0.00672858s
actor	event id: 899000	time 0.0119117s
actor	event id: 900000	time 0.0335559s
actor	event id: 901000	time 0.0163775s
actor	event id: 902000	time 0.00688447s
actor	event id: 903000	time 0.0292376s
actor	event id: 904000	time 0.00894556s
actor	event id: 905000	time 0.0091247s
actor	event id: 906000	time 0.00519902s
actor	event id: 907000	time 0.00747421s
actor	event id: 908000	time 0.00788427s
actor	event id: 909000	time 0.00830506s
actor	event id: 910000	time 0.0107919s
actor	event id: 911000	time 0.0135492s
actor	event id: 912000	time 0.014415s
actor	event id: 913000	time 0.0121893s
actor	event id: 914000	time 0.0111811s
actor	event id: 915000	time 0.0336833s
actor	event id: 916000	time 0.00742187s
actor	event id: 917000	time 0.00830929s
actor	event id: 918000	time 0.00935384s
actor	event id: 919000	time 0.00799521s
actor	event id: 920000	time 0.0147723s
actor	event id: 921000	time 0.0123004s
actor	event id: 922000	time 0.0342956s
actor	source	file:videos/The Man Who Cheated Himself (1950) FILM NOIR [igBEhu95WBY].webm
actor	next video index: 44
actor	seekable: false	duration: 4848941
actor	event id: 923000	time 0.00537767s
actor	event id: 924000	time 0.00486797s
actor	event id: 925000	time 0.00443241s
actor	event id: 926000	time 0.00868651s
actor	event id: 927000	time 0.00459498s
actor	event id: 928000	time 0.00484081s
actor	event id: 929000	time 0.00398959s
actor	event id: 930000	time 0.00615002s
actor	event id: 931000	time 0.00457312s
actor	event id: 932000	time 0.0061646s
actor	event id: 933000	time 0.034751s
actor	event id: 934000	time 0.032486s
actor	event id: 935000	time 0.0170819s
actor	event id: 936000	time 0.00415839s
actor	event id: 937000	time 0.0041485s
actor	event id: 938000	time 0.00520198s
actor	event id: 939000	time 0.00460635s
actor	event id: 940000	time 0.013206s
actor	event id: 941000	time 0.00515538s
actor	event id: 942000	time 0.00441479s
actor	event id: 943000	time 0.0132491s
actor	event id: 944000	time 0.00418578s
actor	event id: 945000	time 0.00529182s
actor	event id: 946000	time 0.00410511s
actor	event id: 947000	time 0.00425447s
actor	event id: 948000	time 0.00577383s
actor	event id: 949000	time 0.00397174s
actor	event id: 950000	time 0.00358089s
actor	event id: 951000	time 0.00506374s
actor	event id: 952000	time 0.00427362s
actor	event id: 953000	time 0.00587758s
actor	event id: 954000	time 0.00455995s
actor	event id: 955000	time 0.00433139s
actor	event id: 956000	time 0.00522189s
actor	event id: 957000	time 0.00421726s
actor	event id: 958000	time 0.00696085s
actor	event id: 959000	time 0.00846369s
actor	event id: 960000	time 0.00588732s
actor	event id: 961000	time 0.00345715s
actor	event id: 962000	time 0.00462291s
actor	event id: 963000	time 0.00476892s
actor	event id: 964000	time 0.00416393s
actor	event id: 965000	time 0.00402591s
actor	event id: 966000	time 0.00625432s
actor	event id: 967000	time 0.00553285s
actor	event id: 968000	time 0.00439499s
actor	event id: 969000	time 0.00673945s
actor	event id: 970000	time 0.0042968s
actor	event id: 971000	time 0.0057515s
actor	event id: 972000	time 0.0045938s
actor	event id: 973000	time 0.00664674s
actor	event id: 974000	time 0.00440653s
actor	event id: 975000	time 0.00522702s
actor	event id: 976000	time 0.00437067s
actor	event id: 977000	time 0.00871998s
actor	event id: 978000	time 0.00455847s
actor	event id: 979000	time 0.0105408s
actor	event id: 980000	time 0.00501504s
actor	event id: 981000	time 0.00950046s
actor	event id: 982000	time 0.00801246s
actor	event id: 983000	time 0.00511771s
actor	event id: 984000	time 0.0332004s
actor	event id: 985000	time 0.00721487s
actor	source	file:videos/The More The Merrier 1943 Jean Arthur, Joel McCrea & Charles Coburn [IP_wm58nqsY].webm
actor	next video index: 45
actor	seekable: false	duration: 6254121
actor	event id: 986000	time 0.026078s
actor	event id: 987000	time 0.00670521s
actor	event id: 988000	time 0.0108916s
actor	event id: 989000	time 0.0101049s
actor	event id: 990000	time 0.00727189s
actor	event id: 991000	time 0.015803s
actor	event id: 992000	time 0.0112184s
actor	event id: 993000	time 0.00862659s
actor	event id: 994000	time 0.00796755s
actor	event id: 995000	time 0.0129049s
actor	event id: 996000	time 0.0134294s
actor	event id: 997000	time 0.00752129s
actor	event id: 998000	time 0.0104446s
actor	event id: 999000	time 0.00772062s
actor	event id: 1000000	time 0.00567268s
actor	status: quitting
actor	dumping
actor	status: finished
