actor	status: initialised
actor	source	file:videos/No Man's Woman (1955) [oLiwhrvkMEU].webm
actor	next video index: 1
actor	seekable: false	duration: 4206721
actor	position	120175
actor	captured	0.006224s
actor	updated	0.006072s
actor	event id: 1000	time 0.0158063s
actor	event id: 2000	time 0.00728226s
actor	event id: 3000	time 0.00796838s
actor	event id: 4000	time 0.01269s
actor	event id: 5000	time 0.0112823s
actor	event id: 6000	time 0.00852666s
actor	event id: 7000	time 0.00670278s
actor	event id: 8000	time 0.00923657s
actor	event id: 9000	time 0.0058995s
actor	event id: 10000	time 0.00992441s
actor	event id: 11000	time 0.00670613s
actor	event id: 12000	time 0.00923488s
actor	event id: 13000	time 0.0152693s
actor	event id: 14000	time 0.00774946s
actor	event id: 15000	time 0.0147566s
actor	event id: 16000	time 0.0155512s
actor	event id: 17000	time 0.0247047s
actor	event id: 18000	time 0.0180764s
actor	event id: 19000	time 0.0112585s
actor	event id: 20000	time 0.0406327s
actor	event id: 21000	time 0.0160567s
actor	event id: 22000	time 0.0150613s
actor	event id: 23000	time 0.00882821s
actor	event id: 24000	time 0.0106602s
actor	event id: 25000	time 0.0142918s
actor	event id: 26000	time 0.00795461s
actor	event id: 27000	time 0.0117967s
actor	event id: 28000	time 0.0264623s
actor	event id: 29000	time 0.0566167s
actor	event id: 30000	time 0.0149309s
actor	event id: 31000	time 0.0102071s
actor	event id: 32000	time 0.00770308s
actor	event id: 33000	time 0.0117359s
actor	event id: 34000	time 0.00943938s
actor	event id: 35000	time 0.00672248s
actor	event id: 36000	time 0.00674109s
actor	event id: 37000	time 0.0113197s
actor	event id: 38000	time 0.0061172s
actor	event id: 39000	time 0.0169521s
actor	event id: 40000	time 0.0064685s
actor	event id: 41000	time 0.0118937s
actor	event id: 42000	time 0.0102213s
actor	event id: 43000	time 0.0126462s
actor	event id: 44000	time 0.0105147s
actor	event id: 45000	time 0.0125484s
actor	event id: 46000	time 0.0110466s
actor	event id: 47000	time 0.0188828s
actor	event id: 48000	time 0.00968377s
actor	event id: 49000	time 0.0178753s
actor	event id: 50000	time 0.00901944s
actor	event id: 51000	time 0.0203052s
actor	event id: 52000	time 0.0111813s
actor	event id: 53000	time 0.0150861s
actor	event id: 54000	time 0.0116687s
actor	source	file:videos/Pickup On South Street 1953 .E ab bn cr cs e f k sp tk [AmgEytYLH7A].webm
actor	next video index: 2
actor	seekable: false	duration: 4835401
actor	event id: 55000	time 0.013121s
actor	event id: 56000	time 0.00637955s
actor	event id: 57000	time 0.00708077s
actor	event id: 58000	time 0.00438415s
actor	event id: 59000	time 0.0100518s
actor	event id: 60000	time 0.00528295s
actor	event id: 61000	time 0.00578602s
actor	event id: 62000	time 0.00699747s
actor	event id: 63000	time 0.00580132s
actor	event id: 64000	time 0.00487108s
actor	event id: 65000	time 0.00938107s
actor	event id: 66000	time 0.00924652s
actor	event id: 67000	time 0.0132688s
actor	event id: 68000	time 0.00609581s
actor	event id: 69000	time 0.00444206s
actor	event id: 70000	time 0.00618935s
actor	event id: 71000	time 0.0109896s
actor	event id: 72000	time 0.00583948s
actor	event id: 73000	time 0.018483s
actor	event id: 74000	time 0.00317606s
actor	event id: 75000	time 0.0299806s
actor	event id: 76000	time 0.00604998s
actor	event id: 77000	time 0.00772682s
actor	event id: 78000	time 0.00508061s
actor	event id: 79000	time 0.00638606s
actor	event id: 80000	time 0.00506337s
actor	event id: 81000	time 0.00668999s
actor	event id: 82000	time 0.00480915s
actor	event id: 83000	time 0.00739203s
actor	event id: 84000	time 0.00523302s
actor	event id: 85000	time 0.0110558s
actor	event id: 86000	time 0.00763668s
actor	event id: 87000	time 0.0111211s
actor	event id: 88000	time 0.00835037s
actor	event id: 89000	time 0.009241s
actor	event id: 90000	time 0.011254s
actor	event id: 91000	time 0.0039469s
actor	event id: 92000	time 0.00536618s
actor	event id: 93000	time 0.0146741s
actor	event id: 94000	time 0.010004s
actor	event id: 95000	time 0.00686305s
actor	event id: 96000	time 0.0148086s
actor	event id: 97000	time 0.00608652s
actor	event id: 98000	time 0.011301s
actor	event id: 99000	time 0.00753061s
actor	event id: 100000	time 0.00799635s
actor	event id: 101000	time 0.00693939s
actor	event id: 102000	time 0.00652937s
actor	event id: 103000	time 0.00471904s
actor	event id: 104000	time 0.00494078s
actor	event id: 105000	time 0.00726637s
actor	event id: 106000	time 0.00669903s
actor	event id: 107000	time 0.00627904s
actor	event id: 108000	time 0.0205416s
actor	event id: 109000	time 0.00635936s
actor	event id: 110000	time 0.00684346s
actor	event id: 111000	time 0.0197984s
actor	event id: 112000	time 0.0117346s
actor	event id: 113000	time 0.00829376s
actor	event id: 114000	time 0.00313824s
actor	event id: 115000	time 0.00913639s
actor	event id: 116000	time 0.00863205s
actor	source	file:videos/Scarlet Street  (1945) Edward G. Robinson [RRLwI2xk__c].webm
actor	next video index: 3
actor	seekable: false	duration: 6100801
actor	event id: 117000	time 0.00678365s
actor	event id: 118000	time 0.0141699s
actor	event id: 119000	time 0.0136957s
actor	event id: 120000	time 0.0246123s
actor	event id: 121000	time 0.0579071s
actor	event id: 122000	time 0.0136237s
actor	event id: 123000	time 0.0160418s
actor	event id: 124000	time 0.00699053s
actor	event id: 125000	time 0.0111612s
actor	event id: 126000	time 0.00969321s
actor	event id: 127000	time 0.00713714s
actor	event id: 128000	time 0.0101325s
actor	event id: 129000	time 0.00593321s
actor	event id: 130000	time 0.00543473s
actor	event id: 131000	time 0.00697086s
actor	event id: 132000	time 0.00720585s
actor	event id: 133000	time 0.0069494s
actor	event id: 134000	time 0.00665993s
actor	event id: 135000	time 0.00767242s
actor	event id: 136000	time 0.00693676s
actor	event id: 137000	time 0.0078046s
actor	event id: 138000	time 0.00571688s
actor	event id: 139000	time 0.00759731s
actor	event id: 140000	time 0.0200237s
actor	event id: 141000	time 0.00735093s
actor	event id: 142000	time 0.00764584s
actor	event id: 143000	time 0.0110532s
actor	event id: 144000	time 0.00603671s
actor	event id: 145000	time 0.0130485s
actor	event id: 146000	time 0.0336174s
actor	event id: 147000	time 0.00813899s
actor	event id: 148000	time 0.00784743s
actor	event id: 149000	time 0.0105739s
actor	event id: 150000	time 0.00657224s
actor	event id: 151000	time 0.007239s
actor	event id: 152000	time 0.00960551s
actor	event id: 153000	time 0.00694227s
actor	event id: 154000	time 0.00961535s
actor	event id: 155000	time 0.0124028s
actor	event id: 156000	time 0.00840099s
actor	event id: 157000	time 0.00765669s
actor	event id: 158000	time 0.00779354s
actor	event id: 159000	time 0.00724528s
actor	event id: 160000	time 0.00813164s
actor	event id: 161000	time 0.0175636s
actor	event id: 162000	time 0.00706826s
actor	event id: 163000	time 0.00635983s
actor	event id: 164000	time 0.0106589s
actor	event id: 165000	time 0.00871503s
actor	event id: 166000	time 0.00754895s
actor	event id: 167000	time 0.00769095s
actor	event id: 168000	time 0.00891577s
actor	event id: 169000	time 0.00797227s
actor	event id: 170000	time 0.00728168s
actor	event id: 171000	time 0.0078681s
actor	event id: 172000	time 0.00609183s
actor	event id: 173000	time 0.00868526s
actor	event id: 174000	time 0.00660184s
actor	event id: 175000	time 0.00595208s
actor	event id: 176000	time 0.00835111s
actor	event id: 177000	time 0.00671798s
actor	event id: 178000	time 0.00978411s
actor	event id: 179000	time 0.039609s
actor	event id: 180000	time 0.0471757s
actor	event id: 181000	time 0.0111006s
actor	event id: 182000	time 0.00631429s
actor	event id: 183000	time 0.00728634s
actor	event id: 184000	time 0.0205086s
actor	event id: 185000	time 0.0105715s
actor	event id: 186000	time 0.011916s
actor	event id: 187000	time 0.00768746s
actor	event id: 188000	time 0.0112148s
actor	event id: 189000	time 0.012705s
actor	event id: 190000	time 0.0227118s
actor	event id: 191000	time 0.0241706s
actor	event id: 192000	time 0.00818407s
actor	event id: 193000	time 0.0245754s
actor	event id: 194000	time 0.0130517s
actor	event id: 195000	time 0.0179648s
actor	source	file:videos/Shield For Murder (1954) [5NGRKhD2A_Y].webm
actor	next video index: 4
actor	seekable: false	duration: 4897761
actor	event id: 196000	time 0.00625314s
actor	event id: 197000	time 0.00618402s
actor	event id: 198000	time 0.00486035s
actor	event id: 199000	time 0.00621062s
actor	event id: 200000	time 0.00420647s
actor	event id: 201000	time 0.00855842s
actor	event id: 202000	time 0.00577539s
actor	event id: 203000	time 0.00758205s
actor	event id: 204000	time 0.00642256s
actor	event id: 205000	time 0.00750881s
actor	event id: 206000	time 0.00637744s
actor	event id: 207000	time 0.00854597s
actor	event id: 208000	time 0.00963909s
actor	event id: 209000	time 0.00701283s
actor	event id: 210000	time 0.00805334s
actor	event id: 211000	time 0.00871165s
actor	event id: 212000	time 0.00569859s
actor	event id: 213000	time 0.00462699s
actor	event id: 214000	time 0.00697411s
actor	event id: 215000	time 0.00555259s
actor	event id: 216000	time 0.00620101s
actor	event id: 217000	time 0.00616505s
actor	event id: 218000	time 0.00733492s
actor	event id: 219000	time 0.00532899s
actor	event id: 220000	time 0.00462874s
actor	event id: 221000	time 0.00450156s
actor	event id: 222000	time 0.0110599s
actor	event id: 223000	time 0.0151537s
actor	event id: 224000	time 0.0108014s
actor	event id: 225000	time 0.0104268s
actor	event id: 226000	time 0.00741387s
actor	event id: 227000	time 0.00712782s
actor	event id: 228000	time 0.00479744s
actor	event id: 229000	time 0.00462421s
actor	event id: 230000	time 0.0111434s
actor	event id: 231000	time 0.00417293s
actor	event id: 232000	time 0.00475341s
actor	event id: 233000	time 0.0121115s
actor	event id: 234000	time 0.00789327s
actor	event id: 235000	time 0.0050227s
actor	event id: 236000	time 0.0153407s
actor	event id: 237000	time 0.00959149s
actor	event id: 238000	time 0.00502599s
actor	event id: 239000	time 0.00753858s
actor	event id: 240000	time 0.0119062s
actor	event id: 241000	time 0.00855083s
actor	event id: 242000	time 0.00446508s
actor	event id: 243000	time 0.00379775s
actor	event id: 244000	time 0.00547668s
actor	event id: 245000	time 0.00990748s
actor	event id: 246000	time 0.00847293s
actor	event id: 247000	time 0.00582136s
actor	event id: 248000	time 0.0086917s
actor	event id: 249000	time 0.010515s
actor	event id: 250000	time 0.00563619s
actor	event id: 251000	time 0.00500779s
actor	event id: 252000	time 0.00625995s
actor	event id: 253000	time 0.00411589s
actor	event id: 254000	time 0.0297103s
actor	event id: 255000	time 0.0350819s
actor	event id: 256000	time 0.0299581s
actor	event id: 257000	time 0.00945548s
actor	event id: 258000	time 0.0129428s
actor	event id: 259000	time 0.00473596s
actor	source	file:videos/Temptation (1946) [A8yruBUND0Y].webm
actor	next video index: 5
actor	seekable: false	duration: 5908401
actor	event id: 260000	time 0.00762223s
actor	event id: 261000	time 0.00726164s
actor	event id: 262000	time 0.00917108s
actor	event id: 263000	time 0.00817786s
actor	event id: 264000	time 0.0131145s
actor	event id: 265000	time 0.00864281s
actor	event id: 266000	time 0.00890673s
actor	event id: 267000	time 0.0088559s
actor	event id: 268000	time 0.012528s
actor	event id: 269000	time 0.00963482s
actor	event id: 270000	time 0.0080739s
actor	event id: 271000	time 0.00701143s
actor	event id: 272000	time 0.0104415s
actor	event id: 273000	time 0.00889129s
actor	event id: 274000	time 0.00829126s
actor	event id: 275000	time 0.0159142s
actor	event id: 276000	time 0.0100721s
actor	event id: 277000	time 0.00868058s
actor	event id: 278000	time 0.0104579s
actor	event id: 279000	time 0.00912702s
actor	event id: 280000	time 0.00801076s
actor	event id: 281000	time 0.00802879s
actor	event id: 282000	time 0.0157577s
actor	event id: 283000	time 0.0200479s
actor	event id: 284000	time 0.00770326s
actor	event id: 285000	time 0.00821794s
actor	event id: 286000	time 0.00831662s
actor	event id: 287000	time 0.00919753s
actor	event id: 288000	time 0.0109547s
actor	event id: 289000	time 0.0108528s
actor	event id: 290000	time 0.00758647s
actor	event id: 291000	time 0.00641306s
actor	event id: 292000	time 0.00874312s
actor	event id: 293000	time 0.00870305s
actor	event id: 294000	time 0.063386s
actor	event id: 295000	time 0.00623943s
actor	event id: 296000	time 0.00844326s
actor	event id: 297000	time 0.00924117s
actor	event id: 298000	time 0.00718874s
actor	event id: 299000	time 0.00766163s
actor	event id: 300000	time 0.0097983s
actor	event id: 301000	time 0.00979857s
actor	event id: 302000	time 0.00811582s
actor	event id: 303000	time 0.00659875s
actor	event id: 304000	time 0.0052918s
actor	event id: 305000	time 0.00603619s
actor	event id: 306000	time 0.00662992s
actor	event id: 307000	time 0.0104426s
actor	event id: 308000	time 0.00704127s
actor	event id: 309000	time 0.0100444s
actor	event id: 310000	time 0.0607549s
actor	event id: 311000	time 0.0072232s
actor	event id: 312000	time 0.0121392s
actor	event id: 313000	time 0.00712504s
actor	event id: 314000	time 0.00734075s
actor	event id: 315000	time 0.00815861s
actor	event id: 316000	time 0.0062599s
actor	event id: 317000	time 0.00707095s
actor	event id: 318000	time 0.010317s
actor	event id: 319000	time 0.00945449s
actor	event id: 320000	time 0.00775801s
actor	event id: 321000	time 0.00706866s
actor	event id: 322000	time 0.0103059s
actor	event id: 323000	time 0.00843483s
actor	event id: 324000	time 0.0203076s
actor	event id: 325000	time 0.0106561s
actor	event id: 326000	time 0.00809734s
actor	event id: 327000	time 0.0138041s
actor	event id: 328000	time 0.0109481s
actor	event id: 329000	time 0.00892068s
actor	event id: 330000	time 0.0490762s
actor	event id: 331000	time 0.00892776s
actor	event id: 332000	time 0.0138418s
actor	event id: 333000	time 0.00836835s
actor	event id: 334000	time 0.0111273s
actor	event id: 335000	time 0.00900603s
actor	source	file:videos/The Alfred Hitchcock Hour - 'One of the Family' (1965) Lilia Skala, Kathryn Hays, Jeremy Slate [sMCedRBOYbQ].webm
actor	next video index: 6
actor	seekable: false	duration: 2906021
actor	event id: 336000	time 0.00390644s
actor	event id: 337000	time 0.00580316s
actor	event id: 338000	time 0.0071908s
actor	event id: 339000	time 0.0216247s
actor	event id: 340000	time 0.00710538s
actor	event id: 341000	time 0.00576303s
actor	event id: 342000	time 0.0047538s
actor	event id: 343000	time 0.00684772s
actor	event id: 344000	time 0.00631666s
actor	event id: 345000	time 0.00703462s
actor	event id: 346000	time 0.00654076s
actor	event id: 347000	time 0.00725547s
actor	event id: 348000	time 0.017875s
actor	event id: 349000	time 0.0073729s
actor	event id: 350000	time 0.00740718s
actor	event id: 351000	time 0.00518687s
actor	event id: 352000	time 0.00745319s
actor	event id: 353000	time 0.00502743s
actor	event id: 354000	time 0.00580225s
actor	event id: 355000	time 0.0068439s
actor	event id: 356000	time 0.00554114s
actor	event id: 357000	time 0.0286128s
actor	event id: 358000	time 0.0118715s
actor	event id: 359000	time 0.00383712s
actor	event id: 360000	time 0.00453986s
actor	event id: 361000	time 0.00636754s
actor	event id: 362000	time 0.00819765s
actor	event id: 363000	time 0.00598334s
actor	event id: 364000	time 0.00455609s
actor	event id: 365000	time 0.00751412s
actor	event id: 366000	time 0.00857033s
actor	event id: 367000	time 0.00853973s
actor	event id: 368000	time 0.00492293s
actor	event id: 369000	time 0.00834616s
actor	event id: 370000	time 0.00484856s
actor	event id: 371000	time 0.0107216s
actor	event id: 372000	time 0.00511397s
actor	source	file:videos/THE ALFRED HITCHCOCK HOUR - 'WHAT REALLY HAPPENED' Anne Francis Guest Stars 1-11-1963. [YT PREMIER]. [kdIQAXvSr4Q].webm
actor	next video index: 7
actor	seekable: false	duration: 3058521
actor	event id: 373000	time 0.030203s
actor	event id: 374000	time 0.00554328s
actor	event id: 375000	time 0.00338342s
actor	event id: 376000	time 0.00397181s
actor	event id: 377000	time 0.00399472s
actor	event id: 378000	time 0.00407018s
actor	event id: 379000	time 0.00401312s
actor	event id: 380000	time 0.00463111s
actor	event id: 381000	time 0.00492238s
actor	event id: 382000	time 0.00653776s
actor	event id: 383000	time 0.00434294s
actor	event id: 384000	time 0.00690481s
actor	event id: 385000	time 0.00402571s
actor	event id: 386000	time 0.00612632s
actor	event id: 387000	time 0.00604799s
actor	event id: 388000	time 0.00598247s
actor	event id: 389000	time 0.0056431s
actor	event id: 390000	time 0.00525723s
actor	event id: 391000	time 0.00665852s
actor	event id: 392000	time 0.00384209s
actor	event id: 393000	time 0.0041494s
actor	event id: 394000	time 0.00519688s
actor	event id: 395000	time 0.00614332s
actor	event id: 396000	time 0.0065847s
actor	event id: 397000	time 0.00520792s
actor	event id: 398000	time 0.00372816s
actor	event id: 399000	time 0.00486601s
actor	event id: 400000	time 0.00593686s
actor	event id: 401000	time 0.00513976s
actor	event id: 402000	time 0.00435845s
actor	event id: 403000	time 0.00765589s
actor	event id: 404000	time 0.00347013s
actor	event id: 405000	time 0.00349587s
actor	event id: 406000	time 0.0114439s
actor	event id: 407000	time 0.00591043s
actor	event id: 408000	time 0.00348246s
actor	event id: 409000	time 0.0055311s
actor	event id: 410000	time 0.0106272s
actor	event id: 411000	time 0.00735254s
actor	source	file:videos/The Flame (1947) [-89gDgAed7k].webm
actor	next video index: 8
actor	seekable: false	duration: 5801721
actor	event id: 412000	time 0.0115107s
actor	event id: 413000	time 0.027005s
actor	event id: 414000	time 0.0178105s
actor	event id: 415000	time 0.0144737s
actor	event id: 416000	time 0.0556398s
actor	event id: 417000	time 0.0102962s
actor	event id: 418000	time 0.0082092s
actor	event id: 419000	time 0.0118604s
actor	event id: 420000	time 0.0110455s
actor	event id: 421000	time 0.0520177s
actor	event id: 422000	time 0.0115471s
actor	event id: 423000	time 0.0256072s
actor	event id: 424000	time 0.0123439s
actor	event id: 425000	time 0.0219482s
actor	event id: 426000	time 0.0156123s
actor	event id: 427000	time 0.0121997s
actor	event id: 428000	time 0.0104589s
actor	event id: 429000	time 0.00893665s
actor	event id: 430000	time 0.0121941s
actor	event id: 431000	time 0.0082976s
actor	event id: 432000	time 0.0100469s
actor	event id: 433000	time 0.00716309s
actor	event id: 434000	time 0.00823703s
actor	event id: 435000	time 0.00876724s
actor	event id: 436000	time 0.012867s
actor	event id: 437000	time 0.0120347s
actor	event id: 438000	time 0.00873263s
actor	event id: 439000	time 0.0178923s
actor	event id: 440000	time 0.0101631s
actor	event id: 441000	time 0.0452513s
actor	event id: 442000	time 0.0529403s
actor	event id: 443000	time 0.00737976s
actor	event id: 444000	time 0.0117633s
actor	event id: 445000	time 0.0127638s
actor	event id: 446000	time 0.00651383s
actor	event id: 447000	time 0.0126359s
actor	event id: 448000	time 0.0112301s
actor	event id: 449000	time 0.0109614s
actor	event id: 450000	time 0.00802471s
actor	event id: 451000	time 0.00910244s
actor	event id: 452000	time 0.00815317s
actor	event id: 453000	time 0.050991s
actor	event id: 454000	time 0.00911165s
actor	event id: 455000	time 0.054966s
actor	event id: 456000	time 0.0127254s
actor	event id: 457000	time 0.00775467s
actor	event id: 458000	time 0.008398s
actor	event id: 459000	time 0.0080556s
actor	event id: 460000	time 0.0123268s
actor	event id: 461000	time 0.00652476s
actor	event id: 462000	time 0.020718s
actor	event id: 463000	time 0.00722854s
actor	event id: 464000	time 0.00814067s
actor	event id: 465000	time 0.0089265s
actor	event id: 466000	time 0.0108345s
actor	event id: 467000	time 0.0066925s
actor	event id: 468000	time 0.00764193s
actor	event id: 469000	time 0.00916956s
actor	event id: 470000	time 0.00939045s
actor	event id: 471000	time 0.00673596s
actor	event id: 472000	time 0.00774803s
actor	event id: 473000	time 0.0128213s
actor	event id: 474000	time 0.0143676s
actor	event id: 475000	time 0.015922s
actor	event id: 476000	time 0.0113329s
actor	event id: 477000	time 0.0169001s
actor	event id: 478000	time 0.0146874s
actor	event id: 479000	time 0.0458728s
actor	event id: 480000	time 0.0327952s
actor	event id: 481000	time 0.042917s
actor	event id: 482000	time 0.0145668s
actor	event id: 483000	time 0.0109183s
actor	event id: 484000	time 0.0123014s
actor	event id: 485000	time 0.0160379s
actor	event id: 486000	time 0.011979s
actor	source	file:videos/The Stranger (1946)  Edward G. Robinson [yGShhuuuiJ0].webm
actor	next video index: 9
actor	seekable: false	duration: 5680561
actor	event id: 487000	time 0.0123929s
actor	event id: 488000	time 0.00580163s
actor	event id: 489000	time 0.0120775s
actor	event id: 490000	time 0.00623023s
actor	event id: 491000	time 0.00436617s
actor	event id: 492000	time 0.00416331s
actor	event id: 493000	time 0.00451993s
actor	event id: 494000	time 0.00535591s
actor	event id: 495000	time 0.00696437s
actor	event id: 496000	time 0.00446694s
actor	event id: 497000	time 0.00591189s
actor	event id: 498000	time 0.00734315s
actor	event id: 499000	time 0.00408801s
actor	event id: 500000	time 0.00442285s
actor	event id: 501000	time 0.00520771s
actor	event id: 502000	time 0.00284352s
actor	event id: 503000	time 0.0036843s
actor	event id: 504000	time 0.00490534s
actor	event id: 505000	time 0.0175588s
actor	event id: 506000	time 0.00678845s
actor	event id: 507000	time 0.00473316s
actor	event id: 508000	time 0.00419792s
actor	event id: 509000	time 0.00598886s
actor	event id: 510000	time 0.00549248s
actor	event id: 511000	time 0.00480349s
actor	event id: 512000	time 0.0131632s
actor	event id: 513000	time 0.00872581s
actor	event id: 514000	time 0.00487506s
actor	event id: 515000	time 0.00478964s
actor	event id: 516000	time 0.00386197s
actor	event id: 517000	time 0.00686934s
actor	event id: 518000	time 0.00505791s
actor	event id: 519000	time 0.00347083s
actor	event id: 520000	time 0.00639875s
actor	event id: 521000	time 0.00355903s
actor	event id: 522000	time 0.00702289s
actor	event id: 523000	time 0.0113576s
actor	event id: 524000	time 0.00363835s
actor	event id: 525000	time 0.00437846s
actor	event id: 526000	time 0.00517244s
actor	event id: 527000	time 0.00838931s
actor	event id: 528000	time 0.00622975s
actor	event id: 529000	time 0.00711474s
actor	event id: 530000	time 0.00707658s
actor	event id: 531000	time 0.00376372s
actor	event id: 532000	time 0.00449267s
actor	event id: 533000	time 0.00727384s
actor	event id: 534000	time 0.00540983s
actor	event id: 535000	time 0.00613343s
actor	event id: 536000	time 0.00426792s
actor	event id: 537000	time 0.00957795s
actor	event id: 538000	time 0.00927188s
actor	event id: 539000	time 0.0145988s
actor	event id: 540000	time 0.0173341s
actor	event id: 541000	time 0.00683787s
actor	event id: 542000	time 0.0052461s
actor	event id: 543000	time 0.00375142s
actor	event id: 544000	time 0.00454516s
actor	event id: 545000	time 0.0157413s
actor	event id: 546000	time 0.00357766s
actor	event id: 547000	time 0.00419996s
actor	event id: 548000	time 0.00382157s
actor	event id: 549000	time 0.00530549s
actor	event id: 550000	time 0.00321308s
actor	event id: 551000	time 0.00531359s
actor	event id: 552000	time 0.00429039s
actor	event id: 553000	time 0.00556441s
actor	event id: 554000	time 0.00883198s
actor	event id: 555000	time 0.00569553s
actor	event id: 556000	time 0.00863807s
actor	event id: 557000	time 0.019596s
actor	event id: 558000	time 0.0179268s
actor	event id: 559000	time 0.0114318s
actor	event id: 560000	time 0.00483121s
actor	source	file:videos/The Strange Woman (1946) HEDY LAMARR [Z4t4io4OoDE].webm
actor	next video index: 10
actor	seekable: false	duration: 5918201
actor	event id: 561000	time 0.00355986s
actor	event id: 562000	time 0.00297087s
actor	event id: 563000	time 0.00436053s
actor	event id: 564000	time 0.00622232s
actor	event id: 565000	time 0.0036113s
actor	event id: 566000	time 0.00470394s
actor	event id: 567000	time 0.00656676s
actor	event id: 568000	time 0.0320541s
actor	event id: 569000	time 0.0119211s
actor	event id: 570000	time 0.0310314s
actor	event id: 571000	time 0.016832s
actor	event id: 572000	time 0.00590091s
actor	event id: 573000	time 0.00913159s
actor	event id: 574000	time 0.00484872s
actor	event id: 575000	time 0.00563492s
actor	event id: 576000	time 0.00421135s
actor	event id: 577000	time 0.00735049s
actor	event id: 578000	time 0.00532755s
actor	event id: 579000	time 0.00584405s
actor	event id: 580000	time 0.00465805s
actor	event id: 581000	time 0.0071689s
actor	event id: 582000	time 0.0298212s
actor	event id: 583000	time 0.0325482s
actor	event id: 584000	time 0.00425864s
actor	event id: 585000	time 0.00452447s
actor	event id: 586000	time 0.00949863s
actor	event id: 587000	time 0.0291351s
actor	event id: 588000	time 0.0075379s
actor	event id: 589000	time 0.00785825s
actor	event id: 590000	time 0.0319531s
actor	event id: 591000	time 0.0141804s
actor	event id: 592000	time 0.0321979s
actor	event id: 593000	time 0.00959897s
actor	event id: 594000	time 0.00948132s
actor	event id: 595000	time 0.0105796s
actor	event id: 596000	time 0.0314377s
actor	event id: 597000	time 0.00850666s
actor	event id: 598000	time 0.00700038s
actor	event id: 599000	time 0.0128543s
actor	event id: 600000	time 0.00541202s
actor	event id: 601000	time 0.00566651s
actor	event id: 602000	time 0.0217778s
actor	event id: 603000	time 0.0324682s
actor	event id: 604000	time 0.00780701s
actor	event id: 605000	time 0.00578012s
actor	event id: 606000	time 0.00361939s
actor	event id: 607000	time 0.00957634s
actor	event id: 608000	time 0.0139214s
actor	event id: 609000	time 0.0267803s
actor	event id: 610000	time 0.00881279s
actor	event id: 611000	time 0.0313238s
actor	event id: 612000	time 0.0122149s
actor	event id: 613000	time 0.0200958s
actor	event id: 614000	time 0.0206368s
actor	event id: 615000	time 0.0313069s
actor	event id: 616000	time 0.0318248s
actor	event id: 617000	time 0.0318197s
actor	event id: 618000	time 0.0306515s
actor	event id: 619000	time 0.00496465s
actor	event id: 620000	time 0.006322s
actor	event id: 621000	time 0.00432529s
actor	event id: 622000	time 0.00426119s
actor	event id: 623000	time 0.00519805s
actor	event id: 624000	time 0.010645s
actor	event id: 625000	time 0.0054083s
actor	event id: 626000	time 0.00652098s
actor	event id: 627000	time 0.00533692s
actor	event id: 628000	time 0.00632771s
actor	event id: 629000	time 0.0152983s
actor	event id: 630000	time 0.00989393s
actor	event id: 631000	time 0.00699996s
actor	event id: 632000	time 0.00804292s
actor	event id: 633000	time 0.00919552s
actor	event id: 634000	time 0.00484958s
actor	event id: 635000	time 0.00530492s
actor	event id: 636000	time 0.00406472s
actor	event id: 637000	time 0.00339238s
actor	source	file:videos/THE WALKING TARGET (1960) Film noir full movie [0kYozWp2Ncw].webm
actor	next video index: 11
actor	seekable: false	duration: 4448081
actor	event id: 638000	time 0.0111384s
actor	event id: 639000	time 0.00912544s
actor	event id: 640000	time 0.0124275s
actor	event id: 641000	time 0.00847665s
actor	event id: 642000	time 0.0125004s
actor	event id: 643000	time 0.0104687s
actor	event id: 644000	time 0.011026s
actor	event id: 645000	time 0.010619s
actor	event id: 646000	time 0.0124797s
actor	event id: 647000	time 0.0185378s
actor	event id: 648000	time 0.0315286s
actor	event id: 649000	time 0.0118168s
actor	event id: 650000	time 0.0134369s
actor	event id: 651000	time 0.0370215s
actor	event id: 652000	time 0.0139946s
actor	event id: 653000	time 0.0108587s
actor	event id: 654000	time 0.0433008s
actor	event id: 655000	time 0.0121289s
actor	event id: 656000	time 0.042623s
actor	event id: 657000	time 0.0147743s
actor	event id: 658000	time 0.0123402s
actor	event id: 659000	time 0.0165597s
actor	event id: 660000	time 0.0111706s
actor	event id: 661000	time 0.0295421s
actor	event id: 662000	time 0.0177992s
actor	event id: 663000	time 0.0208834s
actor	event id: 664000	time 0.0241219s
actor	event id: 665000	time 0.0575608s
actor	event id: 666000	time 0.018287s
actor	event id: 667000	time 0.0130941s
actor	event id: 668000	time 0.0305383s
actor	event id: 669000	time 0.0137097s
actor	event id: 670000	time 0.0213677s
actor	event id: 671000	time 0.0535732s
actor	event id: 672000	time 0.0197772s
actor	event id: 673000	time 0.0170352s
actor	event id: 674000	time 0.0387258s
actor	event id: 675000	time 0.0158631s
actor	event id: 676000	time 0.0600076s
actor	event id: 677000	time 0.0317607s
actor	event id: 678000	time 0.0148864s
actor	event id: 679000	time 0.0468625s
actor	event id: 680000	time 0.0417538s
actor	event id: 681000	time 0.0594827s
actor	event id: 682000	time 0.0337898s
actor	event id: 683000	time 0.0217301s
actor	event id: 684000	time 0.0145288s
actor	event id: 685000	time 0.0103328s
actor	event id: 686000	time 0.0175145s
actor	event id: 687000	time 0.0248302s
actor	event id: 688000	time 0.0599428s
actor	event id: 689000	time 0.059332s
actor	event id: 690000	time 0.0591333s
actor	event id: 691000	time 0.023495s
actor	event id: 692000	time 0.0249386s
actor	event id: 693000	time 0.0237323s
actor	event id: 694000	time 0.026463s
actor	source	file:videos/The Woman In The Window 1944 [wOQeqcPocsQ].webm
actor	next video index: 12
actor	seekable: false	duration: 5960101
actor	event id: 695000	time 0.00601508s
actor	event id: 696000	time 0.00528241s
actor	event id: 697000	time 0.00509324s
actor	event id: 698000	time 0.00938164s
actor	event id: 699000	time 0.00818183s
actor	event id: 700000	time 0.00670161s
actor	event id: 701000	time 0.0211531s
actor	event id: 702000	time 0.00625542s
actor	event id: 703000	time 0.00496934s
actor	event id: 704000	time 0.00690148s
actor	event id: 705000	time 0.00566393s
actor	event id: 706000	time 0.00384972s
actor	event id: 707000	time 0.00558917s
actor	event id: 708000	time 0.00449692s
actor	event id: 709000	time 0.00618135s
actor	event id: 710000	time 0.00738371s
actor	event id: 711000	time 0.00805617s
actor	event id: 712000	time 0.00503942s
actor	event id: 713000	time 0.00661573s
actor	event id: 714000	time 0.0139772s
actor	event id: 715000	time 0.0115575s
actor	event id: 716000	time 0.0269171s
actor	event id: 717000	time 0.00439644s
actor	event id: 718000	time 0.00449831s
actor	event id: 719000	time 0.0310081s
actor	event id: 720000	time 0.032956s
actor	event id: 721000	time 0.017085s
actor	event id: 722000	time 0.00618744s
actor	event id: 723000	time 0.0332957s
actor	event id: 724000	time 0.0142616s
actor	event id: 725000	time 0.0321718s
actor	event id: 726000	time 0.0084552s
actor	event id: 727000	time 0.00326825s
actor	event id: 728000	time 0.0052347s
actor	event id: 729000	time 0.00394677s
actor	event id: 730000	time 0.00420804s
actor	event id: 731000	time 0.0119872s
actor	event id: 732000	time 0.00376534s
actor	event id: 733000	time 0.00550097s
actor	event id: 734000	time 0.00510013s
actor	event id: 735000	time 0.00728392s
actor	event id: 736000	time 0.00558242s
actor	event id: 737000	time 0.00510649s
actor	event id: 738000	time 0.00487368s
actor	event id: 739000	time 0.0145132s
actor	event id: 740000	time 0.00587244s
actor	event id: 741000	time 0.00680425s
actor	event id: 742000	time 0.00642222s
actor	event id: 743000	time 0.0046489s
actor	event id: 744000	time 0.00337161s
actor	event id: 745000	time 0.00766742s
actor	event id: 746000	time 0.00544993s
actor	event id: 747000	time 0.00677617s
actor	event id: 748000	time 0.00633286s
actor	event id: 749000	time 0.00533007s
actor	event id: 750000	time 0.00327746s
actor	event id: 751000	time 0.00559853s
actor	event id: 752000	time 0.0175546s
actor	event id: 753000	time 0.00398867s
actor	event id: 754000	time 0.00636548s
actor	event id: 755000	time 0.0083699s
actor	event id: 756000	time 0.00696425s
actor	event id: 757000	time 0.00989453s
actor	event id: 758000	time 0.00537117s
actor	event id: 759000	time 0.00559993s
actor	event id: 760000	time 0.00661987s
actor	event id: 761000	time 0.00620445s
actor	event id: 762000	time 0.00559063s
actor	event id: 763000	time 0.0048873s
actor	event id: 764000	time 0.00611625s
actor	event id: 765000	time 0.00651624s
actor	event id: 766000	time 0.00740414s
actor	event id: 767000	time 0.00696643s
actor	event id: 768000	time 0.0307812s
actor	event id: 769000	time 0.00732034s
actor	event id: 770000	time 0.00891702s
actor	event id: 771000	time 0.0087553s
actor	event id: 772000	time 0.0203427s
actor	source	file:videos/Abandoned 1949 Dennis O'Keefe, Gale Storm & Jeff Chandler [AUX3SdneQuU].webm
actor	next video index: 13
actor	seekable: false	duration: 4742781
actor	event id: 773000	time 0.0081066s
actor	event id: 774000	time 0.0094064s
actor	event id: 775000	time 0.0557028s
actor	event id: 776000	time 0.0102259s
actor	event id: 777000	time 0.0140592s
actor	event id: 778000	time 0.009043s
actor	event id: 779000	time 0.0560954s
actor	event id: 780000	time 0.00965014s
actor	event id: 781000	time 0.0095968s
actor	event id: 782000	time 0.0108499s
actor	event id: 783000	time 0.0113618s
actor	event id: 784000	time 0.00791472s
actor	event id: 785000	time 0.00624934s
actor	event id: 786000	time 0.00758633s
actor	event id: 787000	time 0.014474s
actor	event id: 788000	time 0.00679969s
actor	event id: 789000	time 0.00768597s
actor	event id: 790000	time 0.00851772s
actor	event id: 791000	time 0.011061s
actor	event id: 792000	time 0.00915634s
actor	event id: 793000	time 0.0102977s
actor	event id: 794000	time 0.00744044s
actor	event id: 795000	time 0.00833879s
actor	event id: 796000	time 0.00656615s
actor	event id: 797000	time 0.00651775s
actor	event id: 798000	time 0.00762294s
actor	event id: 799000	time 0.00852861s
actor	event id: 800000	time 0.00905073s
actor	event id: 801000	time 0.0103798s
actor	event id: 802000	time 0.0067332s
actor	event id: 803000	time 0.0105056s
actor	event id: 804000	time 0.0361962s
actor	event id: 805000	time 0.00875593s
actor	event id: 806000	time 0.0123284s
actor	event id: 807000	time 0.0146809s
actor	event id: 808000	time 0.0573239s
actor	event id: 809000	time 0.0273854s
actor	event id: 810000	time 0.00962786s
actor	event id: 811000	time 0.0132064s
actor	event id: 812000	time 0.00891257s
actor	event id: 813000	time 0.00995448s
actor	event id: 814000	time 0.0103235s
actor	event id: 815000	time 0.0308151s
actor	event id: 816000	time 0.007888s
actor	event id: 817000	time 0.0176384s
actor	event id: 818000	time 0.0120617s
actor	event id: 819000	time 0.010635s
actor	event id: 820000	time 0.0170571s
actor	event id: 821000	time 0.0154199s
actor	event id: 822000	time 0.011888s
actor	event id: 823000	time 0.0103852s
actor	event id: 824000	time 0.00855904s
actor	event id: 825000	time 0.0125915s
actor	event id: 826000	time 0.00798795s
actor	event id: 827000	time 0.00976203s
actor	event id: 828000	time 0.0491916s
actor	event id: 829000	time 0.0544345s
actor	event id: 830000	time 0.0176079s
actor	event id: 831000	time 0.0222238s
actor	event id: 832000	time 0.028598s
actor	event id: 833000	time 0.0088476s
actor	source	file:videos/A Double Life 1947 Ronald Colman & Signe Hasso [B7FEc_7IWE0].webm
actor	next video index: 14
actor	seekable: false	duration: 6287381
actor	event id: 834000	time 0.00859065s
actor	event id: 835000	time 0.00582881s
actor	event id: 836000	time 0.0129606s
actor	event id: 837000	time 0.00790228s
actor	event id: 838000	time 0.00903243s
actor	event id: 839000	time 0.0107811s
actor	event id: 840000	time 0.0610444s
actor	event id: 841000	time 0.0086401s
actor	event id: 842000	time 0.00798797s
actor	event id: 843000	time 0.00759754s
actor	event id: 844000	time 0.00854109s
actor	event id: 845000	time 0.0177848s
actor	event id: 846000	time 0.0516165s
actor	event id: 847000	time 0.00852559s
actor	event id: 848000	time 0.00644388s
actor	event id: 849000	time 0.0126568s
actor	event id: 850000	time 0.0111653s
actor	event id: 851000	time 0.0100817s
actor	event id: 852000	time 0.0104481s
actor	event id: 853000	time 0.0095594s
actor	event id: 854000	time 0.012664s
actor	event id: 855000	time 0.00896944s
actor	event id: 856000	time 0.0116312s
actor	event id: 857000	time 0.0066667s
actor	event id: 858000	time 0.00725953s
actor	event id: 859000	time 0.0087649s
actor	event id: 860000	time 0.00636524s
actor	event id: 861000	time 0.0225734s
actor	event id: 862000	time 0.00829622s
actor	event id: 863000	time 0.00984942s
actor	event id: 864000	time 0.00754658s
actor	event id: 865000	time 0.0501238s
actor	event id: 866000	time 0.0194077s
actor	event id: 867000	time 0.0103644s
actor	event id: 868000	time 0.014291s
actor	event id: 869000	time 0.00743138s
actor	event id: 870000	time 0.0565295s
actor	event id: 871000	time 0.0143542s
actor	event id: 872000	time 0.0164076s
actor	event id: 873000	time 0.00586147s
actor	event id: 874000	time 0.00787266s
actor	event id: 875000	time 0.00992925s
actor	event id: 876000	time 0.0109298s
actor	event id: 877000	time 0.00966625s
actor	event id: 878000	time 0.0126145s
actor	event id: 879000	time 0.035529s
actor	event id: 880000	time 0.0566841s
actor	event id: 881000	time 0.0528662s
actor	event id: 882000	time 0.0556693s
actor	event id: 883000	time 0.0341568s
actor	event id: 884000	time 0.0558013s
actor	event id: 885000	time 0.0113041s
actor	event id: 886000	time 0.011027s
actor	event id: 887000	time 0.0197825s
actor	event id: 888000	time 0.00912152s
actor	event id: 889000	time 0.007306s
actor	event id: 890000	time 0.00570578s
actor	event id: 891000	time 0.00689847s
actor	event id: 892000	time 0.0076496s
actor	event id: 893000	time 0.00990231s
actor	event id: 894000	time 0.0076653s
actor	event id: 895000	time 0.0102263s
actor	event id: 896000	time 0.0107435s
actor	event id: 897000	time 0.00803377s
actor	event id: 898000	time 0.00664274s
actor	event id: 899000	time 0.0115863s
actor	event id: 900000	time 0.00851715s
actor	event id: 901000	time 0.00810333s
actor	event id: 902000	time 0.00755314s
actor	event id: 903000	time 0.00763003s
actor	event id: 904000	time 0.00832648s
actor	event id: 905000	time 0.00993845s
actor	event id: 906000	time 0.00776059s
actor	event id: 907000	time 0.00842479s
actor	event id: 908000	time 0.00956344s
actor	event id: 909000	time 0.00584836s
actor	event id: 910000	time 0.00627509s
actor	event id: 911000	time 0.013677s
actor	event id: 912000	time 0.00842376s
actor	event id: 913000	time 0.0118792s
actor	event id: 914000	time 0.0104591s
actor	event id: 915000	time 0.00571408s
actor	source	file:videos/ALFRED HITCHCOCK PRESENTS - 'A SECRET LIFE' Ron Howard, Mary Murphy Guest Stars. 5-31-1961. (PREMIER) [EtpCL7caETc].webm
actor	next video index: 15
actor	seekable: false	duration: 1417601
actor	event id: 916000	time 0.0039386s
actor	event id: 917000	time 0.00464625s
actor	event id: 918000	time 0.00500008s
actor	event id: 919000	time 0.00447526s
actor	event id: 920000	time 0.00435322s
actor	event id: 921000	time 0.00504182s
actor	event id: 922000	time 0.00446836s
actor	event id: 923000	time 0.00499872s
actor	event id: 924000	time 0.00492074s
actor	event id: 925000	time 0.00524974s
actor	event id: 926000	time 0.00564907s
actor	event id: 927000	time 0.00474586s
actor	event id: 928000	time 0.00476577s
actor	event id: 929000	time 0.00413183s
actor	event id: 930000	time 0.00410108s
actor	event id: 931000	time 0.00399687s
actor	event id: 932000	time 0.0211415s
actor	source	file:videos/All My Sons 1948 Edward G. Robinson & Burt Lancaster [AjCb0euLJzU].webm
actor	next video index: 16
actor	seekable: false	duration: 5640161
actor	event id: 933000	time 0.0138567s
actor	event id: 934000	time 0.0141204s
actor	event id: 935000	time 0.0246271s
actor	event id: 936000	time 0.00699109s
actor	event id: 937000	time 0.0121059s
actor	event id: 938000	time 0.00826046s
actor	event id: 939000	time 0.00738405s
actor	event id: 940000	time 0.0126464s
actor	event id: 941000	time 0.00742886s
actor	event id: 942000	time 0.00764423s
actor	event id: 943000	time 0.00632325s
actor	event id: 944000	time 0.00798456s
actor	event id: 945000	time 0.00831004s
actor	event id: 946000	time 0.0098283s
actor	event id: 947000	time 0.0110601s
actor	event id: 948000	time 0.00952496s
actor	event id: 949000	time 0.011262s
actor	event id: 950000	time 0.0186738s
actor	event id: 951000	time 0.0152199s
actor	event id: 952000	time 0.0315317s
actor	event id: 953000	time 0.015927s
actor	event id: 954000	time 0.057974s
actor	event id: 955000	time 0.0372385s
actor	event id: 956000	time 0.0161443s
actor	event id: 957000	time 0.0126778s
actor	event id: 958000	time 0.0179649s
actor	event id: 959000	time 0.0107668s
actor	event id: 960000	time 0.026483s
actor	event id: 961000	time 0.0136689s
actor	event id: 962000	time 0.00903882s
actor	event id: 963000	time 0.006849s
actor	event id: 964000	time 0.00606277s
actor	event id: 965000	time 0.0098815s
actor	event id: 966000	time 0.00877354s
actor	event id: 967000	time 0.00607288s
actor	event id: 968000	time 0.0075913s
actor	event id: 969000	time 0.00787703s
actor	event id: 970000	time 0.00887427s
actor	event id: 971000	time 0.0139397s
actor	event id: 972000	time 0.00765061s
actor	event id: 973000	time 0.0160644s
actor	event id: 974000	time 0.0141749s
actor	event id: 975000	time 0.0104985s
actor	event id: 976000	time 0.0213515s
actor	event id: 977000	time 0.0113308s
actor	event id: 978000	time 0.0143104s
actor	event id: 979000	time 0.0130452s
actor	event id: 980000	time 0.0171316s
actor	event id: 981000	time 0.0195414s
actor	event id: 982000	time 0.0395281s
actor	event id: 983000	time 0.00919577s
actor	event id: 984000	time 0.0198255s
actor	event id: 985000	time 0.0361078s
actor	event id: 986000	time 0.0122713s
actor	event id: 987000	time 0.0102699s
actor	event id: 988000	time 0.0172728s
actor	event id: 989000	time 0.0452292s
actor	event id: 990000	time 0.0347918s
actor	event id: 991000	time 0.0343615s
actor	event id: 992000	time 0.0244433s
actor	event id: 993000	time 0.019451s
actor	event id: 994000	time 0.0218496s
actor	event id: 995000	time 0.0120987s
actor	event id: 996000	time 0.0100847s
actor	event id: 997000	time 0.00736965s
actor	event id: 998000	time 0.0103532s
actor	event id: 999000	time 0.03904s
actor	event id: 1000000	time 0.0389997s
actor	status: quitting
actor	dumping
actor	status: finished
